2025-03-22 00:07:06,669 INFO [http-nio-8080-exec-3] es.proyecto.app.controller.AuthController: Attempting to register user with email: jorge@example.com
2025-03-22 00:07:06,784 ERROR [http-nio-8080-exec-3] es.proyecto.app.controller.AuthController: Email already in use: jorge@example.com
2025-03-22 00:11:26,261 INFO [restartedMain] org.springframework.boot.StartupInfoLogger: Starting AppApplication using Java 17.0.13 with PID 19160 (C:\Users\Spekt\Desktop\DAW\proyecto\app\target\classes started by Spekt in C:\Users\Spekt\Desktop\DAW\proyecto\app)
2025-03-22 00:11:26,270 INFO [restartedMain] org.springframework.boot.SpringApplication: No active profile set, falling back to 1 default profile: "default"
2025-03-22 00:11:37,267 WARN [restartedMain] org.springframework.boot.autoconfigure.orm.jpa.JpaBaseConfiguration$JpaWebConfiguration: spring.jpa.open-in-view is enabled by default. Therefore, database queries may be performed during view rendering. Explicitly configure spring.jpa.open-in-view to disable this warning
2025-03-22 00:11:37,308 WARN [restartedMain] org.springframework.boot.autoconfigure.security.servlet.UserDetailsServiceAutoConfiguration: 

Using generated security password: 7a5cfa40-0fd6-4dcd-9f06-bf6ae9b2e37b

This generated password is for development use only. Your security configuration must be updated before running your application in production.

2025-03-22 00:11:38,983 INFO [restartedMain] org.springframework.boot.StartupInfoLogger: Started AppApplication in 13.579 seconds (process running for 15.014)
2025-03-22 00:12:19,986 INFO [restartedMain] org.springframework.boot.StartupInfoLogger: Starting AppApplication using Java 17.0.13 with PID 18468 (C:\Users\Spekt\Desktop\DAW\proyecto\app\target\classes started by Spekt in C:\Users\Spekt\Desktop\DAW\proyecto\app)
2025-03-22 00:12:19,990 INFO [restartedMain] org.springframework.boot.SpringApplication: No active profile set, falling back to 1 default profile: "default"
2025-03-22 00:12:30,742 WARN [restartedMain] org.springframework.boot.autoconfigure.orm.jpa.JpaBaseConfiguration$JpaWebConfiguration: spring.jpa.open-in-view is enabled by default. Therefore, database queries may be performed during view rendering. Explicitly configure spring.jpa.open-in-view to disable this warning
2025-03-22 00:12:30,785 WARN [restartedMain] org.springframework.boot.autoconfigure.security.servlet.UserDetailsServiceAutoConfiguration: 

Using generated security password: d333b71e-1a5f-40ef-9424-c3ba8613ab55

This generated password is for development use only. Your security configuration must be updated before running your application in production.

2025-03-22 00:12:32,215 INFO [restartedMain] org.springframework.boot.StartupInfoLogger: Started AppApplication in 13.015 seconds (process running for 14.403)
2025-03-22 00:13:02,927 INFO [restartedMain] org.springframework.boot.StartupInfoLogger: Starting AppApplication using Java 17.0.13 with PID 23532 (C:\Users\Spekt\Desktop\DAW\proyecto\app\target\classes started by Spekt in C:\Users\Spekt\Desktop\DAW\proyecto\app)
2025-03-22 00:13:02,929 INFO [restartedMain] org.springframework.boot.SpringApplication: No active profile set, falling back to 1 default profile: "default"
2025-03-22 00:13:13,898 WARN [restartedMain] org.springframework.boot.autoconfigure.orm.jpa.JpaBaseConfiguration$JpaWebConfiguration: spring.jpa.open-in-view is enabled by default. Therefore, database queries may be performed during view rendering. Explicitly configure spring.jpa.open-in-view to disable this warning
2025-03-22 00:13:13,945 WARN [restartedMain] org.springframework.boot.autoconfigure.security.servlet.UserDetailsServiceAutoConfiguration: 

Using generated security password: fa1a0f18-addb-4381-8884-1e4959f6c0db

This generated password is for development use only. Your security configuration must be updated before running your application in production.

2025-03-22 00:13:15,578 INFO [restartedMain] org.springframework.boot.StartupInfoLogger: Started AppApplication in 13.477 seconds (process running for 14.872)
