2025-04-03 14:30:29,010 INFO [restartedMain] org.springframework.boot.StartupInfoLogger: Starting AppApplication using Java 17.0.13 with PID 15268 (C:\Users\Spekt\Desktop\DAW\proyecto\app\target\classes started by Spekt in C:\Users\Spekt\Desktop\DAW\proyecto\app)
2025-04-03 14:30:29,026 INFO [restartedMain] org.springframework.boot.SpringApplication: No active profile set, falling back to 1 default profile: "default"
2025-04-03 14:30:41,839 WARN [restartedMain] org.springframework.boot.autoconfigure.orm.jpa.JpaBaseConfiguration$JpaWebConfiguration: spring.jpa.open-in-view is enabled by default. Therefore, database queries may be performed during view rendering. Explicitly configure spring.jpa.open-in-view to disable this warning
2025-04-03 14:30:41,885 WARN [restartedMain] org.springframework.boot.autoconfigure.security.servlet.UserDetailsServiceAutoConfiguration: 

Using generated security password: 2be0e8bc-fce4-498e-bfca-6486dc8275d5

This generated password is for development use only. Your security configuration must be updated before running your application in production.

2025-04-03 14:30:43,598 INFO [restartedMain] org.springframework.boot.StartupInfoLogger: Started AppApplication in 15.395 seconds (process running for 18.389)
2025-04-03 14:31:24,941 INFO [http-nio-8080-exec-8] es.proyecto.app.controller.UsersController: Successfully fetched all users
2025-04-03 14:31:24,941 INFO [http-nio-8080-exec-6] es.proyecto.app.controller.ProductsController: Successfully fetched all products
2025-04-03 14:31:24,951 INFO [http-nio-8080-exec-3] es.proyecto.app.controller.CategoriesController: Successfully retrieved categories
2025-04-03 14:31:25,204 INFO [http-nio-8080-exec-7] es.proyecto.app.controller.ProductsController: Successfully fetched all products
2025-04-03 14:31:25,291 INFO [http-nio-8080-exec-1] es.proyecto.app.controller.ProductsController: Successfully fetched all products
2025-04-03 14:31:36,772 INFO [http-nio-8080-exec-6] es.proyecto.app.controller.AuthController: Token invalidado: eyJhbGciOiJIUzUxMiJ9.eyJzdWIiOiJsYXVyYUBleGFtcGxlLmNvbSIsImlhdCI6MTc0MzQ0NjQzNCwiZXhwIjoxNzQzNDUwMDM0fQ.u6Mw4XiUyaxhvoxddJTqOE8A96IoSIEqucZ60oTSfwKsIWprz9tEYKQhdgDeGacbFcJjskRO8sFmzDlJ5o4Qlg
2025-04-03 14:31:37,244 INFO [http-nio-8080-exec-4] es.proyecto.app.controller.CategoriesController: Successfully retrieved categories
2025-04-03 14:31:37,294 INFO [http-nio-8080-exec-8] es.proyecto.app.controller.ProductsController: Successfully fetched all products
2025-04-03 14:31:37,463 INFO [http-nio-8080-exec-6] es.proyecto.app.controller.ProductsController: Successfully fetched all products
2025-04-03 14:31:37,574 INFO [http-nio-8080-exec-1] es.proyecto.app.controller.ProductsController: Successfully fetched all products
2025-04-03 14:31:43,401 INFO [http-nio-8080-exec-8] es.proyecto.app.controller.CategoriesController: Successfully retrieved categories
2025-04-03 14:31:43,419 INFO [http-nio-8080-exec-7] es.proyecto.app.controller.ProductsController: Successfully fetched all products
2025-04-03 14:31:43,474 INFO [http-nio-8080-exec-3] es.proyecto.app.controller.CategoriesController: Successfully retrieved categories
2025-04-03 14:32:37,844 INFO [http-nio-8080-exec-5] es.proyecto.app.controller.CategoriesController: Successfully retrieved categories
2025-04-03 14:32:37,854 INFO [http-nio-8080-exec-1] es.proyecto.app.controller.ProductsController: Product with id 11 retrieved successfully
2025-04-03 14:32:37,993 INFO [http-nio-8080-exec-9] es.proyecto.app.controller.ProductsController: Successfully fetched all products
2025-04-03 14:33:41,622 INFO [http-nio-8080-exec-10] es.proyecto.app.controller.CategoriesController: Successfully retrieved categories
2025-04-03 14:33:41,719 INFO [http-nio-8080-exec-9] es.proyecto.app.controller.ProductsController: Successfully fetched all products
2025-04-03 14:33:41,743 INFO [http-nio-8080-exec-2] es.proyecto.app.controller.CategoriesController: Successfully retrieved categories
2025-04-03 14:34:18,147 INFO [http-nio-8080-exec-1] es.proyecto.app.controller.CategoriesController: Successfully retrieved categories
2025-04-03 14:34:18,155 INFO [http-nio-8080-exec-7] es.proyecto.app.controller.ProductsController: Successfully fetched all products
2025-04-03 14:34:18,244 INFO [http-nio-8080-exec-7] es.proyecto.app.controller.ProductsController: Successfully fetched all products
2025-04-03 14:34:18,380 INFO [http-nio-8080-exec-8] es.proyecto.app.controller.ProductsController: Successfully fetched all products
2025-04-03 14:34:24,751 INFO [http-nio-8080-exec-10] es.proyecto.app.controller.ProductsController: Product with id 8 retrieved successfully
2025-04-03 14:34:24,763 INFO [http-nio-8080-exec-9] es.proyecto.app.controller.CategoriesController: Successfully retrieved categories
2025-04-03 14:34:24,883 INFO [http-nio-8080-exec-7] es.proyecto.app.controller.ProductsController: Successfully fetched all products
2025-04-03 14:36:00,419 INFO [http-nio-8080-exec-4] es.proyecto.app.controller.CategoriesController: Successfully retrieved categories
2025-04-03 14:36:00,463 INFO [http-nio-8080-exec-6] es.proyecto.app.controller.ProductsController: Successfully fetched all products
2025-04-03 14:36:00,518 INFO [http-nio-8080-exec-1] es.proyecto.app.controller.ProductsController: Successfully fetched all products
2025-04-03 14:36:00,560 INFO [http-nio-8080-exec-5] es.proyecto.app.controller.ProductsController: Successfully fetched all products
2025-04-03 14:37:39,151 INFO [http-nio-8080-exec-7] es.proyecto.app.controller.CategoriesController: Successfully retrieved categories
2025-04-03 14:37:39,227 INFO [http-nio-8080-exec-2] es.proyecto.app.controller.ProductsController: Successfully fetched all products
2025-04-03 14:37:39,231 INFO [http-nio-8080-exec-5] es.proyecto.app.controller.CategoriesController: Successfully retrieved categories
2025-04-03 14:37:47,059 INFO [http-nio-8080-exec-7] es.proyecto.app.controller.CategoriesController: Successfully retrieved categories
2025-04-03 14:37:47,098 INFO [http-nio-8080-exec-10] es.proyecto.app.controller.ProductsController: Successfully fetched all products
2025-04-03 14:37:47,184 INFO [http-nio-8080-exec-3] es.proyecto.app.controller.ProductsController: Successfully fetched all products
2025-04-03 14:37:47,263 INFO [http-nio-8080-exec-4] es.proyecto.app.controller.ProductsController: Successfully fetched all products
2025-04-03 14:38:10,300 INFO [http-nio-8080-exec-4] es.proyecto.app.controller.ProductsController: Successfully fetched all products
2025-04-03 14:38:10,328 INFO [http-nio-8080-exec-1] es.proyecto.app.controller.CategoriesController: Successfully retrieved categories
2025-04-03 14:38:10,369 INFO [http-nio-8080-exec-10] es.proyecto.app.controller.CategoriesController: Successfully retrieved categories
2025-04-03 14:38:12,768 INFO [http-nio-8080-exec-2] es.proyecto.app.controller.ProductsController: Product with id 14 retrieved successfully
2025-04-03 14:38:12,792 INFO [http-nio-8080-exec-5] es.proyecto.app.controller.CategoriesController: Successfully retrieved categories
2025-04-03 14:38:12,868 INFO [http-nio-8080-exec-8] es.proyecto.app.controller.ProductsController: Successfully fetched all products
2025-04-03 14:38:40,295 INFO [http-nio-8080-exec-6] es.proyecto.app.controller.AuthController: Attempting to log in with email: jorge@example.com
2025-04-03 14:38:40,505 INFO [http-nio-8080-exec-6] es.proyecto.app.controller.AuthController: User logged in successfully: jorge@example.com
2025-04-03 14:38:40,547 INFO [http-nio-8080-exec-1] es.proyecto.app.controller.UsersController: Successfully fetched all users
2025-04-03 14:38:40,815 INFO [http-nio-8080-exec-7] es.proyecto.app.controller.ProductsController: Successfully fetched all products
2025-04-03 14:38:40,830 INFO [http-nio-8080-exec-5] es.proyecto.app.controller.CategoriesController: Successfully retrieved categories
2025-04-03 14:38:40,902 INFO [http-nio-8080-exec-7] es.proyecto.app.controller.ProductsController: Successfully fetched all products
2025-04-03 14:38:40,928 INFO [http-nio-8080-exec-9] es.proyecto.app.controller.UsersController: Successfully fetched all users
2025-04-03 14:38:40,983 INFO [http-nio-8080-exec-3] es.proyecto.app.controller.ProductsController: Successfully fetched all products
2025-04-03 14:38:45,304 INFO [http-nio-8080-exec-10] es.proyecto.app.controller.CategoriesController: Successfully retrieved categories
2025-04-03 14:38:45,316 INFO [http-nio-8080-exec-8] es.proyecto.app.controller.UsersController: Successfully fetched all users
2025-04-03 14:38:45,440 INFO [http-nio-8080-exec-2] es.proyecto.app.controller.ProductsController: Product with id 2 retrieved successfully
2025-04-03 14:38:53,274 INFO [http-nio-8080-exec-1] es.proyecto.app.controller.CartController: manageCart called with userId: 3 and action: modify
2025-04-03 14:38:53,276 INFO [http-nio-8080-exec-1] es.proyecto.app.controller.CartController: Attempting to modify product in cart: product_id=2, quantity=6
2025-04-03 14:38:53,360 INFO [http-nio-8080-exec-1] es.proyecto.app.controller.CartController: Product modified successfully
2025-04-03 14:38:53,420 INFO [http-nio-8080-exec-8] es.proyecto.app.controller.ProductsController: Product with id 2 retrieved successfully
2025-04-03 14:38:57,662 INFO [http-nio-8080-exec-4] es.proyecto.app.controller.CategoriesController: Successfully retrieved categories
2025-04-03 14:38:57,676 INFO [http-nio-8080-exec-5] es.proyecto.app.controller.ProductsController: Successfully fetched all products
2025-04-03 14:38:57,697 INFO [http-nio-8080-exec-10] es.proyecto.app.controller.CategoriesController: Successfully retrieved categories
2025-04-03 14:38:59,996 INFO [http-nio-8080-exec-8] es.proyecto.app.controller.ProductsController: Product with id 4 retrieved successfully
2025-04-03 14:39:00,008 INFO [http-nio-8080-exec-5] es.proyecto.app.controller.CategoriesController: Successfully retrieved categories
2025-04-03 14:39:00,072 INFO [http-nio-8080-exec-1] es.proyecto.app.controller.ProductsController: Successfully fetched all products
2025-04-03 14:39:03,567 INFO [http-nio-8080-exec-4] es.proyecto.app.controller.CartController: manageCart called with userId: 3 and action: add
2025-04-03 14:39:03,567 INFO [http-nio-8080-exec-4] es.proyecto.app.controller.CartController: Attempting to add product to cart: product_id=4, quantity=6
2025-04-03 14:39:03,570 INFO [http-nio-8080-exec-4] es.proyecto.app.service.CartService: addProductToCart called with userId: 3, productId: 4, quantity: 6
2025-04-03 14:39:03,639 INFO [http-nio-8080-exec-4] es.proyecto.app.service.CartService: New cart item created for userId: 3, productId: 4, quantity: 6
2025-04-03 14:39:03,640 INFO [http-nio-8080-exec-4] es.proyecto.app.service.CartService: Product added to cart for userId: 3, productId: 4
2025-04-03 14:39:03,647 INFO [http-nio-8080-exec-4] es.proyecto.app.controller.CartController: Product added successfully
2025-04-03 14:39:16,543 INFO [http-nio-8080-exec-8] es.proyecto.app.controller.CategoriesController: Successfully retrieved categories
2025-04-03 14:39:16,550 INFO [http-nio-8080-exec-4] es.proyecto.app.controller.UsersController: Successfully fetched all users
2025-04-03 14:39:16,681 INFO [http-nio-8080-exec-10] es.proyecto.app.controller.UsersController: Successfully fetched all users
2025-04-03 14:39:17,098 INFO [http-nio-8080-exec-3] es.proyecto.app.controller.ProductsController: Product with id 2 retrieved successfully
2025-04-03 14:39:17,165 INFO [http-nio-8080-exec-1] es.proyecto.app.controller.ProductsController: Product with id 4 retrieved successfully
2025-04-03 14:39:26,169 INFO [http-nio-8080-exec-7] es.proyecto.app.controller.CartController: manageCart called with userId: 3 and action: remove
2025-04-03 14:39:26,170 INFO [http-nio-8080-exec-7] es.proyecto.app.controller.CartController: Attempting to remove product from cart: product_id=2, quantity=6
2025-04-03 14:39:26,206 INFO [http-nio-8080-exec-7] es.proyecto.app.controller.CartController: Product removed successfully
2025-04-03 14:39:26,295 INFO [http-nio-8080-exec-4] es.proyecto.app.controller.ProductsController: Product with id 4 retrieved successfully
2025-04-03 14:39:37,975 INFO [http-nio-8080-exec-10] es.proyecto.app.controller.CartController: manageCart called with userId: 3 and action: modify
2025-04-03 14:39:37,976 INFO [http-nio-8080-exec-10] es.proyecto.app.controller.CartController: Attempting to modify product in cart: product_id=4, quantity=20
2025-04-03 14:39:37,996 INFO [http-nio-8080-exec-10] es.proyecto.app.controller.CartController: Product modified successfully
2025-04-03 14:39:38,064 INFO [http-nio-8080-exec-3] es.proyecto.app.controller.ProductsController: Product with id 4 retrieved successfully
2025-04-03 14:39:41,032 INFO [http-nio-8080-exec-1] es.proyecto.app.controller.OrdersController: Order created successfully: null
2025-04-03 14:39:43,831 INFO [http-nio-8080-exec-7] es.proyecto.app.controller.CartController: manageCart called with userId: 3 and action: remove
2025-04-03 14:39:43,832 INFO [http-nio-8080-exec-7] es.proyecto.app.controller.CartController: Attempting to remove product from cart: product_id=4, quantity=20
2025-04-03 14:39:43,851 INFO [http-nio-8080-exec-7] es.proyecto.app.controller.CartController: Product removed successfully
2025-04-03 14:40:42,175 INFO [http-nio-8080-exec-5] es.proyecto.app.controller.AuthController: Token invalidado: eyJhbGciOiJIUzUxMiJ9.eyJzdWIiOiJqb3JnZUBleGFtcGxlLmNvbSIsImlhdCI6MTc0MzY4MzkyMCwiZXhwIjoxNzQzNjg3NTIwfQ.TcdNsaiGEwg2f39WJ8_TJm3mVUyH-0UKDb5eW3ajM4tI13zBt3iSCZ_LfiXGtYg7k5gCUx_t786Y4Hx8Tb7Mlw
2025-04-03 14:40:42,376 INFO [http-nio-8080-exec-6] es.proyecto.app.controller.CategoriesController: Successfully retrieved categories
2025-04-03 14:40:42,402 INFO [http-nio-8080-exec-3] es.proyecto.app.controller.ProductsController: Successfully fetched all products
2025-04-03 14:40:42,481 INFO [http-nio-8080-exec-7] es.proyecto.app.controller.ProductsController: Successfully fetched all products
2025-04-03 14:40:42,553 INFO [http-nio-8080-exec-2] es.proyecto.app.controller.ProductsController: Successfully fetched all products
2025-04-03 14:41:06,680 INFO [http-nio-8080-exec-1] es.proyecto.app.controller.CategoriesController: Successfully retrieved categories
2025-04-03 14:41:06,696 INFO [http-nio-8080-exec-6] es.proyecto.app.controller.ProductsController: Successfully fetched all products
2025-04-03 14:41:06,731 INFO [http-nio-8080-exec-7] es.proyecto.app.controller.CategoriesController: Successfully retrieved categories
2025-04-03 14:41:10,630 INFO [http-nio-8080-exec-4] es.proyecto.app.controller.ProductsController: Product with id 5 retrieved successfully
2025-04-03 14:41:10,641 INFO [http-nio-8080-exec-3] es.proyecto.app.controller.CategoriesController: Successfully retrieved categories
2025-04-03 14:41:10,748 INFO [http-nio-8080-exec-5] es.proyecto.app.controller.ProductsController: Successfully fetched all products
2025-04-03 14:42:01,359 INFO [http-nio-8080-exec-2] es.proyecto.app.controller.AuthController: Attempting to log in with email: jorge@example.com
2025-04-03 14:42:01,485 INFO [http-nio-8080-exec-2] es.proyecto.app.controller.AuthController: User logged in successfully: jorge@example.com
2025-04-03 14:42:01,511 INFO [http-nio-8080-exec-5] es.proyecto.app.controller.UsersController: Successfully fetched all users
2025-04-03 14:42:01,888 INFO [http-nio-8080-exec-4] es.proyecto.app.controller.CategoriesController: Successfully retrieved categories
2025-04-03 14:42:02,041 INFO [http-nio-8080-exec-10] es.proyecto.app.controller.ProductsController: Successfully fetched all products
2025-04-03 14:42:02,057 INFO [http-nio-8080-exec-1] es.proyecto.app.controller.UsersController: Successfully fetched all users
2025-04-03 14:42:02,118 INFO [http-nio-8080-exec-7] es.proyecto.app.controller.ProductsController: Successfully fetched all products
2025-04-03 14:42:02,180 INFO [http-nio-8080-exec-2] es.proyecto.app.controller.ProductsController: Successfully fetched all products
2025-04-03 14:42:11,358 INFO [http-nio-8080-exec-8] es.proyecto.app.controller.CategoriesController: Successfully retrieved categories
2025-04-03 14:42:11,383 INFO [http-nio-8080-exec-3] es.proyecto.app.controller.UsersController: Successfully fetched all users
2025-04-03 14:42:15,704 INFO [http-nio-8080-exec-7] es.proyecto.app.controller.ProductsController: Successfully fetched all products
2025-04-03 14:42:15,704 INFO [http-nio-8080-exec-10] es.proyecto.app.controller.CategoriesController: Successfully retrieved categories
2025-04-03 14:42:15,753 INFO [http-nio-8080-exec-8] es.proyecto.app.controller.CategoriesController: Successfully retrieved categories
2025-04-03 14:42:18,320 INFO [http-nio-8080-exec-6] es.proyecto.app.controller.ProductsController: Product with id 15 retrieved successfully
2025-04-03 14:42:18,334 INFO [http-nio-8080-exec-5] es.proyecto.app.controller.CategoriesController: Successfully retrieved categories
2025-04-03 14:42:18,419 INFO [http-nio-8080-exec-7] es.proyecto.app.controller.ProductsController: Successfully fetched all products
2025-04-03 14:42:23,047 INFO [http-nio-8080-exec-3] es.proyecto.app.controller.CartController: manageCart called with userId: 3 and action: add
2025-04-03 14:42:23,050 INFO [http-nio-8080-exec-3] es.proyecto.app.controller.CartController: Attempting to add product to cart: product_id=15, quantity=10
2025-04-03 14:42:23,053 INFO [http-nio-8080-exec-3] es.proyecto.app.service.CartService: addProductToCart called with userId: 3, productId: 15, quantity: 10
2025-04-03 14:42:23,066 INFO [http-nio-8080-exec-3] es.proyecto.app.service.CartService: New cart item created for userId: 3, productId: 15, quantity: 10
2025-04-03 14:42:23,067 INFO [http-nio-8080-exec-3] es.proyecto.app.service.CartService: Product added to cart for userId: 3, productId: 15
2025-04-03 14:42:23,074 INFO [http-nio-8080-exec-3] es.proyecto.app.controller.CartController: Product added successfully
2025-04-03 14:42:28,263 INFO [http-nio-8080-exec-8] es.proyecto.app.controller.CategoriesController: Successfully retrieved categories
2025-04-03 14:42:28,272 INFO [http-nio-8080-exec-7] es.proyecto.app.controller.ProductsController: Successfully fetched all products
2025-04-03 14:42:28,336 INFO [http-nio-8080-exec-1] es.proyecto.app.controller.CategoriesController: Successfully retrieved categories
2025-04-03 14:42:29,653 INFO [http-nio-8080-exec-1] es.proyecto.app.controller.ProductsController: Product with id 30 retrieved successfully
2025-04-03 14:42:29,671 INFO [http-nio-8080-exec-3] es.proyecto.app.controller.CategoriesController: Successfully retrieved categories
2025-04-03 14:42:29,753 INFO [http-nio-8080-exec-10] es.proyecto.app.controller.ProductsController: Successfully fetched all products
2025-04-03 14:42:33,322 INFO [http-nio-8080-exec-3] es.proyecto.app.controller.CartController: manageCart called with userId: 3 and action: add
2025-04-03 14:42:33,322 INFO [http-nio-8080-exec-3] es.proyecto.app.controller.CartController: Attempting to add product to cart: product_id=30, quantity=5
2025-04-03 14:42:33,325 INFO [http-nio-8080-exec-3] es.proyecto.app.service.CartService: addProductToCart called with userId: 3, productId: 30, quantity: 5
2025-04-03 14:42:33,341 INFO [http-nio-8080-exec-3] es.proyecto.app.service.CartService: New cart item created for userId: 3, productId: 30, quantity: 5
2025-04-03 14:42:33,342 INFO [http-nio-8080-exec-3] es.proyecto.app.service.CartService: Product added to cart for userId: 3, productId: 30
2025-04-03 14:42:33,350 INFO [http-nio-8080-exec-3] es.proyecto.app.controller.CartController: Product added successfully
2025-04-03 14:42:36,868 INFO [http-nio-8080-exec-8] es.proyecto.app.controller.CategoriesController: Successfully retrieved categories
2025-04-03 14:42:36,883 INFO [http-nio-8080-exec-3] es.proyecto.app.controller.UsersController: Successfully fetched all users
2025-04-03 14:42:36,985 INFO [http-nio-8080-exec-4] es.proyecto.app.controller.ProductsController: Product with id 15 retrieved successfully
2025-04-03 14:42:37,012 INFO [http-nio-8080-exec-8] es.proyecto.app.controller.ProductsController: Product with id 30 retrieved successfully
2025-04-03 14:43:02,834 INFO [http-nio-8080-exec-6] es.proyecto.app.controller.OrdersController: Order created successfully: null
2025-04-03 14:43:05,400 INFO [http-nio-8080-exec-2] es.proyecto.app.controller.CartController: manageCart called with userId: 3 and action: remove
2025-04-03 14:43:05,401 INFO [http-nio-8080-exec-2] es.proyecto.app.controller.CartController: Attempting to remove product from cart: product_id=15, quantity=10
2025-04-03 14:43:05,428 INFO [http-nio-8080-exec-2] es.proyecto.app.controller.CartController: Product removed successfully
2025-04-03 14:43:05,452 INFO [http-nio-8080-exec-7] es.proyecto.app.controller.CartController: manageCart called with userId: 3 and action: remove
2025-04-03 14:43:05,453 INFO [http-nio-8080-exec-7] es.proyecto.app.controller.CartController: Attempting to remove product from cart: product_id=30, quantity=5
2025-04-03 14:43:05,468 INFO [http-nio-8080-exec-7] es.proyecto.app.controller.CartController: Product removed successfully
2025-04-03 14:43:20,532 INFO [http-nio-8080-exec-9] es.proyecto.app.controller.CategoriesController: Successfully retrieved categories
2025-04-03 14:43:20,541 INFO [http-nio-8080-exec-7] es.proyecto.app.controller.ProductsController: Successfully fetched all products
2025-04-03 14:43:20,552 INFO [http-nio-8080-exec-2] es.proyecto.app.controller.UsersController: Successfully fetched all users
2025-04-03 14:43:20,583 INFO [http-nio-8080-exec-1] es.proyecto.app.controller.ProductsController: Successfully fetched all products
2025-04-03 14:43:20,620 INFO [http-nio-8080-exec-8] es.proyecto.app.controller.ProductsController: Successfully fetched all products
2025-04-03 14:43:38,966 INFO [http-nio-8080-exec-6] es.proyecto.app.controller.CategoriesController: Successfully retrieved categories
2025-04-03 14:43:38,977 INFO [http-nio-8080-exec-8] es.proyecto.app.controller.ProductsController: Successfully fetched all products
2025-04-03 14:43:38,997 INFO [http-nio-8080-exec-1] es.proyecto.app.controller.CategoriesController: Successfully retrieved categories
2025-04-03 14:43:43,152 INFO [http-nio-8080-exec-7] es.proyecto.app.controller.UsersController: Successfully fetched all users
2025-04-03 14:44:01,439 INFO [http-nio-8080-exec-7] es.proyecto.app.controller.CategoriesController: Successfully retrieved categories
2025-04-03 14:44:01,445 INFO [http-nio-8080-exec-3] es.proyecto.app.controller.ProductsController: Successfully fetched all products
2025-04-03 14:44:01,469 INFO [http-nio-8080-exec-1] es.proyecto.app.controller.CategoriesController: Successfully retrieved categories
2025-04-03 14:44:05,815 INFO [http-nio-8080-exec-5] es.proyecto.app.controller.CategoriesController: Successfully retrieved categories
2025-04-03 14:44:05,828 INFO [http-nio-8080-exec-9] es.proyecto.app.controller.ProductsController: Successfully fetched all products
2025-04-03 14:44:05,838 INFO [http-nio-8080-exec-1] es.proyecto.app.controller.UsersController: Successfully fetched all users
2025-04-03 14:44:05,880 INFO [http-nio-8080-exec-10] es.proyecto.app.controller.ProductsController: Successfully fetched all products
2025-04-03 14:44:05,917 INFO [http-nio-8080-exec-9] es.proyecto.app.controller.ProductsController: Successfully fetched all products
2025-04-03 14:44:24,264 INFO [http-nio-8080-exec-8] es.proyecto.app.controller.AuthController: Token invalidado: eyJhbGciOiJIUzUxMiJ9.eyJzdWIiOiJqb3JnZUBleGFtcGxlLmNvbSIsImlhdCI6MTc0MzY4NDEyMSwiZXhwIjoxNzQzNjg3NzIxfQ._LZm42OfWEowteKmU7zrx03txrzKTNBCa-Glziz_lgWoQrhr5uV_TunA-izBx9ideuHCGhkiLTj6AwuPY19FSA
2025-04-03 14:44:24,681 INFO [http-nio-8080-exec-7] es.proyecto.app.controller.CategoriesController: Successfully retrieved categories
2025-04-03 14:44:24,698 INFO [http-nio-8080-exec-5] es.proyecto.app.controller.ProductsController: Successfully fetched all products
2025-04-03 14:44:24,746 INFO [http-nio-8080-exec-2] es.proyecto.app.controller.ProductsController: Successfully fetched all products
2025-04-03 14:44:24,787 INFO [http-nio-8080-exec-7] es.proyecto.app.controller.ProductsController: Successfully fetched all products
2025-04-03 18:47:51,019 WARN [HikariPool-1 housekeeper] com.zaxxer.hikari.pool.HikariPool$HouseKeeper: HikariPool-1 - Thread starvation or clock leap detected (housekeeper delta=3h26m14s900ms923µs800ns).
