2025-04-10 17:23:32,603 INFO [restartedMain] org.springframework.boot.StartupInfoLogger: Starting AppApplication using Java 17.0.13 with PID 21252 (C:\Users\Spekt\Desktop\DAW\proyecto\app\target\classes started by Spekt in C:\Users\Spekt\Desktop\DAW\proyecto\app)
2025-04-10 17:23:32,624 INFO [restartedMain] org.springframework.boot.SpringApplication: No active profile set, falling back to 1 default profile: "default"
2025-04-10 17:23:47,040 WARN [restartedMain] org.springframework.boot.autoconfigure.orm.jpa.JpaBaseConfiguration$JpaWebConfiguration: spring.jpa.open-in-view is enabled by default. Therefore, database queries may be performed during view rendering. Explicitly configure spring.jpa.open-in-view to disable this warning
2025-04-10 17:23:47,094 WARN [restartedMain] org.springframework.boot.autoconfigure.security.servlet.UserDetailsServiceAutoConfiguration: 

Using generated security password: 3386c2f5-9452-4712-9771-98810e891952

This generated password is for development use only. Your security configuration must be updated before running your application in production.

2025-04-10 17:23:48,917 INFO [restartedMain] org.springframework.boot.StartupInfoLogger: Started AppApplication in 17.291 seconds (process running for 29.779)
2025-04-10 17:33:25,535 INFO [restartedMain] org.springframework.boot.StartupInfoLogger: Starting AppApplication using Java 17.0.13 with PID 9784 (C:\Users\Spekt\Desktop\DAW\proyecto\app\target\classes started by Spekt in C:\Users\Spekt\Desktop\DAW\proyecto\app)
2025-04-10 17:33:25,543 INFO [restartedMain] org.springframework.boot.SpringApplication: No active profile set, falling back to 1 default profile: "default"
2025-04-10 17:33:39,247 WARN [restartedMain] org.springframework.boot.autoconfigure.orm.jpa.JpaBaseConfiguration$JpaWebConfiguration: spring.jpa.open-in-view is enabled by default. Therefore, database queries may be performed during view rendering. Explicitly configure spring.jpa.open-in-view to disable this warning
2025-04-10 17:33:39,293 WARN [restartedMain] org.springframework.boot.autoconfigure.security.servlet.UserDetailsServiceAutoConfiguration: 

Using generated security password: 3d2c1b1d-e01d-48ad-8e36-a2467b56f283

This generated password is for development use only. Your security configuration must be updated before running your application in production.

2025-04-10 17:33:40,979 INFO [restartedMain] org.springframework.boot.StartupInfoLogger: Started AppApplication in 16.48 seconds (process running for 18.321)
2025-04-10 17:35:53,781 INFO [http-nio-8080-exec-1] es.proyecto.app.controller.ProductsController: Successfully fetched all products
2025-04-10 17:35:53,791 INFO [http-nio-8080-exec-7] es.proyecto.app.controller.UsersController: Successfully fetched all users
2025-04-10 17:35:53,870 INFO [http-nio-8080-exec-8] es.proyecto.app.controller.CategoriesController: Successfully retrieved categories
2025-04-10 17:35:54,037 INFO [http-nio-8080-exec-2] es.proyecto.app.controller.ProductsController: Successfully fetched all products
2025-04-10 17:35:54,117 INFO [http-nio-8080-exec-6] es.proyecto.app.controller.ProductsController: Successfully fetched all products
2025-04-10 17:36:25,372 INFO [http-nio-8080-exec-7] es.proyecto.app.controller.CategoriesController: Successfully retrieved categories
2025-04-10 17:36:25,472 INFO [http-nio-8080-exec-3] es.proyecto.app.controller.ProductsController: Successfully fetched all products
2025-04-10 17:36:25,479 INFO [http-nio-8080-exec-1] es.proyecto.app.controller.CategoriesController: Successfully retrieved categories
2025-04-10 17:36:47,195 INFO [http-nio-8080-exec-10] es.proyecto.app.controller.UsersController: Successfully fetched all users
2025-04-10 17:36:51,121 INFO [http-nio-8080-exec-7] es.proyecto.app.controller.CategoriesController: Successfully retrieved categories
2025-04-10 17:36:51,143 INFO [http-nio-8080-exec-10] es.proyecto.app.controller.ProductsController: Successfully fetched all products
2025-04-10 17:36:51,179 INFO [http-nio-8080-exec-2] es.proyecto.app.controller.CategoriesController: Successfully retrieved categories
2025-04-10 17:37:10,746 INFO [http-nio-8080-exec-10] es.proyecto.app.controller.UsersController: Successfully fetched all users
2025-04-10 17:37:10,747 INFO [http-nio-8080-exec-2] es.proyecto.app.controller.CategoriesController: Successfully retrieved categories
2025-04-10 17:37:10,850 INFO [http-nio-8080-exec-3] es.proyecto.app.controller.ProductsController: Successfully fetched all products
2025-04-10 17:37:10,941 INFO [http-nio-8080-exec-9] es.proyecto.app.controller.ProductsController: Successfully fetched all products
2025-04-10 17:37:10,999 INFO [http-nio-8080-exec-9] es.proyecto.app.controller.ProductsController: Successfully fetched all products
2025-04-10 17:50:49,570 INFO [http-nio-8080-exec-10] es.proyecto.app.controller.CategoriesController: Successfully retrieved categories
2025-04-10 17:50:49,614 INFO [http-nio-8080-exec-8] es.proyecto.app.controller.UsersController: Successfully fetched all users
2025-04-10 17:50:49,711 WARN [http-nio-8080-exec-3] org.apache.juli.logging.DirectJDKLog: Creation of SecureRandom instance for session ID generation using [SHA1PRNG] took [107] milliseconds.
2025-04-10 17:54:27,928 INFO [http-nio-8080-exec-8] es.proyecto.app.controller.AuthController: Token invalidado: eyJhbGciOiJIUzUxMiJ9.eyJzdWIiOiJqb3JnZUBleGFtcGxlLmNvbSIsImlhdCI6MTc0NDE0NzMxMiwiZXhwIjoxNzQ0MTUwOTEyfQ.7Y7vuzUh6CVU0UZOmZ2s_EKg1PL7c6Vl7Td3hji8s_I1CbKsyDQRCRnsorvc5mbzfaTegPTgh0ZZCF09DOz_gA
2025-04-10 17:54:28,233 INFO [http-nio-8080-exec-6] es.proyecto.app.controller.CategoriesController: Successfully retrieved categories
2025-04-10 17:54:28,258 INFO [http-nio-8080-exec-2] es.proyecto.app.controller.ProductsController: Successfully fetched all products
2025-04-10 17:54:28,318 INFO [http-nio-8080-exec-5] es.proyecto.app.controller.ProductsController: Successfully fetched all products
2025-04-10 17:54:28,404 INFO [http-nio-8080-exec-3] es.proyecto.app.controller.ProductsController: Successfully fetched all products
2025-04-10 17:57:24,210 INFO [http-nio-8080-exec-10] es.proyecto.app.controller.CategoriesController: Successfully retrieved categories
2025-04-10 17:57:24,241 INFO [http-nio-8080-exec-9] es.proyecto.app.controller.ProductsController: Product with id 15 retrieved successfully
2025-04-10 17:57:24,305 INFO [http-nio-8080-exec-1] es.proyecto.app.controller.SubcategoriesController: Subcategory with id 4 retrieved successfully
2025-04-10 17:57:24,410 INFO [http-nio-8080-exec-5] es.proyecto.app.controller.CategoriesController: Category with id 2 retrieved successfully
2025-04-10 17:57:24,457 INFO [http-nio-8080-exec-6] es.proyecto.app.controller.ProductsController: Successfully fetched all products
2025-04-10 17:57:49,836 INFO [http-nio-8080-exec-4] es.proyecto.app.controller.ProductsController: Product with id 15 retrieved successfully
2025-04-10 17:57:49,852 INFO [http-nio-8080-exec-10] es.proyecto.app.controller.CategoriesController: Successfully retrieved categories
2025-04-10 17:57:49,951 INFO [http-nio-8080-exec-2] es.proyecto.app.controller.SubcategoriesController: Subcategory with id 4 retrieved successfully
2025-04-10 17:57:49,971 INFO [http-nio-8080-exec-3] es.proyecto.app.controller.CategoriesController: Category with id 2 retrieved successfully
2025-04-10 17:57:50,027 INFO [http-nio-8080-exec-9] es.proyecto.app.controller.ProductsController: Successfully fetched all products
2025-04-10 17:58:58,275 INFO [http-nio-8080-exec-8] es.proyecto.app.controller.CategoriesController: Successfully retrieved categories
2025-04-10 17:58:58,293 INFO [http-nio-8080-exec-5] es.proyecto.app.controller.ProductsController: Successfully fetched all products
2025-04-10 17:58:58,388 INFO [http-nio-8080-exec-4] es.proyecto.app.controller.ProductsController: Successfully fetched all products
2025-04-10 17:58:58,481 INFO [http-nio-8080-exec-10] es.proyecto.app.controller.ProductsController: Successfully fetched all products
2025-04-10 18:13:50,808 INFO [http-nio-8080-exec-7] es.proyecto.app.controller.UsersController: User with id 5 retrieved successfully
2025-04-10 18:15:41,887 INFO [http-nio-8080-exec-6] es.proyecto.app.controller.UsersController: User with id 2 retrieved successfully
2025-04-10 18:16:00,516 INFO [http-nio-8080-exec-10] es.proyecto.app.controller.UsersController: User with id 5 retrieved successfully
2025-04-10 18:16:59,083 INFO [http-nio-8080-exec-1] es.proyecto.app.controller.AuthController: Attempting to log in with email: jorge@example.com
2025-04-10 18:16:59,322 INFO [http-nio-8080-exec-1] es.proyecto.app.controller.AuthController: User logged in successfully: jorge@example.com
2025-04-10 18:16:59,379 INFO [http-nio-8080-exec-7] es.proyecto.app.controller.UsersController: Successfully fetched all users
2025-04-10 18:16:59,766 INFO [http-nio-8080-exec-7] es.proyecto.app.controller.CategoriesController: Successfully retrieved categories
2025-04-10 18:16:59,800 INFO [http-nio-8080-exec-3] es.proyecto.app.controller.ProductsController: Successfully fetched all products
2025-04-10 18:16:59,819 INFO [http-nio-8080-exec-6] es.proyecto.app.controller.UsersController: Successfully fetched all users
2025-04-10 18:16:59,875 INFO [http-nio-8080-exec-1] es.proyecto.app.controller.ProductsController: Successfully fetched all products
2025-04-10 18:16:59,927 INFO [http-nio-8080-exec-1] es.proyecto.app.controller.ProductsController: Successfully fetched all products
2025-04-10 18:17:25,140 INFO [http-nio-8080-exec-5] es.proyecto.app.controller.UsersController: User with id 3 retrieved successfully
2025-04-10 18:19:24,849 INFO [http-nio-8080-exec-1] es.proyecto.app.controller.CategoriesController: Successfully retrieved categories
2025-04-10 18:19:24,866 INFO [http-nio-8080-exec-2] es.proyecto.app.controller.ProductsController: Successfully fetched all products
2025-04-10 18:19:24,914 INFO [http-nio-8080-exec-10] es.proyecto.app.controller.CategoriesController: Successfully retrieved categories
2025-04-10 18:19:46,601 INFO [http-nio-8080-exec-5] es.proyecto.app.controller.ProductsController: Successfully fetched all products
2025-04-10 18:19:59,892 INFO [http-nio-8080-exec-5] es.proyecto.app.controller.ProductsController: Successfully fetched all products
2025-04-10 18:20:14,288 INFO [http-nio-8080-exec-7] es.proyecto.app.controller.CategoriesController: Category with id 1 retrieved successfully
2025-04-10 18:20:14,321 INFO [http-nio-8080-exec-9] es.proyecto.app.controller.ProductsController: Successfully fetched all products
2025-04-10 18:20:27,343 INFO [http-nio-8080-exec-4] es.proyecto.app.controller.CategoriesController: Category with id 2 retrieved successfully
2025-04-10 18:20:27,379 INFO [http-nio-8080-exec-6] es.proyecto.app.controller.ProductsController: Successfully fetched all products
2025-04-10 18:20:37,868 INFO [http-nio-8080-exec-3] es.proyecto.app.controller.CategoriesController: Category with id 2 retrieved successfully
2025-04-10 18:20:37,903 INFO [http-nio-8080-exec-7] es.proyecto.app.controller.ProductsController: Successfully fetched all products
2025-04-10 18:20:55,399 INFO [http-nio-8080-exec-7] es.proyecto.app.controller.AuthController: Token invalidado: eyJhbGciOiJIUzUxMiJ9.eyJzdWIiOiJqb3JnZUBleGFtcGxlLmNvbSIsImlhdCI6MTc0NDMwMTgxOSwiZXhwIjoxNzQ0MzA1NDE5fQ.3Li5_ZPS7UvK2eh4KnryLHXMYGHMzPFLIJKs6KP2L-PiR3xWM19z_CNREmkJ3MVXFRX1E4O_kQ42pTXYHhKuwQ
2025-04-10 18:20:55,712 INFO [http-nio-8080-exec-4] es.proyecto.app.controller.CategoriesController: Successfully retrieved categories
2025-04-10 18:20:55,728 INFO [http-nio-8080-exec-10] es.proyecto.app.controller.ProductsController: Successfully fetched all products
2025-04-10 18:20:55,817 INFO [http-nio-8080-exec-1] es.proyecto.app.controller.ProductsController: Successfully fetched all products
2025-04-10 18:20:55,873 INFO [http-nio-8080-exec-5] es.proyecto.app.controller.ProductsController: Successfully fetched all products
2025-04-10 18:21:57,600 INFO [http-nio-8080-exec-4] es.proyecto.app.controller.UsersController: User with id 3 retrieved successfully
2025-04-10 18:23:04,531 INFO [http-nio-8080-exec-10] es.proyecto.app.controller.AuthController: Attempting to log in with email: jorge@example.com
2025-04-10 18:23:04,691 INFO [http-nio-8080-exec-10] es.proyecto.app.controller.AuthController: User logged in successfully: jorge@example.com
2025-04-10 18:23:04,724 INFO [http-nio-8080-exec-5] es.proyecto.app.controller.UsersController: Successfully fetched all users
2025-04-10 18:23:05,129 INFO [http-nio-8080-exec-5] es.proyecto.app.controller.ProductsController: Successfully fetched all products
2025-04-10 18:23:05,152 INFO [http-nio-8080-exec-3] es.proyecto.app.controller.CategoriesController: Successfully retrieved categories
2025-04-10 18:23:05,159 INFO [http-nio-8080-exec-9] es.proyecto.app.controller.UsersController: Successfully fetched all users
2025-04-10 18:23:05,222 INFO [http-nio-8080-exec-1] es.proyecto.app.controller.ProductsController: Successfully fetched all products
2025-04-10 18:23:05,395 INFO [http-nio-8080-exec-4] es.proyecto.app.controller.ProductsController: Successfully fetched all products
2025-04-10 18:23:47,183 INFO [http-nio-8080-exec-3] es.proyecto.app.controller.CategoriesController: Successfully retrieved categories
2025-04-10 18:23:47,193 INFO [http-nio-8080-exec-7] es.proyecto.app.controller.UsersController: Successfully fetched all users
2025-04-10 18:23:47,386 INFO [http-nio-8080-exec-8] es.proyecto.app.controller.ProductsController: Product with id 2 retrieved successfully
2025-04-10 18:23:47,418 INFO [http-nio-8080-exec-1] es.proyecto.app.controller.ProductsController: Product with id 32 retrieved successfully
2025-04-10 18:23:47,453 INFO [http-nio-8080-exec-6] es.proyecto.app.controller.ProductsController: Product with id 30 retrieved successfully
2025-04-10 18:23:47,488 INFO [http-nio-8080-exec-9] es.proyecto.app.controller.ProductsController: Product with id 12 retrieved successfully
2025-04-10 18:23:47,517 INFO [http-nio-8080-exec-7] es.proyecto.app.controller.ProductsController: Product with id 4 retrieved successfully
2025-04-10 18:24:01,885 INFO [http-nio-8080-exec-8] es.proyecto.app.controller.CartController: manageCart called with userId: 3 and action: modify
2025-04-10 18:24:01,887 INFO [http-nio-8080-exec-8] es.proyecto.app.controller.CartController: Attempting to modify product in cart: product_id=2, quantity=1
2025-04-10 18:24:02,005 INFO [http-nio-8080-exec-8] es.proyecto.app.controller.CartController: Product modified successfully
2025-04-10 18:24:02,084 INFO [http-nio-8080-exec-1] es.proyecto.app.controller.ProductsController: Product with id 2 retrieved successfully
2025-04-10 18:24:02,119 INFO [http-nio-8080-exec-6] es.proyecto.app.controller.ProductsController: Product with id 32 retrieved successfully
2025-04-10 18:24:02,171 INFO [http-nio-8080-exec-9] es.proyecto.app.controller.ProductsController: Product with id 30 retrieved successfully
2025-04-10 18:24:02,200 INFO [http-nio-8080-exec-7] es.proyecto.app.controller.ProductsController: Product with id 12 retrieved successfully
2025-04-10 18:24:02,226 INFO [http-nio-8080-exec-8] es.proyecto.app.controller.ProductsController: Product with id 4 retrieved successfully
2025-04-10 18:24:11,208 INFO [http-nio-8080-exec-1] es.proyecto.app.controller.CartController: manageCart called with userId: 3 and action: modify
2025-04-10 18:24:11,209 INFO [http-nio-8080-exec-1] es.proyecto.app.controller.CartController: Attempting to modify product in cart: product_id=4, quantity=1
2025-04-10 18:24:11,239 INFO [http-nio-8080-exec-1] es.proyecto.app.controller.CartController: Product modified successfully
2025-04-10 18:24:11,313 INFO [http-nio-8080-exec-6] es.proyecto.app.controller.ProductsController: Product with id 2 retrieved successfully
2025-04-10 18:24:11,336 INFO [http-nio-8080-exec-9] es.proyecto.app.controller.ProductsController: Product with id 32 retrieved successfully
2025-04-10 18:24:11,362 INFO [http-nio-8080-exec-7] es.proyecto.app.controller.ProductsController: Product with id 30 retrieved successfully
2025-04-10 18:24:11,390 INFO [http-nio-8080-exec-8] es.proyecto.app.controller.ProductsController: Product with id 12 retrieved successfully
2025-04-10 18:24:11,416 INFO [http-nio-8080-exec-1] es.proyecto.app.controller.ProductsController: Product with id 4 retrieved successfully
2025-04-10 18:24:19,028 INFO [http-nio-8080-exec-6] es.proyecto.app.controller.CartController: manageCart called with userId: 3 and action: remove
2025-04-10 18:24:19,029 INFO [http-nio-8080-exec-6] es.proyecto.app.controller.CartController: Attempting to remove product from cart: product_id=12, quantity=5
2025-04-10 18:24:19,079 INFO [http-nio-8080-exec-6] es.proyecto.app.controller.CartController: Product removed successfully
2025-04-10 18:24:19,176 INFO [http-nio-8080-exec-9] es.proyecto.app.controller.ProductsController: Product with id 2 retrieved successfully
2025-04-10 18:24:19,205 INFO [http-nio-8080-exec-7] es.proyecto.app.controller.ProductsController: Product with id 32 retrieved successfully
2025-04-10 18:24:19,233 INFO [http-nio-8080-exec-8] es.proyecto.app.controller.ProductsController: Product with id 30 retrieved successfully
2025-04-10 18:24:19,305 INFO [http-nio-8080-exec-1] es.proyecto.app.controller.ProductsController: Product with id 4 retrieved successfully
2025-04-10 18:24:26,866 INFO [http-nio-8080-exec-1] es.proyecto.app.controller.CategoriesController: Successfully retrieved categories
2025-04-10 18:24:26,894 INFO [http-nio-8080-exec-3] es.proyecto.app.controller.ProductsController: Successfully fetched all products
2025-04-10 18:24:26,918 INFO [http-nio-8080-exec-2] es.proyecto.app.controller.CategoriesController: Successfully retrieved categories
2025-04-10 18:24:51,488 INFO [http-nio-8080-exec-10] es.proyecto.app.controller.ProductsController: Successfully fetched all products
2025-04-10 18:25:07,785 INFO [http-nio-8080-exec-6] es.proyecto.app.controller.ProductsController: Successfully fetched all products
2025-04-10 18:25:20,330 INFO [http-nio-8080-exec-7] es.proyecto.app.controller.CategoriesController: Category with id 4 retrieved successfully
2025-04-10 18:25:20,382 INFO [http-nio-8080-exec-9] es.proyecto.app.controller.ProductsController: Successfully fetched all products
2025-04-10 18:25:27,722 INFO [http-nio-8080-exec-5] es.proyecto.app.controller.UsersController: Successfully fetched all users
2025-04-10 18:25:27,727 INFO [http-nio-8080-exec-10] es.proyecto.app.controller.CategoriesController: Successfully retrieved categories
2025-04-10 18:25:27,735 INFO [http-nio-8080-exec-7] es.proyecto.app.controller.ProductsController: Successfully fetched all products
2025-04-10 18:25:27,811 INFO [http-nio-8080-exec-8] es.proyecto.app.controller.ProductsController: Successfully fetched all products
2025-04-10 18:25:27,863 INFO [http-nio-8080-exec-7] es.proyecto.app.controller.ProductsController: Successfully fetched all products
2025-04-10 18:25:32,307 INFO [http-nio-8080-exec-6] es.proyecto.app.controller.ProductsController: Product with id 25 retrieved successfully
2025-04-10 18:25:32,316 INFO [http-nio-8080-exec-2] es.proyecto.app.controller.CategoriesController: Successfully retrieved categories
2025-04-10 18:25:32,380 INFO [http-nio-8080-exec-5] es.proyecto.app.controller.SubcategoriesController: Subcategory with id 5 retrieved successfully
2025-04-10 18:25:32,438 INFO [http-nio-8080-exec-6] es.proyecto.app.controller.CategoriesController: Category with id 3 retrieved successfully
2025-04-10 18:25:32,470 INFO [http-nio-8080-exec-7] es.proyecto.app.controller.ProductsController: Successfully fetched all products
2025-04-10 18:26:31,692 INFO [http-nio-8080-exec-4] es.proyecto.app.controller.OrdersController: Order created successfully: null
2025-04-10 18:26:50,824 INFO [http-nio-8080-exec-2] es.proyecto.app.controller.CategoriesController: Successfully retrieved categories
2025-04-10 18:26:50,863 INFO [http-nio-8080-exec-7] es.proyecto.app.controller.UsersController: Successfully fetched all users
2025-04-10 18:26:50,921 INFO [http-nio-8080-exec-9] es.proyecto.app.controller.ProductsController: Product with id 2 retrieved successfully
2025-04-10 18:26:50,953 INFO [http-nio-8080-exec-1] es.proyecto.app.controller.ProductsController: Product with id 32 retrieved successfully
2025-04-10 18:26:51,092 INFO [http-nio-8080-exec-5] es.proyecto.app.controller.ProductsController: Product with id 30 retrieved successfully
2025-04-10 18:26:51,129 INFO [http-nio-8080-exec-6] es.proyecto.app.controller.ProductsController: Product with id 4 retrieved successfully
2025-04-10 18:27:01,493 INFO [http-nio-8080-exec-6] es.proyecto.app.controller.CategoriesController: Successfully retrieved categories
2025-04-10 18:27:01,505 INFO [http-nio-8080-exec-10] es.proyecto.app.controller.ProductsController: Successfully fetched all products
2025-04-10 18:27:01,537 INFO [http-nio-8080-exec-3] es.proyecto.app.controller.CategoriesController: Successfully retrieved categories
2025-04-10 18:27:10,177 INFO [http-nio-8080-exec-1] es.proyecto.app.controller.CategoriesController: Successfully retrieved categories
2025-04-10 18:27:10,199 INFO [http-nio-8080-exec-10] es.proyecto.app.controller.UsersController: Successfully fetched all users
2025-04-10 18:27:10,276 INFO [http-nio-8080-exec-2] es.proyecto.app.controller.ProductsController: Product with id 2 retrieved successfully
2025-04-10 18:27:10,413 INFO [http-nio-8080-exec-6] es.proyecto.app.controller.ProductsController: Product with id 32 retrieved successfully
2025-04-10 18:27:10,436 INFO [http-nio-8080-exec-5] es.proyecto.app.controller.ProductsController: Product with id 30 retrieved successfully
2025-04-10 18:27:10,460 INFO [http-nio-8080-exec-10] es.proyecto.app.controller.ProductsController: Product with id 4 retrieved successfully
2025-04-10 18:27:16,258 INFO [http-nio-8080-exec-1] es.proyecto.app.controller.OrdersController: Order created successfully: null
2025-04-10 18:27:17,323 INFO [http-nio-8080-exec-2] es.proyecto.app.controller.CartController: manageCart called with userId: 3 and action: remove
2025-04-10 18:27:17,324 INFO [http-nio-8080-exec-2] es.proyecto.app.controller.CartController: Attempting to remove product from cart: product_id=2, quantity=1
2025-04-10 18:27:17,352 INFO [http-nio-8080-exec-2] es.proyecto.app.controller.CartController: Product removed successfully
2025-04-10 18:27:17,381 INFO [http-nio-8080-exec-4] es.proyecto.app.controller.CartController: manageCart called with userId: 3 and action: remove
2025-04-10 18:27:17,381 INFO [http-nio-8080-exec-4] es.proyecto.app.controller.CartController: Attempting to remove product from cart: product_id=32, quantity=1
2025-04-10 18:27:17,394 INFO [http-nio-8080-exec-4] es.proyecto.app.controller.CartController: Product removed successfully
2025-04-10 18:27:17,419 INFO [http-nio-8080-exec-6] es.proyecto.app.controller.CartController: manageCart called with userId: 3 and action: remove
2025-04-10 18:27:17,419 INFO [http-nio-8080-exec-6] es.proyecto.app.controller.CartController: Attempting to remove product from cart: product_id=30, quantity=1
2025-04-10 18:27:17,436 INFO [http-nio-8080-exec-6] es.proyecto.app.controller.CartController: Product removed successfully
2025-04-10 18:27:17,465 INFO [http-nio-8080-exec-8] es.proyecto.app.controller.CartController: manageCart called with userId: 3 and action: remove
2025-04-10 18:27:17,466 INFO [http-nio-8080-exec-8] es.proyecto.app.controller.CartController: Attempting to remove product from cart: product_id=4, quantity=1
2025-04-10 18:27:17,480 INFO [http-nio-8080-exec-8] es.proyecto.app.controller.CartController: Product removed successfully
2025-04-10 18:27:40,213 INFO [http-nio-8080-exec-4] es.proyecto.app.controller.CategoriesController: Successfully retrieved categories
2025-04-10 18:27:40,225 INFO [http-nio-8080-exec-8] es.proyecto.app.controller.ProductsController: Successfully fetched all products
2025-04-10 18:27:40,226 INFO [http-nio-8080-exec-6] es.proyecto.app.controller.UsersController: Successfully fetched all users
2025-04-10 18:27:40,275 INFO [http-nio-8080-exec-5] es.proyecto.app.controller.ProductsController: Successfully fetched all products
2025-04-10 18:27:40,320 INFO [http-nio-8080-exec-3] es.proyecto.app.controller.ProductsController: Successfully fetched all products
2025-04-10 18:27:47,195 INFO [http-nio-8080-exec-2] es.proyecto.app.controller.CartController: manageCart called with userId: 3 and action: add
2025-04-10 18:27:47,196 INFO [http-nio-8080-exec-2] es.proyecto.app.controller.CartController: Attempting to add product to cart: product_id=10, quantity=6
2025-04-10 18:27:47,200 INFO [http-nio-8080-exec-2] es.proyecto.app.service.CartService: addProductToCart called with userId: 3, productId: 10, quantity: 6
2025-04-10 18:27:47,212 INFO [http-nio-8080-exec-2] es.proyecto.app.service.CartService: New cart item created for userId: 3, productId: 10, quantity: 6
2025-04-10 18:27:47,213 INFO [http-nio-8080-exec-2] es.proyecto.app.service.CartService: Product added to cart for userId: 3, productId: 10
2025-04-10 18:27:47,234 INFO [http-nio-8080-exec-2] es.proyecto.app.controller.CartController: Product added successfully
2025-04-10 18:29:23,943 INFO [http-nio-8080-exec-7] es.proyecto.app.controller.AuthController: Token invalidado: eyJhbGciOiJIUzUxMiJ9.eyJzdWIiOiJqb3JnZUBleGFtcGxlLmNvbSIsImlhdCI6MTc0NDMwMjE4NCwiZXhwIjoxNzQ0MzA1Nzg0fQ.a2OHkkaL7JO13_e--k7pTjM33624-BMz8zetmm_oBP7um9rIuMMIPi8cKuSEwBMRRCc3AUR7NT4UcyCxwKZ07Q
2025-04-10 18:29:24,347 INFO [http-nio-8080-exec-8] es.proyecto.app.controller.CategoriesController: Successfully retrieved categories
2025-04-10 18:29:24,366 INFO [http-nio-8080-exec-5] es.proyecto.app.controller.ProductsController: Successfully fetched all products
2025-04-10 18:29:24,413 INFO [http-nio-8080-exec-10] es.proyecto.app.controller.ProductsController: Successfully fetched all products
2025-04-10 18:29:24,460 INFO [http-nio-8080-exec-7] es.proyecto.app.controller.ProductsController: Successfully fetched all products
2025-04-10 18:29:49,327 INFO [http-nio-8080-exec-10] es.proyecto.app.controller.AuthController: Attempting to log in with email: perico@example.com
2025-04-10 18:29:49,338 ERROR [http-nio-8080-exec-10] es.proyecto.app.controller.AuthController: Invalid login attempt for email: perico@example.com
2025-04-10 18:30:29,578 INFO [http-nio-8080-exec-5] es.proyecto.app.controller.AuthController: Attempting to register user with email: laura2@example.es
2025-04-10 18:30:29,780 INFO [http-nio-8080-exec-5] es.proyecto.app.controller.AuthController: User registered successfully with email: laura2@example.es
2025-04-10 18:30:30,221 INFO [http-nio-8080-exec-2] es.proyecto.app.controller.CategoriesController: Successfully retrieved categories
2025-04-10 18:30:30,237 INFO [http-nio-8080-exec-3] es.proyecto.app.controller.ProductsController: Successfully fetched all products
2025-04-10 18:30:30,275 INFO [http-nio-8080-exec-4] es.proyecto.app.controller.ProductsController: Successfully fetched all products
2025-04-10 18:30:30,347 INFO [http-nio-8080-exec-8] es.proyecto.app.controller.ProductsController: Successfully fetched all products
2025-04-10 18:30:44,498 INFO [http-nio-8080-exec-10] es.proyecto.app.controller.AuthController: Attempting to log in with email: laura@example.com
2025-04-10 18:30:44,633 ERROR [http-nio-8080-exec-10] es.proyecto.app.controller.AuthController: Invalid login attempt for email: laura@example.com
2025-04-10 18:30:58,425 INFO [http-nio-8080-exec-5] es.proyecto.app.controller.AuthController: Attempting to log in with email: laura@example.com
2025-04-10 18:30:58,559 ERROR [http-nio-8080-exec-5] es.proyecto.app.controller.AuthController: Invalid login attempt for email: laura@example.com
2025-04-10 18:31:58,890 INFO [http-nio-8080-exec-8] es.proyecto.app.controller.CategoriesController: Successfully retrieved categories
2025-04-10 18:31:58,906 INFO [http-nio-8080-exec-7] es.proyecto.app.controller.ProductsController: Successfully fetched all products
2025-04-10 18:31:58,956 INFO [http-nio-8080-exec-10] es.proyecto.app.controller.ProductsController: Successfully fetched all products
2025-04-10 18:31:58,993 INFO [http-nio-8080-exec-9] es.proyecto.app.controller.ProductsController: Successfully fetched all products
2025-04-10 18:32:22,165 INFO [http-nio-8080-exec-7] es.proyecto.app.controller.CategoriesController: Successfully retrieved categories
2025-04-10 18:32:22,184 INFO [http-nio-8080-exec-5] es.proyecto.app.controller.ProductsController: Successfully fetched all products
2025-04-10 18:32:22,224 INFO [http-nio-8080-exec-10] es.proyecto.app.controller.ProductsController: Successfully fetched all products
2025-04-10 18:32:22,293 INFO [http-nio-8080-exec-9] es.proyecto.app.controller.ProductsController: Successfully fetched all products
2025-04-10 19:34:11,211 INFO [http-nio-8080-exec-5] es.proyecto.app.controller.UsersController: User with id 6 retrieved successfully
2025-04-10 19:36:15,632 INFO [http-nio-8080-exec-8] es.proyecto.app.controller.UsersController: User with id 3 retrieved successfully
2025-04-10 19:37:40,026 INFO [http-nio-8080-exec-1] es.proyecto.app.controller.UsersController: User with id 3 retrieved successfully
2025-04-10 19:38:23,269 INFO [http-nio-8080-exec-4] es.proyecto.app.controller.AuthController: Attempting to log in with email: jorge@example.com
2025-04-10 19:38:23,344 INFO [http-nio-8080-exec-4] es.proyecto.app.controller.AuthController: User logged in successfully: jorge@example.com
2025-04-10 19:38:23,372 INFO [http-nio-8080-exec-2] es.proyecto.app.controller.UsersController: Successfully fetched all users
2025-04-10 19:38:23,616 INFO [http-nio-8080-exec-4] es.proyecto.app.controller.CategoriesController: Successfully retrieved categories
2025-04-10 19:38:23,627 INFO [http-nio-8080-exec-1] es.proyecto.app.controller.UsersController: Successfully fetched all users
2025-04-10 19:38:23,633 INFO [http-nio-8080-exec-10] es.proyecto.app.controller.ProductsController: Successfully fetched all products
2025-04-10 19:38:23,672 INFO [http-nio-8080-exec-7] es.proyecto.app.controller.ProductsController: Successfully fetched all products
2025-04-10 19:38:23,714 INFO [http-nio-8080-exec-2] es.proyecto.app.controller.ProductsController: Successfully fetched all products
2025-04-10 19:38:38,348 INFO [http-nio-8080-exec-9] es.proyecto.app.controller.CategoriesController: Successfully retrieved categories
2025-04-10 19:38:38,385 INFO [http-nio-8080-exec-10] es.proyecto.app.controller.UsersController: Successfully fetched all users
2025-04-10 19:38:38,474 INFO [http-nio-8080-exec-3] es.proyecto.app.controller.ProductsController: Product with id 10 retrieved successfully
2025-04-10 19:38:51,807 INFO [http-nio-8080-exec-8] es.proyecto.app.controller.AuthController: Token invalidado: eyJhbGciOiJIUzUxMiJ9.eyJzdWIiOiJqb3JnZUBleGFtcGxlLmNvbSIsImlhdCI6MTc0NDMwNjcwMywiZXhwIjoxNzQ0MzEwMzAzfQ.H8i6N_uvRfYoEufobI63LG3PjQg_yrxFDX7kLUw1fHHCMg3CcuWmhcpVYvRcG-x2nb3haUTm1axFRWlRrmw_hA
2025-04-10 19:38:52,031 INFO [http-nio-8080-exec-5] es.proyecto.app.controller.CategoriesController: Successfully retrieved categories
2025-04-10 19:38:52,047 INFO [http-nio-8080-exec-10] es.proyecto.app.controller.ProductsController: Successfully fetched all products
2025-04-10 19:38:52,087 INFO [http-nio-8080-exec-9] es.proyecto.app.controller.ProductsController: Successfully fetched all products
2025-04-10 19:38:52,124 INFO [http-nio-8080-exec-6] es.proyecto.app.controller.ProductsController: Successfully fetched all products
2025-04-10 19:39:54,150 INFO [http-nio-8080-exec-2] es.proyecto.app.controller.AuthController: Attempting to register user with email: laura1@example.es
2025-04-10 19:39:54,246 INFO [http-nio-8080-exec-2] es.proyecto.app.controller.AuthController: User registered successfully with email: laura1@example.es
2025-04-10 19:39:54,605 INFO [http-nio-8080-exec-1] es.proyecto.app.controller.CategoriesController: Successfully retrieved categories
2025-04-10 19:39:54,616 INFO [http-nio-8080-exec-8] es.proyecto.app.controller.ProductsController: Successfully fetched all products
2025-04-10 19:39:54,662 INFO [http-nio-8080-exec-4] es.proyecto.app.controller.ProductsController: Successfully fetched all products
2025-04-10 19:39:54,719 INFO [http-nio-8080-exec-6] es.proyecto.app.controller.ProductsController: Successfully fetched all products
2025-04-10 19:40:10,132 INFO [http-nio-8080-exec-10] es.proyecto.app.controller.AuthController: Attempting to log in with email: laura1@example.es
2025-04-10 19:40:10,199 INFO [http-nio-8080-exec-10] es.proyecto.app.controller.AuthController: User logged in successfully: laura1@example.es
2025-04-10 19:40:10,220 INFO [http-nio-8080-exec-8] es.proyecto.app.controller.UsersController: Successfully fetched all users
2025-04-10 19:40:10,453 INFO [http-nio-8080-exec-3] es.proyecto.app.controller.CategoriesController: Successfully retrieved categories
2025-04-10 19:40:10,464 INFO [http-nio-8080-exec-8] es.proyecto.app.controller.ProductsController: Successfully fetched all products
2025-04-10 19:40:10,465 INFO [http-nio-8080-exec-7] es.proyecto.app.controller.UsersController: Successfully fetched all users
2025-04-10 19:40:10,507 INFO [http-nio-8080-exec-10] es.proyecto.app.controller.ProductsController: Successfully fetched all products
2025-04-10 19:40:10,537 INFO [http-nio-8080-exec-7] es.proyecto.app.controller.ProductsController: Successfully fetched all products
2025-04-10 19:41:09,512 INFO [http-nio-8080-exec-8] es.proyecto.app.controller.CategoriesController: Successfully retrieved categories
2025-04-10 19:41:09,519 INFO [http-nio-8080-exec-7] es.proyecto.app.controller.ProductsController: Successfully fetched all products
2025-04-10 19:41:09,561 INFO [http-nio-8080-exec-5] es.proyecto.app.controller.CategoriesController: Successfully retrieved categories
2025-04-10 19:41:25,828 INFO [http-nio-8080-exec-2] es.proyecto.app.controller.ProductsController: Successfully fetched all products
2025-04-10 19:41:42,270 INFO [http-nio-8080-exec-6] es.proyecto.app.controller.ProductsController: Successfully fetched all products
2025-04-10 19:41:57,653 INFO [http-nio-8080-exec-5] es.proyecto.app.controller.ProductsController: Successfully fetched all products
2025-04-10 19:42:05,928 INFO [http-nio-8080-exec-3] es.proyecto.app.controller.ProductsController: Successfully fetched all products
2025-04-10 19:42:18,163 INFO [http-nio-8080-exec-6] es.proyecto.app.controller.ProductsController: Successfully fetched all products
2025-04-10 19:42:34,438 INFO [http-nio-8080-exec-9] es.proyecto.app.controller.CategoriesController: Category with id 2 retrieved successfully
2025-04-10 19:42:34,462 INFO [http-nio-8080-exec-7] es.proyecto.app.controller.ProductsController: Successfully fetched all products
2025-04-10 19:42:46,784 INFO [http-nio-8080-exec-6] es.proyecto.app.controller.ProductsController: Successfully fetched all products
2025-04-10 19:42:52,869 INFO [http-nio-8080-exec-4] es.proyecto.app.controller.CategoriesController: Category with id 4 retrieved successfully
2025-04-10 19:42:52,889 INFO [http-nio-8080-exec-3] es.proyecto.app.controller.ProductsController: Successfully fetched all products
2025-04-10 19:43:07,507 INFO [http-nio-8080-exec-4] es.proyecto.app.controller.CategoriesController: Successfully retrieved categories
2025-04-10 19:43:07,514 INFO [http-nio-8080-exec-3] es.proyecto.app.controller.ProductsController: Successfully fetched all products
2025-04-10 19:43:07,554 INFO [http-nio-8080-exec-10] es.proyecto.app.controller.CategoriesController: Successfully retrieved categories
2025-04-10 19:43:15,022 INFO [http-nio-8080-exec-3] es.proyecto.app.controller.ProductsController: Product with id 12 retrieved successfully
2025-04-10 19:43:15,036 INFO [http-nio-8080-exec-7] es.proyecto.app.controller.CategoriesController: Successfully retrieved categories
2025-04-10 19:43:15,080 INFO [http-nio-8080-exec-4] es.proyecto.app.controller.SubcategoriesController: Subcategory with id 3 retrieved successfully
2025-04-10 19:43:15,095 INFO [http-nio-8080-exec-1] es.proyecto.app.controller.CategoriesController: Category with id 2 retrieved successfully
2025-04-10 19:43:15,122 INFO [http-nio-8080-exec-5] es.proyecto.app.controller.ProductsController: Successfully fetched all products
2025-04-10 19:44:07,275 INFO [http-nio-8080-exec-5] es.proyecto.app.controller.ProductsController: Product with id 26 retrieved successfully
2025-04-10 19:44:07,290 INFO [http-nio-8080-exec-2] es.proyecto.app.controller.CategoriesController: Successfully retrieved categories
2025-04-10 19:44:07,310 INFO [http-nio-8080-exec-9] es.proyecto.app.controller.SubcategoriesController: Subcategory with id 5 retrieved successfully
2025-04-10 19:44:07,341 INFO [http-nio-8080-exec-10] es.proyecto.app.controller.CategoriesController: Category with id 3 retrieved successfully
2025-04-10 19:44:07,395 INFO [http-nio-8080-exec-4] es.proyecto.app.controller.ProductsController: Successfully fetched all products
2025-04-10 19:44:54,402 INFO [http-nio-8080-exec-3] es.proyecto.app.controller.CartController: manageCart called with userId: 8 and action: add
2025-04-10 19:44:54,403 INFO [http-nio-8080-exec-3] es.proyecto.app.controller.CartController: Attempting to add product to cart: product_id=26, quantity=5
2025-04-10 19:44:54,405 INFO [http-nio-8080-exec-3] es.proyecto.app.service.CartService: addProductToCart called with userId: 8, productId: 26, quantity: 5
2025-04-10 19:44:54,417 INFO [http-nio-8080-exec-3] es.proyecto.app.service.CartService: New cart item created for userId: 8, productId: 26, quantity: 5
2025-04-10 19:44:54,422 INFO [http-nio-8080-exec-3] es.proyecto.app.service.CartService: Product added to cart for userId: 8, productId: 26
2025-04-10 19:44:54,427 INFO [http-nio-8080-exec-3] es.proyecto.app.controller.CartController: Product added successfully
2025-04-10 19:44:58,211 INFO [http-nio-8080-exec-7] es.proyecto.app.controller.CategoriesController: Successfully retrieved categories
2025-04-10 19:44:58,221 INFO [http-nio-8080-exec-3] es.proyecto.app.controller.UsersController: Successfully fetched all users
2025-04-10 19:44:58,293 INFO [http-nio-8080-exec-7] es.proyecto.app.controller.ProductsController: Product with id 26 retrieved successfully
2025-04-10 19:45:13,005 INFO [http-nio-8080-exec-5] es.proyecto.app.controller.CartController: manageCart called with userId: 8 and action: modify
2025-04-10 19:45:13,006 INFO [http-nio-8080-exec-5] es.proyecto.app.controller.CartController: Attempting to modify product in cart: product_id=26, quantity=3
2025-04-10 19:45:13,018 INFO [http-nio-8080-exec-5] es.proyecto.app.controller.CartController: Product modified successfully
2025-04-10 19:45:13,063 INFO [http-nio-8080-exec-8] es.proyecto.app.controller.ProductsController: Product with id 26 retrieved successfully
2025-04-10 19:45:18,169 INFO [http-nio-8080-exec-8] es.proyecto.app.controller.CategoriesController: Successfully retrieved categories
2025-04-10 19:45:18,176 INFO [http-nio-8080-exec-9] es.proyecto.app.controller.ProductsController: Successfully fetched all products
2025-04-10 19:45:18,216 INFO [http-nio-8080-exec-1] es.proyecto.app.controller.CategoriesController: Successfully retrieved categories
2025-04-10 19:45:21,613 INFO [http-nio-8080-exec-8] es.proyecto.app.controller.CategoriesController: Successfully retrieved categories
2025-04-10 19:45:21,653 INFO [http-nio-8080-exec-10] es.proyecto.app.controller.UsersController: Successfully fetched all users
2025-04-10 19:45:21,670 INFO [http-nio-8080-exec-5] es.proyecto.app.controller.ProductsController: Product with id 26 retrieved successfully
2025-04-10 19:45:32,733 INFO [http-nio-8080-exec-3] es.proyecto.app.controller.CartController: manageCart called with userId: 8 and action: remove
2025-04-10 19:45:32,734 INFO [http-nio-8080-exec-3] es.proyecto.app.controller.CartController: Attempting to remove product from cart: product_id=26, quantity=3
2025-04-10 19:45:32,752 INFO [http-nio-8080-exec-3] es.proyecto.app.controller.CartController: Product removed successfully
2025-04-10 19:45:37,168 INFO [http-nio-8080-exec-3] es.proyecto.app.controller.CategoriesController: Successfully retrieved categories
2025-04-10 19:45:37,182 INFO [http-nio-8080-exec-1] es.proyecto.app.controller.ProductsController: Successfully fetched all products
2025-04-10 19:45:37,203 INFO [http-nio-8080-exec-10] es.proyecto.app.controller.CategoriesController: Successfully retrieved categories
2025-04-10 19:45:39,357 INFO [http-nio-8080-exec-10] es.proyecto.app.controller.ProductsController: Product with id 5 retrieved successfully
2025-04-10 19:45:39,364 INFO [http-nio-8080-exec-7] es.proyecto.app.controller.CategoriesController: Successfully retrieved categories
2025-04-10 19:45:39,391 INFO [http-nio-8080-exec-2] es.proyecto.app.controller.SubcategoriesController: Subcategory with id 1 retrieved successfully
2025-04-10 19:45:39,401 INFO [http-nio-8080-exec-6] es.proyecto.app.controller.CategoriesController: Category with id 1 retrieved successfully
2025-04-10 19:45:39,423 INFO [http-nio-8080-exec-3] es.proyecto.app.controller.ProductsController: Successfully fetched all products
2025-04-10 19:45:44,789 INFO [http-nio-8080-exec-10] es.proyecto.app.controller.CartController: manageCart called with userId: 8 and action: add
2025-04-10 19:45:44,789 INFO [http-nio-8080-exec-10] es.proyecto.app.controller.CartController: Attempting to add product to cart: product_id=5, quantity=500
2025-04-10 19:45:44,790 INFO [http-nio-8080-exec-10] es.proyecto.app.service.CartService: addProductToCart called with userId: 8, productId: 5, quantity: 500
2025-04-10 19:45:44,798 INFO [http-nio-8080-exec-10] es.proyecto.app.service.CartService: New cart item created for userId: 8, productId: 5, quantity: 500
2025-04-10 19:45:44,798 INFO [http-nio-8080-exec-10] es.proyecto.app.service.CartService: Product added to cart for userId: 8, productId: 5
2025-04-10 19:45:44,802 INFO [http-nio-8080-exec-10] es.proyecto.app.controller.CartController: Product added successfully
2025-04-10 19:45:48,002 INFO [http-nio-8080-exec-1] es.proyecto.app.controller.CategoriesController: Successfully retrieved categories
2025-04-10 19:45:48,013 INFO [http-nio-8080-exec-10] es.proyecto.app.controller.UsersController: Successfully fetched all users
2025-04-10 19:45:48,060 INFO [http-nio-8080-exec-2] es.proyecto.app.controller.ProductsController: Product with id 5 retrieved successfully
2025-04-10 19:45:51,934 INFO [http-nio-8080-exec-6] es.proyecto.app.controller.OrdersController: Order created successfully: null
2025-04-10 19:45:54,297 INFO [http-nio-8080-exec-10] es.proyecto.app.controller.CartController: manageCart called with userId: 8 and action: remove
2025-04-10 19:45:54,298 INFO [http-nio-8080-exec-10] es.proyecto.app.controller.CartController: Attempting to remove product from cart: product_id=5, quantity=500
2025-04-10 19:45:54,313 INFO [http-nio-8080-exec-10] es.proyecto.app.controller.CartController: Product removed successfully
2025-04-10 19:46:29,769 INFO [http-nio-8080-exec-10] es.proyecto.app.controller.CategoriesController: Successfully retrieved categories
2025-04-10 19:46:29,775 INFO [http-nio-8080-exec-5] es.proyecto.app.controller.ProductsController: Successfully fetched all products
2025-04-10 19:46:29,812 INFO [http-nio-8080-exec-6] es.proyecto.app.controller.CategoriesController: Successfully retrieved categories
2025-04-10 19:46:31,273 INFO [http-nio-8080-exec-3] es.proyecto.app.controller.ProductsController: Product with id 12 retrieved successfully
2025-04-10 19:46:31,281 INFO [http-nio-8080-exec-4] es.proyecto.app.controller.CategoriesController: Successfully retrieved categories
2025-04-10 19:46:31,306 INFO [http-nio-8080-exec-1] es.proyecto.app.controller.SubcategoriesController: Subcategory with id 3 retrieved successfully
2025-04-10 19:46:31,338 INFO [http-nio-8080-exec-4] es.proyecto.app.controller.CategoriesController: Category with id 2 retrieved successfully
2025-04-10 19:46:31,367 INFO [http-nio-8080-exec-7] es.proyecto.app.controller.ProductsController: Successfully fetched all products
2025-04-10 19:46:34,830 INFO [http-nio-8080-exec-1] es.proyecto.app.controller.CartController: manageCart called with userId: 8 and action: add
2025-04-10 19:46:34,832 INFO [http-nio-8080-exec-1] es.proyecto.app.controller.CartController: Attempting to add product to cart: product_id=12, quantity=4
2025-04-10 19:46:34,833 INFO [http-nio-8080-exec-1] es.proyecto.app.service.CartService: addProductToCart called with userId: 8, productId: 12, quantity: 4
2025-04-10 19:46:34,840 INFO [http-nio-8080-exec-1] es.proyecto.app.service.CartService: New cart item created for userId: 8, productId: 12, quantity: 4
2025-04-10 19:46:34,841 INFO [http-nio-8080-exec-1] es.proyecto.app.service.CartService: Product added to cart for userId: 8, productId: 12
2025-04-10 19:46:34,845 INFO [http-nio-8080-exec-1] es.proyecto.app.controller.CartController: Product added successfully
2025-04-10 19:46:39,986 INFO [http-nio-8080-exec-10] es.proyecto.app.controller.CategoriesController: Successfully retrieved categories
2025-04-10 19:46:39,995 INFO [http-nio-8080-exec-1] es.proyecto.app.controller.ProductsController: Successfully fetched all products
2025-04-10 19:46:40,017 INFO [http-nio-8080-exec-6] es.proyecto.app.controller.CategoriesController: Successfully retrieved categories
2025-04-10 19:46:41,542 INFO [http-nio-8080-exec-3] es.proyecto.app.controller.ProductsController: Product with id 30 retrieved successfully
2025-04-10 19:46:41,550 INFO [http-nio-8080-exec-1] es.proyecto.app.controller.CategoriesController: Successfully retrieved categories
2025-04-10 19:46:41,571 INFO [http-nio-8080-exec-6] es.proyecto.app.controller.SubcategoriesController: Subcategory with id 6 retrieved successfully
2025-04-10 19:46:41,583 INFO [http-nio-8080-exec-8] es.proyecto.app.controller.CategoriesController: Category with id 3 retrieved successfully
2025-04-10 19:46:41,611 INFO [http-nio-8080-exec-7] es.proyecto.app.controller.ProductsController: Successfully fetched all products
2025-04-10 19:46:45,173 INFO [http-nio-8080-exec-3] es.proyecto.app.controller.CartController: manageCart called with userId: 8 and action: add
2025-04-10 19:46:45,173 INFO [http-nio-8080-exec-3] es.proyecto.app.controller.CartController: Attempting to add product to cart: product_id=30, quantity=5
2025-04-10 19:46:45,174 INFO [http-nio-8080-exec-3] es.proyecto.app.service.CartService: addProductToCart called with userId: 8, productId: 30, quantity: 5
2025-04-10 19:46:45,180 INFO [http-nio-8080-exec-3] es.proyecto.app.service.CartService: New cart item created for userId: 8, productId: 30, quantity: 5
2025-04-10 19:46:45,181 INFO [http-nio-8080-exec-3] es.proyecto.app.service.CartService: Product added to cart for userId: 8, productId: 30
2025-04-10 19:46:45,188 INFO [http-nio-8080-exec-3] es.proyecto.app.controller.CartController: Product added successfully
2025-04-10 19:46:48,610 INFO [http-nio-8080-exec-5] es.proyecto.app.controller.CategoriesController: Successfully retrieved categories
2025-04-10 19:46:48,622 INFO [http-nio-8080-exec-3] es.proyecto.app.controller.UsersController: Successfully fetched all users
2025-04-10 19:46:48,695 INFO [http-nio-8080-exec-10] es.proyecto.app.controller.ProductsController: Product with id 12 retrieved successfully
2025-04-10 19:46:48,713 INFO [http-nio-8080-exec-7] es.proyecto.app.controller.ProductsController: Product with id 30 retrieved successfully
2025-04-10 19:47:19,404 INFO [http-nio-8080-exec-4] es.proyecto.app.controller.AuthController: Token invalidado: eyJhbGciOiJIUzUxMiJ9.eyJzdWIiOiJsYXVyYTFAZXhhbXBsZS5lcyIsImlhdCI6MTc0NDMwNjgxMCwiZXhwIjoxNzQ0MzEwNDEwfQ.LImj8VuGMNmDsdzzpuFTzRwhIm8QDFHy2vy9GU5THtxKYnT-C_ycDevEgRPNIjPVOfPOIv6VYOJukICtVDQgfQ
2025-04-10 19:47:19,536 INFO [http-nio-8080-exec-3] es.proyecto.app.controller.CategoriesController: Successfully retrieved categories
2025-04-10 19:47:19,551 INFO [http-nio-8080-exec-7] es.proyecto.app.controller.ProductsController: Successfully fetched all products
2025-04-10 19:47:19,602 INFO [http-nio-8080-exec-6] es.proyecto.app.controller.ProductsController: Successfully fetched all products
2025-04-10 19:47:19,629 INFO [http-nio-8080-exec-3] es.proyecto.app.controller.ProductsController: Successfully fetched all products
2025-04-10 19:47:27,378 INFO [http-nio-8080-exec-6] es.proyecto.app.controller.AuthController: Attempting to log in with email: jorge@example.com
2025-04-10 19:47:27,446 INFO [http-nio-8080-exec-6] es.proyecto.app.controller.AuthController: User logged in successfully: jorge@example.com
2025-04-10 19:47:27,463 INFO [http-nio-8080-exec-3] es.proyecto.app.controller.UsersController: Successfully fetched all users
2025-04-10 19:47:27,592 INFO [http-nio-8080-exec-8] es.proyecto.app.controller.CategoriesController: Successfully retrieved categories
2025-04-10 19:47:27,597 INFO [http-nio-8080-exec-1] es.proyecto.app.controller.UsersController: Successfully fetched all users
2025-04-10 19:47:27,598 INFO [http-nio-8080-exec-6] es.proyecto.app.controller.ProductsController: Successfully fetched all products
2025-04-10 19:47:27,634 INFO [http-nio-8080-exec-5] es.proyecto.app.controller.ProductsController: Successfully fetched all products
2025-04-10 19:47:27,667 INFO [http-nio-8080-exec-2] es.proyecto.app.controller.ProductsController: Successfully fetched all products
2025-04-10 19:47:29,888 INFO [http-nio-8080-exec-7] es.proyecto.app.controller.CategoriesController: Successfully retrieved categories
2025-04-10 19:47:29,893 INFO [http-nio-8080-exec-5] es.proyecto.app.controller.UsersController: Successfully fetched all users
2025-04-10 19:47:29,926 INFO [http-nio-8080-exec-9] es.proyecto.app.controller.ProductsController: Product with id 10 retrieved successfully
2025-04-10 19:47:39,525 INFO [http-nio-8080-exec-5] es.proyecto.app.controller.OrdersController: Order created successfully: null
2025-04-10 19:47:41,087 INFO [http-nio-8080-exec-3] es.proyecto.app.controller.CartController: manageCart called with userId: 3 and action: remove
2025-04-10 19:47:41,087 INFO [http-nio-8080-exec-3] es.proyecto.app.controller.CartController: Attempting to remove product from cart: product_id=10, quantity=6
2025-04-10 19:47:41,101 INFO [http-nio-8080-exec-3] es.proyecto.app.controller.CartController: Product removed successfully
2025-04-10 19:48:16,026 INFO [http-nio-8080-exec-5] es.proyecto.app.controller.CategoriesController: Successfully retrieved categories
2025-04-10 19:48:16,038 INFO [http-nio-8080-exec-4] es.proyecto.app.controller.UsersController: Successfully fetched all users
2025-04-10 19:48:16,038 INFO [http-nio-8080-exec-3] es.proyecto.app.controller.ProductsController: Successfully fetched all products
2025-04-10 19:48:16,069 INFO [http-nio-8080-exec-8] es.proyecto.app.controller.ProductsController: Successfully fetched all products
2025-04-10 19:48:16,107 INFO [http-nio-8080-exec-10] es.proyecto.app.controller.ProductsController: Successfully fetched all products
2025-04-10 20:23:05,887 INFO [main] org.springframework.boot.StartupInfoLogger: Starting MockMvcPerformanceTest using Java 17.0.13 with PID 20904 (started by Spekt in C:\Users\Spekt\Desktop\DAW\proyecto\app)
2025-04-10 20:23:05,893 INFO [main] org.springframework.boot.SpringApplication: No active profile set, falling back to 1 default profile: "default"
2025-04-10 20:23:14,852 WARN [main] org.springframework.boot.autoconfigure.orm.jpa.JpaBaseConfiguration$JpaWebConfiguration: spring.jpa.open-in-view is enabled by default. Therefore, database queries may be performed during view rendering. Explicitly configure spring.jpa.open-in-view to disable this warning
2025-04-10 20:23:14,904 WARN [main] org.springframework.boot.autoconfigure.security.servlet.UserDetailsServiceAutoConfiguration: 

Using generated security password: f0b5a275-7281-47ee-9c8e-f7c3bfea8ded

This generated password is for development use only. Your security configuration must be updated before running your application in production.

2025-04-10 20:23:16,544 INFO [main] org.springframework.boot.StartupInfoLogger: Started MockMvcPerformanceTest in 11.252 seconds (process running for 16.785)
2025-04-10 20:23:17,983 INFO [main] es.proyecto.app.controller.SubcategoriesController: Successfully fetched all subcategories
2025-04-10 20:23:18,259 INFO [main] es.proyecto.app.controller.CategoriesController: Successfully retrieved categories
2025-04-10 20:23:18,300 INFO [main] es.proyecto.app.controller.RolesController: Successfully fetched all roles
2025-04-10 20:23:18,363 INFO [main] es.proyecto.app.controller.UsersController: Successfully fetched all users
2025-04-10 20:23:18,440 INFO [main] es.proyecto.app.controller.ProductsController: Successfully fetched all products
2025-04-10 20:23:18,533 INFO [main] es.proyecto.app.controller.OrdersController: Successfully fetched all orders
2025-04-10 20:23:54,273 INFO [main] org.springframework.boot.StartupInfoLogger: Starting ProductsControllerTest using Java 17.0.13 with PID 21320 (started by Spekt in C:\Users\Spekt\Desktop\DAW\proyecto\app)
2025-04-10 20:23:54,280 INFO [main] org.springframework.boot.SpringApplication: No active profile set, falling back to 1 default profile: "default"
2025-04-10 20:24:02,750 WARN [main] org.springframework.boot.autoconfigure.orm.jpa.JpaBaseConfiguration$JpaWebConfiguration: spring.jpa.open-in-view is enabled by default. Therefore, database queries may be performed during view rendering. Explicitly configure spring.jpa.open-in-view to disable this warning
2025-04-10 20:24:02,800 WARN [main] org.springframework.boot.autoconfigure.security.servlet.UserDetailsServiceAutoConfiguration: 

Using generated security password: 5f7a19ee-70a7-4233-8911-1e4c9b2c0893

This generated password is for development use only. Your security configuration must be updated before running your application in production.

2025-04-10 20:24:04,326 INFO [main] org.springframework.boot.StartupInfoLogger: Started ProductsControllerTest in 10.479 seconds (process running for 13.061)
2025-04-10 20:24:05,589 ERROR [main] es.proyecto.app.controller.ProductsController: Invalid product name
2025-04-10 20:24:05,743 INFO [main] es.proyecto.app.controller.ProductsController: Product with id 1 retrieved successfully
2025-04-10 20:24:05,774 INFO [main] es.proyecto.app.controller.ProductsController: Product with id 1 deleted successfully
2025-04-10 20:24:05,837 INFO [main] es.proyecto.app.controller.ProductsController: Product created successfully: 1
2025-04-10 20:24:05,858 INFO [main] es.proyecto.app.controller.ProductsController: Product with id 1 updated successfully
