2025-03-20 00:18:15,523 INFO [restartedMain] org.springframework.boot.StartupInfoLogger: Starting AppApplication using Java 17.0.13 with PID 10000 (C:\Users\Spekt\Desktop\DAW\proyecto\app\target\classes started by Spekt in C:\Users\Spekt\Desktop\DAW\proyecto\app)
2025-03-20 00:18:15,532 INFO [restartedMain] org.springframework.boot.SpringApplication: No active profile set, falling back to 1 default profile: "default"
2025-03-20 00:18:23,251 WARN [restartedMain] org.springframework.boot.autoconfigure.orm.jpa.JpaBaseConfiguration$JpaWebConfiguration: spring.jpa.open-in-view is enabled by default. Therefore, database queries may be performed during view rendering. Explicitly configure spring.jpa.open-in-view to disable this warning
2025-03-20 00:18:23,286 WARN [restartedMain] org.springframework.boot.autoconfigure.security.servlet.UserDetailsServiceAutoConfiguration: 

Using generated security password: f5f644f9-915c-402c-a5aa-7f4d90610fe9

This generated password is for development use only. Your security configuration must be updated before running your application in production.

2025-03-20 00:18:24,411 INFO [restartedMain] org.springframework.boot.StartupInfoLogger: Started AppApplication in 9.497 seconds (process running for 10.672)
2025-03-20 00:19:15,039 INFO [restartedMain] org.springframework.boot.StartupInfoLogger: Starting AppApplication using Java 17.0.13 with PID 17488 (C:\Users\Spekt\Desktop\DAW\proyecto\app\target\classes started by Spekt in C:\Users\Spekt\Desktop\DAW\proyecto\app)
2025-03-20 00:19:15,045 INFO [restartedMain] org.springframework.boot.SpringApplication: No active profile set, falling back to 1 default profile: "default"
2025-03-20 00:19:22,942 WARN [restartedMain] org.springframework.boot.autoconfigure.orm.jpa.JpaBaseConfiguration$JpaWebConfiguration: spring.jpa.open-in-view is enabled by default. Therefore, database queries may be performed during view rendering. Explicitly configure spring.jpa.open-in-view to disable this warning
2025-03-20 00:19:22,973 WARN [restartedMain] org.springframework.boot.autoconfigure.security.servlet.UserDetailsServiceAutoConfiguration: 

Using generated security password: bfb42c31-fd1b-4af1-8dd5-ebf16bfb216a

This generated password is for development use only. Your security configuration must be updated before running your application in production.

2025-03-20 00:19:23,977 INFO [restartedMain] org.springframework.boot.StartupInfoLogger: Started AppApplication in 9.634 seconds (process running for 10.778)
2025-03-20 00:19:29,907 INFO [http-nio-8080-exec-10] es.proyecto.app.controller.UsersController: Successfully fetched all users
2025-03-20 00:19:35,114 INFO [http-nio-8080-exec-1] es.proyecto.app.controller.AuthController: Attempting to log in with email: jorge@example.com
2025-03-20 00:19:35,325 INFO [http-nio-8080-exec-1] es.proyecto.app.controller.AuthController: User logged in successfully: jorge@example.com
2025-03-20 00:19:35,365 INFO [http-nio-8080-exec-3] es.proyecto.app.controller.UsersController: Successfully fetched all users
2025-03-20 00:19:35,838 INFO [http-nio-8080-exec-1] es.proyecto.app.controller.UsersController: Successfully fetched all users
2025-03-20 00:19:35,918 INFO [http-nio-8080-exec-8] es.proyecto.app.controller.ProductsController: Successfully fetched all products
2025-03-20 00:19:35,937 INFO [http-nio-8080-exec-9] es.proyecto.app.controller.CategoriesController: Successfully retrieved categories
2025-03-20 00:19:35,989 INFO [http-nio-8080-exec-5] es.proyecto.app.controller.ProductsController: Successfully fetched all products
2025-03-20 00:19:36,070 INFO [http-nio-8080-exec-7] es.proyecto.app.controller.ProductsController: Successfully fetched all products
2025-03-20 00:19:41,073 INFO [http-nio-8080-exec-9] es.proyecto.app.controller.UsersController: Successfully fetched all users
2025-03-20 00:19:41,167 INFO [http-nio-8080-exec-7] es.proyecto.app.controller.CategoriesController: Successfully retrieved categories
2025-03-20 00:19:41,189 INFO [http-nio-8080-exec-1] es.proyecto.app.controller.ProductsController: Product with id 19 retrieved successfully
2025-03-20 00:19:41,213 INFO [http-nio-8080-exec-8] es.proyecto.app.controller.ProductsController: Product with id 29 retrieved successfully
2025-03-20 00:19:41,241 INFO [http-nio-8080-exec-9] es.proyecto.app.controller.ProductsController: Product with id 26 retrieved successfully
2025-03-20 00:19:44,381 INFO [http-nio-8080-exec-6] es.proyecto.app.controller.OrdersController: Order created successfully: null
2025-03-20 00:19:53,212 INFO [http-nio-8080-exec-2] es.proyecto.app.controller.CategoriesController: Successfully retrieved categories
2025-03-20 00:19:53,211 INFO [http-nio-8080-exec-6] es.proyecto.app.controller.UsersController: Successfully fetched all users
2025-03-20 00:19:53,228 INFO [http-nio-8080-exec-5] es.proyecto.app.controller.ProductsController: Product with id 19 retrieved successfully
2025-03-20 00:19:53,308 INFO [http-nio-8080-exec-8] es.proyecto.app.controller.ProductsController: Product with id 29 retrieved successfully
2025-03-20 00:19:53,342 INFO [http-nio-8080-exec-1] es.proyecto.app.controller.ProductsController: Product with id 26 retrieved successfully
2025-03-20 00:30:25,422 INFO [restartedMain] org.springframework.boot.StartupInfoLogger: Starting AppApplication using Java 17.0.13 with PID 8812 (C:\Users\Spekt\Desktop\DAW\proyecto\app\target\classes started by Spekt in C:\Users\Spekt\Desktop\DAW\proyecto\app)
2025-03-20 00:30:25,427 INFO [restartedMain] org.springframework.boot.SpringApplication: No active profile set, falling back to 1 default profile: "default"
2025-03-20 00:30:36,909 WARN [restartedMain] org.springframework.boot.autoconfigure.orm.jpa.JpaBaseConfiguration$JpaWebConfiguration: spring.jpa.open-in-view is enabled by default. Therefore, database queries may be performed during view rendering. Explicitly configure spring.jpa.open-in-view to disable this warning
2025-03-20 00:30:36,954 WARN [restartedMain] org.springframework.boot.autoconfigure.security.servlet.UserDetailsServiceAutoConfiguration: 

Using generated security password: af3d6b7d-b418-4a0d-b022-76d4ccf729b0

This generated password is for development use only. Your security configuration must be updated before running your application in production.

2025-03-20 00:30:38,672 INFO [restartedMain] org.springframework.boot.StartupInfoLogger: Started AppApplication in 13.891 seconds (process running for 15.061)
2025-03-20 00:31:39,240 ERROR [http-nio-8080-exec-8] es.proyecto.app.controller.CartController: Unauthorized access: no authenticated user found
2025-03-20 00:31:39,299 INFO [http-nio-8080-exec-10] es.proyecto.app.controller.UsersController: Successfully fetched all users
2025-03-20 00:31:39,315 INFO [http-nio-8080-exec-9] es.proyecto.app.controller.CategoriesController: Successfully retrieved categories
2025-03-20 00:31:45,087 INFO [http-nio-8080-exec-2] es.proyecto.app.controller.UsersController: Successfully fetched all users
2025-03-20 00:31:51,255 INFO [http-nio-8080-exec-4] es.proyecto.app.controller.AuthController: Attempting to log in with email: jorge@example.com
2025-03-20 00:31:51,417 INFO [http-nio-8080-exec-4] es.proyecto.app.controller.AuthController: User logged in successfully: jorge@example.com
2025-03-20 00:31:51,455 INFO [http-nio-8080-exec-1] es.proyecto.app.controller.UsersController: Successfully fetched all users
2025-03-20 00:31:51,932 INFO [http-nio-8080-exec-5] es.proyecto.app.controller.CategoriesController: Successfully retrieved categories
2025-03-20 00:31:51,939 INFO [http-nio-8080-exec-6] es.proyecto.app.controller.UsersController: Successfully fetched all users
2025-03-20 00:31:52,026 INFO [http-nio-8080-exec-10] es.proyecto.app.controller.ProductsController: Successfully fetched all products
2025-03-20 00:31:52,084 INFO [http-nio-8080-exec-7] es.proyecto.app.controller.ProductsController: Successfully fetched all products
2025-03-20 00:31:52,145 INFO [http-nio-8080-exec-4] es.proyecto.app.controller.ProductsController: Successfully fetched all products
2025-03-20 00:31:55,522 INFO [http-nio-8080-exec-8] es.proyecto.app.controller.CategoriesController: Successfully retrieved categories
2025-03-20 00:31:55,570 INFO [http-nio-8080-exec-9] es.proyecto.app.controller.UsersController: Successfully fetched all users
2025-03-20 00:31:55,659 INFO [http-nio-8080-exec-7] es.proyecto.app.controller.ProductsController: Product with id 19 retrieved successfully
2025-03-20 00:31:55,687 INFO [http-nio-8080-exec-3] es.proyecto.app.controller.ProductsController: Product with id 29 retrieved successfully
2025-03-20 00:31:55,714 INFO [http-nio-8080-exec-8] es.proyecto.app.controller.ProductsController: Product with id 26 retrieved successfully
2025-03-20 00:32:01,927 INFO [http-nio-8080-exec-9] es.proyecto.app.controller.OrdersController: Order created successfully: null
2025-03-20 00:32:03,983 INFO [http-nio-8080-exec-10] es.proyecto.app.controller.CartController: manageCart called with userId: 6 and action: remove
2025-03-20 00:32:03,984 INFO [http-nio-8080-exec-10] es.proyecto.app.controller.CartController: Attempting to remove product from cart: product_id=19, quantity=1
2025-03-20 00:32:04,027 INFO [http-nio-8080-exec-10] es.proyecto.app.controller.CartController: Product removed successfully
2025-03-20 00:32:04,055 INFO [http-nio-8080-exec-1] es.proyecto.app.controller.CartController: manageCart called with userId: 6 and action: remove
2025-03-20 00:32:04,060 INFO [http-nio-8080-exec-1] es.proyecto.app.controller.CartController: Attempting to remove product from cart: product_id=29, quantity=15
2025-03-20 00:32:04,074 INFO [http-nio-8080-exec-1] es.proyecto.app.controller.CartController: Product removed successfully
2025-03-20 00:32:04,096 INFO [http-nio-8080-exec-7] es.proyecto.app.controller.CartController: manageCart called with userId: 6 and action: remove
2025-03-20 00:32:04,097 INFO [http-nio-8080-exec-7] es.proyecto.app.controller.CartController: Attempting to remove product from cart: product_id=26, quantity=1
2025-03-20 00:32:04,108 INFO [http-nio-8080-exec-7] es.proyecto.app.controller.CartController: Product removed successfully
2025-03-20 00:33:01,225 INFO [http-nio-8080-exec-8] es.proyecto.app.controller.CategoriesController: Successfully retrieved categories
2025-03-20 00:33:01,231 INFO [http-nio-8080-exec-7] es.proyecto.app.controller.ProductsController: Successfully fetched all products
2025-03-20 00:33:01,231 INFO [http-nio-8080-exec-3] es.proyecto.app.controller.UsersController: Successfully fetched all users
2025-03-20 00:33:01,295 INFO [http-nio-8080-exec-2] es.proyecto.app.controller.ProductsController: Successfully fetched all products
2025-03-20 00:33:01,343 INFO [http-nio-8080-exec-4] es.proyecto.app.controller.ProductsController: Successfully fetched all products
2025-03-20 00:33:03,086 INFO [http-nio-8080-exec-4] es.proyecto.app.controller.ProductsController: Product with id 11 retrieved successfully
2025-03-20 00:33:03,100 INFO [http-nio-8080-exec-5] es.proyecto.app.controller.CategoriesController: Successfully retrieved categories
2025-03-20 00:33:03,180 INFO [http-nio-8080-exec-10] es.proyecto.app.controller.ProductsController: Successfully fetched all products
2025-03-20 00:33:04,987 INFO [http-nio-8080-exec-4] es.proyecto.app.controller.CartController: manageCart called with userId: 6 and action: add
2025-03-20 00:33:04,988 INFO [http-nio-8080-exec-4] es.proyecto.app.controller.CartController: Attempting to add product to cart: product_id=11, quantity=1
2025-03-20 00:33:04,990 INFO [http-nio-8080-exec-4] es.proyecto.app.service.CartService: addProductToCart called with userId: 6, productId: 11, quantity: 1
2025-03-20 00:33:05,004 INFO [http-nio-8080-exec-4] es.proyecto.app.service.CartService: New cart item created for userId: 6, productId: 11, quantity: 1
2025-03-20 00:33:05,009 INFO [http-nio-8080-exec-4] es.proyecto.app.service.CartService: Product added to cart for userId: 6, productId: 11
2025-03-20 00:33:05,014 INFO [http-nio-8080-exec-4] es.proyecto.app.controller.CartController: Product added successfully
2025-03-20 00:33:08,499 INFO [http-nio-8080-exec-8] es.proyecto.app.controller.CategoriesController: Successfully retrieved categories
2025-03-20 00:33:08,525 INFO [http-nio-8080-exec-4] es.proyecto.app.controller.UsersController: Successfully fetched all users
2025-03-20 00:33:08,632 INFO [http-nio-8080-exec-2] es.proyecto.app.controller.ProductsController: Product with id 11 retrieved successfully
2025-03-20 00:33:10,809 INFO [http-nio-8080-exec-4] es.proyecto.app.controller.OrdersController: Order created successfully: null
2025-03-20 00:33:12,890 INFO [http-nio-8080-exec-6] es.proyecto.app.controller.CartController: manageCart called with userId: 6 and action: remove
2025-03-20 00:33:12,891 INFO [http-nio-8080-exec-6] es.proyecto.app.controller.CartController: Attempting to remove product from cart: product_id=11, quantity=1
2025-03-20 00:33:12,905 INFO [http-nio-8080-exec-6] es.proyecto.app.controller.CartController: Product removed successfully
2025-03-20 01:08:15,493 INFO [restartedMain] org.springframework.boot.StartupInfoLogger: Starting AppApplication using Java 17.0.13 with PID 15076 (C:\Users\Spekt\Desktop\DAW\proyecto\app\target\classes started by Spekt in C:\Users\Spekt\Desktop\DAW\proyecto\app)
2025-03-20 01:08:15,497 INFO [restartedMain] org.springframework.boot.SpringApplication: No active profile set, falling back to 1 default profile: "default"
2025-03-20 01:08:25,738 WARN [restartedMain] org.springframework.boot.autoconfigure.orm.jpa.JpaBaseConfiguration$JpaWebConfiguration: spring.jpa.open-in-view is enabled by default. Therefore, database queries may be performed during view rendering. Explicitly configure spring.jpa.open-in-view to disable this warning
2025-03-20 01:08:25,791 WARN [restartedMain] org.springframework.boot.autoconfigure.security.servlet.UserDetailsServiceAutoConfiguration: 

Using generated security password: 3407580e-2b74-4ee1-a412-a7484956219e

This generated password is for development use only. Your security configuration must be updated before running your application in production.

2025-03-20 01:08:27,382 INFO [restartedMain] org.springframework.boot.StartupInfoLogger: Started AppApplication in 12.578 seconds (process running for 13.749)
2025-03-20 01:08:39,760 INFO [http-nio-8080-exec-7] es.proyecto.app.controller.ProductsController: Successfully fetched all products
2025-03-20 01:08:39,760 INFO [http-nio-8080-exec-1] es.proyecto.app.controller.UsersController: Successfully fetched all users
2025-03-20 01:08:39,766 INFO [http-nio-8080-exec-9] es.proyecto.app.controller.CategoriesController: Successfully retrieved categories
2025-03-20 01:08:39,931 INFO [http-nio-8080-exec-10] es.proyecto.app.controller.ProductsController: Successfully fetched all products
2025-03-20 01:08:39,997 INFO [http-nio-8080-exec-6] es.proyecto.app.controller.ProductsController: Successfully fetched all products
2025-03-20 01:08:42,977 INFO [http-nio-8080-exec-4] es.proyecto.app.controller.UsersController: Successfully fetched all users
2025-03-20 01:08:47,559 INFO [http-nio-8080-exec-10] es.proyecto.app.controller.AuthController: Attempting to log in with email: jorge@example.com
2025-03-20 01:08:47,768 INFO [http-nio-8080-exec-10] es.proyecto.app.controller.AuthController: User logged in successfully: jorge@example.com
2025-03-20 01:08:47,810 INFO [http-nio-8080-exec-6] es.proyecto.app.controller.UsersController: Successfully fetched all users
2025-03-20 01:08:48,091 INFO [http-nio-8080-exec-6] es.proyecto.app.controller.CategoriesController: Successfully retrieved categories
2025-03-20 01:08:48,106 INFO [http-nio-8080-exec-3] es.proyecto.app.controller.UsersController: Successfully fetched all users
2025-03-20 01:08:48,119 INFO [http-nio-8080-exec-7] es.proyecto.app.controller.ProductsController: Successfully fetched all products
2025-03-20 01:08:48,275 INFO [http-nio-8080-exec-4] es.proyecto.app.controller.ProductsController: Successfully fetched all products
2025-03-20 01:08:48,370 INFO [http-nio-8080-exec-5] es.proyecto.app.controller.ProductsController: Successfully fetched all products
2025-03-20 01:08:53,190 INFO [http-nio-8080-exec-3] es.proyecto.app.controller.CategoriesController: Successfully retrieved categories
2025-03-20 01:08:53,255 INFO [http-nio-8080-exec-1] es.proyecto.app.controller.UsersController: Successfully fetched all users
2025-03-20 01:08:58,627 INFO [http-nio-8080-exec-3] es.proyecto.app.controller.CategoriesController: Successfully retrieved categories
2025-03-20 01:08:58,638 INFO [http-nio-8080-exec-10] es.proyecto.app.controller.ProductsController: Successfully fetched all products
2025-03-20 01:08:58,728 INFO [http-nio-8080-exec-5] es.proyecto.app.controller.CategoriesController: Successfully retrieved categories
2025-03-20 01:09:00,165 INFO [http-nio-8080-exec-8] es.proyecto.app.controller.ProductsController: Product with id 12 retrieved successfully
2025-03-20 01:09:00,168 INFO [http-nio-8080-exec-4] es.proyecto.app.controller.CategoriesController: Successfully retrieved categories
2025-03-20 01:09:00,248 INFO [http-nio-8080-exec-2] es.proyecto.app.controller.ProductsController: Successfully fetched all products
2025-03-20 01:09:02,800 INFO [http-nio-8080-exec-1] es.proyecto.app.controller.CartController: manageCart called with userId: 6 and action: add
2025-03-20 01:09:02,802 INFO [http-nio-8080-exec-1] es.proyecto.app.controller.CartController: Attempting to add product to cart: product_id=12, quantity=1
2025-03-20 01:09:02,805 INFO [http-nio-8080-exec-1] es.proyecto.app.service.CartService: addProductToCart called with userId: 6, productId: 12, quantity: 1
2025-03-20 01:09:02,879 INFO [http-nio-8080-exec-1] es.proyecto.app.service.CartService: New cart item created for userId: 6, productId: 12, quantity: 1
2025-03-20 01:09:02,883 INFO [http-nio-8080-exec-1] es.proyecto.app.service.CartService: Product added to cart for userId: 6, productId: 12
2025-03-20 01:09:02,891 INFO [http-nio-8080-exec-1] es.proyecto.app.controller.CartController: Product added successfully
2025-03-20 01:09:10,588 INFO [http-nio-8080-exec-3] es.proyecto.app.controller.CartController: manageCart called with userId: 6 and action: add
2025-03-20 01:09:10,589 INFO [http-nio-8080-exec-3] es.proyecto.app.controller.CartController: Attempting to add product to cart: product_id=12, quantity=5
2025-03-20 01:09:10,590 INFO [http-nio-8080-exec-3] es.proyecto.app.service.CartService: addProductToCart called with userId: 6, productId: 12, quantity: 5
2025-03-20 01:09:10,597 INFO [http-nio-8080-exec-3] es.proyecto.app.service.CartService: Updated product quantity in cart for userId: 6, productId: 12, new quantity: 6
2025-03-20 01:09:10,598 INFO [http-nio-8080-exec-3] es.proyecto.app.service.CartService: Product added to cart for userId: 6, productId: 12
2025-03-20 01:09:10,623 INFO [http-nio-8080-exec-3] es.proyecto.app.controller.CartController: Product added successfully
2025-03-20 01:09:18,734 INFO [http-nio-8080-exec-8] es.proyecto.app.controller.OrdersController: Order created successfully: null
2025-03-20 01:09:27,066 INFO [http-nio-8080-exec-3] es.proyecto.app.controller.CategoriesController: Successfully retrieved categories
2025-03-20 01:09:27,096 INFO [http-nio-8080-exec-8] es.proyecto.app.controller.UsersController: Successfully fetched all users
2025-03-20 01:09:27,157 INFO [http-nio-8080-exec-10] es.proyecto.app.controller.ProductsController: Product with id 12 retrieved successfully
2025-03-20 01:09:34,744 INFO [http-nio-8080-exec-3] es.proyecto.app.controller.CategoriesController: Successfully retrieved categories
2025-03-20 01:09:34,810 INFO [http-nio-8080-exec-1] es.proyecto.app.controller.UsersController: Successfully fetched all users
2025-03-20 01:09:34,815 INFO [http-nio-8080-exec-8] es.proyecto.app.controller.ProductsController: Successfully fetched all products
2025-03-20 01:09:34,908 INFO [http-nio-8080-exec-3] es.proyecto.app.controller.ProductsController: Successfully fetched all products
2025-03-20 01:09:34,953 INFO [http-nio-8080-exec-5] es.proyecto.app.controller.ProductsController: Successfully fetched all products
2025-03-20 01:09:40,336 INFO [http-nio-8080-exec-7] es.proyecto.app.controller.CartController: manageCart called with userId: 6 and action: add
2025-03-20 01:09:40,337 INFO [http-nio-8080-exec-7] es.proyecto.app.controller.CartController: Attempting to add product to cart: product_id=11, quantity=13
2025-03-20 01:09:40,339 INFO [http-nio-8080-exec-7] es.proyecto.app.service.CartService: addProductToCart called with userId: 6, productId: 11, quantity: 13
2025-03-20 01:09:40,350 INFO [http-nio-8080-exec-7] es.proyecto.app.service.CartService: New cart item created for userId: 6, productId: 11, quantity: 13
2025-03-20 01:09:40,351 INFO [http-nio-8080-exec-7] es.proyecto.app.service.CartService: Product added to cart for userId: 6, productId: 11
2025-03-20 01:09:40,359 INFO [http-nio-8080-exec-7] es.proyecto.app.controller.CartController: Product added successfully
2025-03-20 01:09:46,715 INFO [http-nio-8080-exec-3] es.proyecto.app.controller.ProductsController: Product with id 4 retrieved successfully
2025-03-20 01:09:46,736 INFO [http-nio-8080-exec-7] es.proyecto.app.controller.CategoriesController: Successfully retrieved categories
2025-03-20 01:09:46,756 INFO [http-nio-8080-exec-10] es.proyecto.app.controller.ProductsController: Successfully fetched all products
2025-03-20 01:09:48,454 INFO [http-nio-8080-exec-8] es.proyecto.app.controller.CartController: manageCart called with userId: 6 and action: add
2025-03-20 01:09:48,455 INFO [http-nio-8080-exec-8] es.proyecto.app.controller.CartController: Attempting to add product to cart: product_id=4, quantity=1
2025-03-20 01:09:48,456 INFO [http-nio-8080-exec-8] es.proyecto.app.service.CartService: addProductToCart called with userId: 6, productId: 4, quantity: 1
2025-03-20 01:09:48,468 INFO [http-nio-8080-exec-8] es.proyecto.app.service.CartService: New cart item created for userId: 6, productId: 4, quantity: 1
2025-03-20 01:09:48,469 INFO [http-nio-8080-exec-8] es.proyecto.app.service.CartService: Product added to cart for userId: 6, productId: 4
2025-03-20 01:09:48,475 INFO [http-nio-8080-exec-8] es.proyecto.app.controller.CartController: Product added successfully
2025-03-20 01:09:52,316 INFO [http-nio-8080-exec-9] es.proyecto.app.controller.OrdersController: Order created successfully: null
2025-03-20 01:10:40,100 INFO [http-nio-8080-exec-8] es.proyecto.app.controller.CategoriesController: Successfully retrieved categories
2025-03-20 01:10:40,117 INFO [http-nio-8080-exec-9] es.proyecto.app.controller.UsersController: Successfully fetched all users
2025-03-20 01:10:40,189 INFO [http-nio-8080-exec-5] es.proyecto.app.controller.ProductsController: Product with id 12 retrieved successfully
2025-03-20 01:10:40,223 INFO [http-nio-8080-exec-8] es.proyecto.app.controller.ProductsController: Product with id 11 retrieved successfully
2025-03-20 01:10:40,282 INFO [http-nio-8080-exec-6] es.proyecto.app.controller.ProductsController: Product with id 4 retrieved successfully
2025-03-20 01:10:46,946 INFO [http-nio-8080-exec-4] es.proyecto.app.controller.CartController: manageCart called with userId: 6 and action: modify
2025-03-20 01:10:46,946 INFO [http-nio-8080-exec-4] es.proyecto.app.controller.CartController: Attempting to modify product in cart: product_id=12, quantity=4
2025-03-20 01:10:46,968 INFO [http-nio-8080-exec-4] es.proyecto.app.controller.CartController: Product modified successfully
2025-03-20 01:10:47,032 INFO [http-nio-8080-exec-1] es.proyecto.app.controller.ProductsController: Product with id 12 retrieved successfully
2025-03-20 01:10:47,051 INFO [http-nio-8080-exec-5] es.proyecto.app.controller.ProductsController: Product with id 11 retrieved successfully
2025-03-20 01:10:47,071 INFO [http-nio-8080-exec-8] es.proyecto.app.controller.ProductsController: Product with id 4 retrieved successfully
2025-03-20 01:10:53,512 INFO [http-nio-8080-exec-6] es.proyecto.app.controller.CartController: manageCart called with userId: 6 and action: modify
2025-03-20 01:10:53,513 INFO [http-nio-8080-exec-6] es.proyecto.app.controller.CartController: Attempting to modify product in cart: product_id=11, quantity=1
2025-03-20 01:10:53,528 INFO [http-nio-8080-exec-6] es.proyecto.app.controller.CartController: Product modified successfully
2025-03-20 01:10:53,591 INFO [http-nio-8080-exec-4] es.proyecto.app.controller.ProductsController: Product with id 12 retrieved successfully
2025-03-20 01:10:53,613 INFO [http-nio-8080-exec-1] es.proyecto.app.controller.ProductsController: Product with id 11 retrieved successfully
2025-03-20 01:10:53,635 INFO [http-nio-8080-exec-5] es.proyecto.app.controller.ProductsController: Product with id 4 retrieved successfully
2025-03-20 01:10:57,945 INFO [http-nio-8080-exec-8] es.proyecto.app.controller.CartController: manageCart called with userId: 6 and action: remove
2025-03-20 01:10:57,945 INFO [http-nio-8080-exec-8] es.proyecto.app.controller.CartController: Attempting to remove product from cart: product_id=12, quantity=4
2025-03-20 01:10:57,969 INFO [http-nio-8080-exec-8] es.proyecto.app.controller.CartController: Product removed successfully
2025-03-20 01:10:58,023 INFO [http-nio-8080-exec-6] es.proyecto.app.controller.ProductsController: Product with id 11 retrieved successfully
2025-03-20 01:10:58,042 INFO [http-nio-8080-exec-4] es.proyecto.app.controller.ProductsController: Product with id 4 retrieved successfully
2025-03-20 01:11:02,498 INFO [http-nio-8080-exec-3] es.proyecto.app.controller.CategoriesController: Successfully retrieved categories
2025-03-20 01:11:02,522 INFO [http-nio-8080-exec-1] es.proyecto.app.controller.ProductsController: Successfully fetched all products
2025-03-20 01:11:02,556 INFO [http-nio-8080-exec-9] es.proyecto.app.controller.CategoriesController: Successfully retrieved categories
2025-03-20 01:11:04,619 INFO [http-nio-8080-exec-8] es.proyecto.app.controller.ProductsController: Product with id 2 retrieved successfully
2025-03-20 01:11:04,631 INFO [http-nio-8080-exec-1] es.proyecto.app.controller.CategoriesController: Successfully retrieved categories
2025-03-20 01:11:04,747 INFO [http-nio-8080-exec-9] es.proyecto.app.controller.ProductsController: Successfully fetched all products
2025-03-20 01:11:09,113 INFO [http-nio-8080-exec-7] es.proyecto.app.controller.CartController: manageCart called with userId: 6 and action: add
2025-03-20 01:11:09,113 INFO [http-nio-8080-exec-7] es.proyecto.app.controller.CartController: Attempting to add product to cart: product_id=2, quantity=11
2025-03-20 01:11:09,114 INFO [http-nio-8080-exec-7] es.proyecto.app.service.CartService: addProductToCart called with userId: 6, productId: 2, quantity: 11
2025-03-20 01:11:09,126 INFO [http-nio-8080-exec-7] es.proyecto.app.service.CartService: New cart item created for userId: 6, productId: 2, quantity: 11
2025-03-20 01:11:09,127 INFO [http-nio-8080-exec-7] es.proyecto.app.service.CartService: Product added to cart for userId: 6, productId: 2
2025-03-20 01:11:09,132 INFO [http-nio-8080-exec-7] es.proyecto.app.controller.CartController: Product added successfully
2025-03-20 01:11:16,798 INFO [http-nio-8080-exec-3] es.proyecto.app.controller.CategoriesController: Successfully retrieved categories
2025-03-20 01:11:16,798 INFO [http-nio-8080-exec-7] es.proyecto.app.controller.UsersController: Successfully fetched all users
2025-03-20 01:11:16,869 INFO [http-nio-8080-exec-5] es.proyecto.app.controller.ProductsController: Product with id 11 retrieved successfully
2025-03-20 01:11:16,912 INFO [http-nio-8080-exec-8] es.proyecto.app.controller.ProductsController: Product with id 4 retrieved successfully
2025-03-20 01:11:16,965 INFO [http-nio-8080-exec-3] es.proyecto.app.controller.ProductsController: Product with id 2 retrieved successfully
2025-03-20 01:11:18,975 INFO [http-nio-8080-exec-1] es.proyecto.app.controller.OrdersController: Order created successfully: null
2025-03-20 01:11:21,117 INFO [http-nio-8080-exec-9] es.proyecto.app.controller.CartController: manageCart called with userId: 6 and action: remove
2025-03-20 01:11:21,117 INFO [http-nio-8080-exec-9] es.proyecto.app.controller.CartController: Attempting to remove product from cart: product_id=11, quantity=1
2025-03-20 01:11:21,130 INFO [http-nio-8080-exec-9] es.proyecto.app.controller.CartController: Product removed successfully
2025-03-20 01:11:21,148 INFO [http-nio-8080-exec-6] es.proyecto.app.controller.CartController: manageCart called with userId: 6 and action: remove
2025-03-20 01:11:21,150 INFO [http-nio-8080-exec-6] es.proyecto.app.controller.CartController: Attempting to remove product from cart: product_id=4, quantity=1
2025-03-20 01:11:21,161 INFO [http-nio-8080-exec-6] es.proyecto.app.controller.CartController: Product removed successfully
2025-03-20 01:11:21,182 INFO [http-nio-8080-exec-5] es.proyecto.app.controller.CartController: manageCart called with userId: 6 and action: remove
2025-03-20 01:11:21,183 INFO [http-nio-8080-exec-5] es.proyecto.app.controller.CartController: Attempting to remove product from cart: product_id=2, quantity=11
2025-03-20 01:11:21,194 INFO [http-nio-8080-exec-5] es.proyecto.app.controller.CartController: Product removed successfully
2025-03-20 01:11:25,779 INFO [http-nio-8080-exec-8] es.proyecto.app.controller.AuthController: Token invalidado: eyJhbGciOiJIUzUxMiJ9.eyJzdWIiOiJqb3JnZUBleGFtcGxlLmNvbSIsImlhdCI6MTc0MjQyOTMyNywiZXhwIjoxNzQyNDMyOTI3fQ.HtiZWtWB18JCdmts5WFseFdqkctcFxnXL9YcuWuHdv341F4pWM5tKzuU5XyI4gtfEiiqsnARhcLxwEcymyCNTA
2025-03-20 01:11:26,056 INFO [http-nio-8080-exec-5] es.proyecto.app.controller.ProductsController: Successfully fetched all products
2025-03-20 01:11:26,072 INFO [http-nio-8080-exec-4] es.proyecto.app.controller.CategoriesController: Successfully retrieved categories
2025-03-20 01:11:26,102 INFO [http-nio-8080-exec-6] es.proyecto.app.controller.ProductsController: Successfully fetched all products
2025-03-20 01:11:26,154 INFO [http-nio-8080-exec-1] es.proyecto.app.controller.ProductsController: Successfully fetched all products
