2025-01-14 00:00:03,857 INFO [http-nio-8080-exec-5] es.proyecto.app.controller.CartController: manageCart called with userId: 3 and action: add
2025-01-14 00:00:03,865 INFO [http-nio-8080-exec-5] es.proyecto.app.controller.CartController: Attempting to add product to cart: productId=2, quantity=33
2025-01-14 00:00:03,874 INFO [http-nio-8080-exec-5] es.proyecto.app.service.CartService: addProductToCart called with userId: 3, productId: 2, quantity: 33
2025-01-14 00:00:03,915 INFO [http-nio-8080-exec-5] es.proyecto.app.service.CartService: New cart item created for userId: 3, productId: 2, quantity: 33
2025-01-14 00:00:03,915 INFO [http-nio-8080-exec-5] es.proyecto.app.service.CartService: Product added to cart for userId: 3, productId: 2
2025-01-14 00:00:03,923 INFO [http-nio-8080-exec-5] es.proyecto.app.controller.CartController: Product added successfully
2025-01-14 00:01:08,560 INFO [http-nio-8080-exec-7] es.proyecto.app.controller.CartController: manageCart called with userId: 3 and action: add
2025-01-14 00:01:08,560 INFO [http-nio-8080-exec-7] es.proyecto.app.controller.CartController: Attempting to add product to cart: productId=5, quantity=3
2025-01-14 00:01:08,569 INFO [http-nio-8080-exec-7] es.proyecto.app.service.CartService: addProductToCart called with userId: 3, productId: 5, quantity: 3
2025-01-14 00:01:08,585 INFO [http-nio-8080-exec-7] es.proyecto.app.service.CartService: New cart item created for userId: 3, productId: 5, quantity: 3
2025-01-14 00:01:08,585 INFO [http-nio-8080-exec-7] es.proyecto.app.service.CartService: Product added to cart for userId: 3, productId: 5
2025-01-14 00:01:08,601 INFO [http-nio-8080-exec-7] es.proyecto.app.controller.CartController: Product added successfully
2025-01-14 00:01:33,368 INFO [http-nio-8080-exec-10] es.proyecto.app.controller.CartController: manageCart called with userId: 3 and action: remove
2025-01-14 00:01:33,368 INFO [http-nio-8080-exec-10] es.proyecto.app.controller.CartController: Attempting to remove product from cart: productId=5
2025-01-14 00:01:33,417 INFO [http-nio-8080-exec-10] es.proyecto.app.controller.CartController: Product removed successfully
2025-01-14 00:02:13,892 INFO [http-nio-8080-exec-2] es.proyecto.app.controller.CartController: manageCart called with userId: 3 and action: add
2025-01-14 00:02:13,892 INFO [http-nio-8080-exec-2] es.proyecto.app.controller.CartController: Attempting to add product to cart: productId=5, quantity=2
2025-01-14 00:02:13,892 INFO [http-nio-8080-exec-2] es.proyecto.app.service.CartService: addProductToCart called with userId: 3, productId: 5, quantity: 2
2025-01-14 00:02:13,916 INFO [http-nio-8080-exec-2] es.proyecto.app.service.CartService: New cart item created for userId: 3, productId: 5, quantity: 2
2025-01-14 00:02:13,917 INFO [http-nio-8080-exec-2] es.proyecto.app.service.CartService: Product added to cart for userId: 3, productId: 5
2025-01-14 00:02:13,923 INFO [http-nio-8080-exec-2] es.proyecto.app.controller.CartController: Product added successfully
2025-01-14 00:09:11,794 INFO [SpringApplicationShutdownHook] org.springframework.orm.jpa.AbstractEntityManagerFactoryBean: Closing JPA EntityManagerFactory for persistence unit 'default'
2025-01-14 00:09:11,800 INFO [SpringApplicationShutdownHook] com.zaxxer.hikari.HikariDataSource: HikariPool-1 - Shutdown initiated...
2025-01-14 00:09:11,818 INFO [SpringApplicationShutdownHook] com.zaxxer.hikari.HikariDataSource: HikariPool-1 - Shutdown completed.
2025-01-14 23:42:43,560 INFO [background-preinit] org.hibernate.validator.internal.util.Version: HV000001: Hibernate Validator 8.0.1.Final
2025-01-14 23:42:43,687 INFO [restartedMain] org.springframework.boot.StartupInfoLogger: Starting AppApplication using Java 17.0.13 with PID 20304 (C:\Users\Spekt\Desktop\DAW\proyecto\app\target\classes started by Spekt in C:\Users\Spekt\Desktop\DAW\proyecto\app)
2025-01-14 23:42:43,687 DEBUG [restartedMain] org.springframework.boot.StartupInfoLogger: Running with Spring Boot v3.3.5, Spring v6.1.14
2025-01-14 23:42:43,691 INFO [restartedMain] org.springframework.boot.SpringApplication: No active profile set, falling back to 1 default profile: "default"
2025-01-14 23:42:43,848 INFO [restartedMain] org.springframework.boot.logging.DeferredLog: Devtools property defaults active! Set 'spring.devtools.add-properties' to 'false' to disable
2025-01-14 23:42:43,849 INFO [restartedMain] org.springframework.boot.logging.DeferredLog: For additional web related logging consider setting the 'logging.level.web' property to 'DEBUG'
2025-01-14 23:42:46,619 INFO [restartedMain] org.springframework.data.repository.config.RepositoryConfigurationDelegate: Bootstrapping Spring Data JPA repositories in DEFAULT mode.
2025-01-14 23:42:46,880 INFO [restartedMain] org.springframework.data.repository.config.RepositoryConfigurationDelegate: Finished Spring Data repository scanning in 236 ms. Found 8 JPA repository interfaces.
2025-01-14 23:42:49,103 INFO [restartedMain] org.springframework.boot.web.embedded.tomcat.TomcatWebServer: Tomcat initialized with port 8080 (http)
2025-01-14 23:42:49,137 INFO [restartedMain] org.apache.juli.logging.DirectJDKLog: Initializing ProtocolHandler ["http-nio-8080"]
2025-01-14 23:42:49,147 INFO [restartedMain] org.apache.juli.logging.DirectJDKLog: Starting service [Tomcat]
2025-01-14 23:42:49,147 INFO [restartedMain] org.apache.juli.logging.DirectJDKLog: Starting Servlet engine: [Apache Tomcat/10.1.31]
2025-01-14 23:42:49,312 INFO [restartedMain] org.apache.juli.logging.DirectJDKLog: Initializing Spring embedded WebApplicationContext
2025-01-14 23:42:49,313 INFO [restartedMain] org.springframework.boot.web.servlet.context.ServletWebServerApplicationContext: Root WebApplicationContext: initialization completed in 5461 ms
2025-01-14 23:42:49,712 INFO [restartedMain] com.zaxxer.hikari.HikariDataSource: HikariPool-1 - Starting...
2025-01-14 23:42:50,708 INFO [restartedMain] com.zaxxer.hikari.pool.HikariPool: HikariPool-1 - Added connection com.mysql.cj.jdbc.ConnectionImpl@75081b5d
2025-01-14 23:42:50,711 INFO [restartedMain] com.zaxxer.hikari.HikariDataSource: HikariPool-1 - Start completed.
2025-01-14 23:42:51,809 INFO [restartedMain] org.hibernate.jpa.internal.util.LogHelper: HHH000204: Processing PersistenceUnitInfo [name: default]
2025-01-14 23:42:52,103 INFO [restartedMain] org.hibernate.Version: HHH000412: Hibernate ORM core version 6.5.3.Final
2025-01-14 23:42:52,390 INFO [restartedMain] org.hibernate.cache.internal.RegionFactoryInitiator: HHH000026: Second-level cache disabled
2025-01-14 23:42:53,598 INFO [restartedMain] org.springframework.orm.jpa.persistenceunit.SpringPersistenceUnitInfo: No LoadTimeWeaver setup: ignoring JPA class transformer
2025-01-14 23:42:53,808 WARN [restartedMain] org.hibernate.engine.jdbc.dialect.internal.DialectFactoryImpl: HHH90000025: MySQL8Dialect does not need to be specified explicitly using 'hibernate.dialect' (remove the property setting and it will be selected by default)
2025-01-14 23:42:53,812 WARN [restartedMain] org.hibernate.engine.jdbc.dialect.internal.DialectFactoryImpl: HHH90000026: MySQL8Dialect has been deprecated; use org.hibernate.dialect.MySQLDialect instead
2025-01-14 23:42:57,228 INFO [restartedMain] org.hibernate.engine.transaction.jta.platform.internal.JtaPlatformInitiator: HHH000489: No JTA platform available (set 'hibernate.transaction.jta.platform' to enable JTA platform integration)
2025-01-14 23:42:57,239 INFO [restartedMain] org.springframework.orm.jpa.AbstractEntityManagerFactoryBean: Initialized JPA EntityManagerFactory for persistence unit 'default'
2025-01-14 23:42:58,178 INFO [restartedMain] org.springframework.data.jpa.repository.query.QueryEnhancerFactory: Hibernate is in classpath; If applicable, HQL parser will be used.
2025-01-14 23:43:00,075 WARN [restartedMain] org.springframework.boot.autoconfigure.orm.jpa.JpaBaseConfiguration$JpaWebConfiguration: spring.jpa.open-in-view is enabled by default. Therefore, database queries may be performed during view rendering. Explicitly configure spring.jpa.open-in-view to disable this warning
2025-01-14 23:43:00,169 WARN [restartedMain] org.springframework.boot.autoconfigure.security.servlet.UserDetailsServiceAutoConfiguration: 

Using generated security password: aad0ac10-3496-4985-bec2-91323273d86d

This generated password is for development use only. Your security configuration must be updated before running your application in production.

2025-01-14 23:43:00,190 INFO [restartedMain] org.springframework.security.config.annotation.authentication.configuration.InitializeUserDetailsBeanManagerConfigurer$InitializeUserDetailsManagerConfigurer: Global AuthenticationManager configured with UserDetailsService bean with name inMemoryUserDetailsManager
2025-01-14 23:43:00,585 INFO [restartedMain] org.springframework.boot.autoconfigure.web.servlet.WelcomePageHandlerMapping: Adding welcome page template: index
2025-01-14 23:43:01,963 INFO [restartedMain] org.springframework.boot.devtools.autoconfigure.OptionalLiveReloadServer: LiveReload server is running on port 35729
2025-01-14 23:43:02,001 INFO [restartedMain] org.apache.juli.logging.DirectJDKLog: Starting ProtocolHandler ["http-nio-8080"]
2025-01-14 23:43:02,053 INFO [restartedMain] org.springframework.boot.web.embedded.tomcat.TomcatWebServer: Tomcat started on port 8080 (http) with context path '/'
2025-01-14 23:43:02,090 INFO [restartedMain] org.springframework.boot.StartupInfoLogger: Started AppApplication in 19.253 seconds (process running for 30.225)
2025-01-14 23:43:12,749 INFO [http-nio-8080-exec-1] org.apache.juli.logging.DirectJDKLog: Initializing Spring DispatcherServlet 'dispatcherServlet'
2025-01-14 23:43:12,749 INFO [http-nio-8080-exec-1] org.springframework.web.servlet.FrameworkServlet: Initializing Servlet 'dispatcherServlet'
2025-01-14 23:43:12,754 INFO [http-nio-8080-exec-1] org.springframework.web.servlet.FrameworkServlet: Completed initialization in 5 ms
2025-01-14 23:44:15,514 INFO [http-nio-8080-exec-5] es.proyecto.app.controller.CartController: manageCart called with userId: 3 and action: add
2025-01-14 23:44:15,518 INFO [http-nio-8080-exec-5] es.proyecto.app.controller.CartController: Attempting to add product to cart: productId=5, quantity=2
2025-01-14 23:44:15,518 INFO [http-nio-8080-exec-5] es.proyecto.app.service.CartService: addProductToCart called with userId: 3, productId: 5, quantity: 2
2025-01-14 23:44:15,555 INFO [http-nio-8080-exec-5] es.proyecto.app.service.CartService: New cart item created for userId: 3, productId: 5, quantity: 2
2025-01-14 23:44:15,564 INFO [http-nio-8080-exec-5] es.proyecto.app.service.CartService: Product added to cart for userId: 3, productId: 5
2025-01-14 23:44:15,572 INFO [http-nio-8080-exec-5] es.proyecto.app.controller.CartController: Product added successfully
2025-01-14 23:45:07,149 INFO [http-nio-8080-exec-6] es.proyecto.app.controller.CartController: manageCart called with userId: 3 and action: add
2025-01-14 23:45:07,151 INFO [http-nio-8080-exec-6] es.proyecto.app.controller.CartController: Attempting to add product to cart: productId=2, quantity=10
2025-01-14 23:45:07,159 INFO [http-nio-8080-exec-6] es.proyecto.app.service.CartService: addProductToCart called with userId: 3, productId: 2, quantity: 10
2025-01-14 23:45:07,179 INFO [http-nio-8080-exec-6] es.proyecto.app.service.CartService: New cart item created for userId: 3, productId: 2, quantity: 10
2025-01-14 23:45:07,179 INFO [http-nio-8080-exec-6] es.proyecto.app.service.CartService: Product added to cart for userId: 3, productId: 2
2025-01-14 23:45:07,187 INFO [http-nio-8080-exec-6] es.proyecto.app.controller.CartController: Product added successfully
2025-01-14 23:46:00,951 INFO [http-nio-8080-exec-8] es.proyecto.app.controller.CartController: manageCart called with userId: 3 and action: null
2025-01-14 23:46:00,954 ERROR [http-nio-8080-exec-8] es.proyecto.app.controller.CartController: Action is null
2025-01-14 23:46:54,769 INFO [http-nio-8080-exec-10] es.proyecto.app.controller.CartController: manageCart called with userId: 3 and action: modify
2025-01-14 23:46:54,769 INFO [http-nio-8080-exec-10] es.proyecto.app.controller.CartController: Attempting to modify product in cart: productId=2, quantity=15
2025-01-14 23:46:54,797 INFO [http-nio-8080-exec-10] es.proyecto.app.controller.CartController: Product modified successfully
2025-01-14 23:47:56,182 INFO [http-nio-8080-exec-1] es.proyecto.app.controller.CartController: manageCart called with userId: 3 and action: remove
2025-01-14 23:47:56,182 INFO [http-nio-8080-exec-1] es.proyecto.app.controller.CartController: Attempting to remove product from cart: productId=2
2025-01-14 23:47:56,222 INFO [http-nio-8080-exec-1] es.proyecto.app.controller.CartController: Product removed successfully
2025-01-14 23:54:57,174 INFO [SpringApplicationShutdownHook] org.springframework.orm.jpa.AbstractEntityManagerFactoryBean: Closing JPA EntityManagerFactory for persistence unit 'default'
2025-01-14 23:54:57,178 INFO [SpringApplicationShutdownHook] com.zaxxer.hikari.HikariDataSource: HikariPool-1 - Shutdown initiated...
2025-01-14 23:54:57,195 INFO [SpringApplicationShutdownHook] com.zaxxer.hikari.HikariDataSource: HikariPool-1 - Shutdown completed.
2025-01-14 23:55:52,027 INFO [background-preinit] org.hibernate.validator.internal.util.Version: HV000001: Hibernate Validator 8.0.1.Final
2025-01-14 23:55:52,147 INFO [restartedMain] org.springframework.boot.StartupInfoLogger: Starting AppApplication using Java 17.0.13 with PID 7052 (C:\Users\Spekt\Desktop\DAW\proyecto\app\target\classes started by Spekt in C:\Users\Spekt\Desktop\DAW\proyecto\app)
2025-01-14 23:55:52,148 DEBUG [restartedMain] org.springframework.boot.StartupInfoLogger: Running with Spring Boot v3.3.5, Spring v6.1.14
2025-01-14 23:55:52,148 INFO [restartedMain] org.springframework.boot.SpringApplication: No active profile set, falling back to 1 default profile: "default"
2025-01-14 23:55:52,294 INFO [restartedMain] org.springframework.boot.logging.DeferredLog: Devtools property defaults active! Set 'spring.devtools.add-properties' to 'false' to disable
2025-01-14 23:55:52,294 INFO [restartedMain] org.springframework.boot.logging.DeferredLog: For additional web related logging consider setting the 'logging.level.web' property to 'DEBUG'
2025-01-14 23:55:54,433 INFO [restartedMain] org.springframework.data.repository.config.RepositoryConfigurationDelegate: Bootstrapping Spring Data JPA repositories in DEFAULT mode.
2025-01-14 23:55:54,638 INFO [restartedMain] org.springframework.data.repository.config.RepositoryConfigurationDelegate: Finished Spring Data repository scanning in 184 ms. Found 8 JPA repository interfaces.
2025-01-14 23:55:56,282 INFO [restartedMain] org.springframework.boot.web.embedded.tomcat.TomcatWebServer: Tomcat initialized with port 8080 (http)
2025-01-14 23:55:56,304 INFO [restartedMain] org.apache.juli.logging.DirectJDKLog: Initializing ProtocolHandler ["http-nio-8080"]
2025-01-14 23:55:56,312 INFO [restartedMain] org.apache.juli.logging.DirectJDKLog: Starting service [Tomcat]
2025-01-14 23:55:56,316 INFO [restartedMain] org.apache.juli.logging.DirectJDKLog: Starting Servlet engine: [Apache Tomcat/10.1.31]
2025-01-14 23:55:56,491 INFO [restartedMain] org.apache.juli.logging.DirectJDKLog: Initializing Spring embedded WebApplicationContext
2025-01-14 23:55:56,495 INFO [restartedMain] org.springframework.boot.web.servlet.context.ServletWebServerApplicationContext: Root WebApplicationContext: initialization completed in 4199 ms
2025-01-14 23:55:56,741 INFO [restartedMain] com.zaxxer.hikari.HikariDataSource: HikariPool-1 - Starting...
2025-01-14 23:55:57,388 INFO [restartedMain] com.zaxxer.hikari.pool.HikariPool: HikariPool-1 - Added connection com.mysql.cj.jdbc.ConnectionImpl@5f413e6b
2025-01-14 23:55:57,396 INFO [restartedMain] com.zaxxer.hikari.HikariDataSource: HikariPool-1 - Start completed.
2025-01-14 23:55:58,300 INFO [restartedMain] org.hibernate.jpa.internal.util.LogHelper: HHH000204: Processing PersistenceUnitInfo [name: default]
2025-01-14 23:55:58,451 INFO [restartedMain] org.hibernate.Version: HHH000412: Hibernate ORM core version 6.5.3.Final
2025-01-14 23:55:58,553 INFO [restartedMain] org.hibernate.cache.internal.RegionFactoryInitiator: HHH000026: Second-level cache disabled
2025-01-14 23:55:59,343 INFO [restartedMain] org.springframework.orm.jpa.persistenceunit.SpringPersistenceUnitInfo: No LoadTimeWeaver setup: ignoring JPA class transformer
2025-01-14 23:55:59,529 WARN [restartedMain] org.hibernate.engine.jdbc.dialect.internal.DialectFactoryImpl: HHH90000025: MySQL8Dialect does not need to be specified explicitly using 'hibernate.dialect' (remove the property setting and it will be selected by default)
2025-01-14 23:55:59,531 WARN [restartedMain] org.hibernate.engine.jdbc.dialect.internal.DialectFactoryImpl: HHH90000026: MySQL8Dialect has been deprecated; use org.hibernate.dialect.MySQLDialect instead
2025-01-14 23:56:01,943 INFO [restartedMain] org.hibernate.engine.transaction.jta.platform.internal.JtaPlatformInitiator: HHH000489: No JTA platform available (set 'hibernate.transaction.jta.platform' to enable JTA platform integration)
2025-01-14 23:56:01,954 INFO [restartedMain] org.springframework.orm.jpa.AbstractEntityManagerFactoryBean: Initialized JPA EntityManagerFactory for persistence unit 'default'
2025-01-14 23:56:02,642 INFO [restartedMain] org.springframework.data.jpa.repository.query.QueryEnhancerFactory: Hibernate is in classpath; If applicable, HQL parser will be used.
2025-01-14 23:56:04,469 WARN [restartedMain] org.springframework.boot.autoconfigure.orm.jpa.JpaBaseConfiguration$JpaWebConfiguration: spring.jpa.open-in-view is enabled by default. Therefore, database queries may be performed during view rendering. Explicitly configure spring.jpa.open-in-view to disable this warning
2025-01-14 23:56:04,539 WARN [restartedMain] org.springframework.boot.autoconfigure.security.servlet.UserDetailsServiceAutoConfiguration: 

Using generated security password: 913f45cb-461e-414c-a076-7e2f494b978f

This generated password is for development use only. Your security configuration must be updated before running your application in production.

2025-01-14 23:56:04,572 INFO [restartedMain] org.springframework.security.config.annotation.authentication.configuration.InitializeUserDetailsBeanManagerConfigurer$InitializeUserDetailsManagerConfigurer: Global AuthenticationManager configured with UserDetailsService bean with name inMemoryUserDetailsManager
2025-01-14 23:56:04,901 INFO [restartedMain] org.springframework.boot.autoconfigure.web.servlet.WelcomePageHandlerMapping: Adding welcome page template: index
2025-01-14 23:56:06,063 INFO [restartedMain] org.springframework.boot.devtools.autoconfigure.OptionalLiveReloadServer: LiveReload server is running on port 35729
2025-01-14 23:56:06,097 INFO [restartedMain] org.apache.juli.logging.DirectJDKLog: Starting ProtocolHandler ["http-nio-8080"]
2025-01-14 23:56:06,142 INFO [restartedMain] org.springframework.boot.web.embedded.tomcat.TomcatWebServer: Tomcat started on port 8080 (http) with context path '/'
2025-01-14 23:56:06,161 INFO [restartedMain] org.springframework.boot.StartupInfoLogger: Started AppApplication in 14.967 seconds (process running for 16.523)
2025-01-14 23:56:15,720 INFO [http-nio-8080-exec-2] org.apache.juli.logging.DirectJDKLog: Initializing Spring DispatcherServlet 'dispatcherServlet'
2025-01-14 23:56:15,720 INFO [http-nio-8080-exec-2] org.springframework.web.servlet.FrameworkServlet: Initializing Servlet 'dispatcherServlet'
2025-01-14 23:56:15,720 INFO [http-nio-8080-exec-2] org.springframework.web.servlet.FrameworkServlet: Completed initialization in 0 ms
2025-01-14 23:56:43,504 INFO [http-nio-8080-exec-4] es.proyecto.app.controller.CartController: manageCart called with userId: 3 and action: add
2025-01-14 23:56:43,507 INFO [http-nio-8080-exec-4] es.proyecto.app.controller.CartController: Attempting to add product to cart: productId=2, quantity=14
2025-01-14 23:56:43,512 INFO [http-nio-8080-exec-4] es.proyecto.app.service.CartService: addProductToCart called with userId: 3, productId: 2, quantity: 14
2025-01-14 23:56:43,556 INFO [http-nio-8080-exec-4] es.proyecto.app.service.CartService: New cart item created for userId: 3, productId: 2, quantity: 14
2025-01-14 23:56:43,561 INFO [http-nio-8080-exec-4] es.proyecto.app.service.CartService: Product added to cart for userId: 3, productId: 2
2025-01-14 23:56:43,582 INFO [http-nio-8080-exec-4] es.proyecto.app.controller.CartController: Product added successfully
2025-01-14 23:57:04,589 INFO [http-nio-8080-exec-6] es.proyecto.app.controller.CartController: manageCart called with userId: 3 and action: remove
2025-01-14 23:57:04,591 INFO [http-nio-8080-exec-6] es.proyecto.app.controller.CartController: Attempting to remove product from cart: productId=2, quantity=13
2025-01-14 23:57:04,661 INFO [http-nio-8080-exec-6] es.proyecto.app.controller.CartController: Product removed successfully
2025-01-14 23:59:10,949 INFO [http-nio-8080-exec-10] es.proyecto.app.controller.CartController: manageCart called with userId: 3 and action: add
2025-01-14 23:59:10,949 INFO [http-nio-8080-exec-10] es.proyecto.app.controller.CartController: Attempting to add product to cart: productId=2, quantity=13
2025-01-14 23:59:10,952 INFO [http-nio-8080-exec-10] es.proyecto.app.service.CartService: addProductToCart called with userId: 3, productId: 2, quantity: 13
2025-01-14 23:59:10,957 INFO [http-nio-8080-exec-10] es.proyecto.app.service.CartService: Updated product quantity in cart for userId: 3, productId: 2, new quantity: 14
2025-01-14 23:59:10,957 INFO [http-nio-8080-exec-10] es.proyecto.app.service.CartService: Product added to cart for userId: 3, productId: 2
2025-01-14 23:59:10,982 INFO [http-nio-8080-exec-10] es.proyecto.app.controller.CartController: Product added successfully
2025-01-14 23:59:43,182 INFO [SpringApplicationShutdownHook] org.springframework.orm.jpa.AbstractEntityManagerFactoryBean: Closing JPA EntityManagerFactory for persistence unit 'default'
2025-01-14 23:59:43,189 INFO [SpringApplicationShutdownHook] com.zaxxer.hikari.HikariDataSource: HikariPool-1 - Shutdown initiated...
2025-01-14 23:59:43,207 INFO [SpringApplicationShutdownHook] com.zaxxer.hikari.HikariDataSource: HikariPool-1 - Shutdown completed.
