2025-04-09 19:29:20,193 INFO [main] org.springframework.boot.StartupInfoLogger: Starting MockMvcPerformanceTest using Java 17.0.13 with PID 20896 (started by Spekt in C:\Users\Spekt\Desktop\DAW\proyecto\app)
2025-04-09 19:29:20,205 INFO [main] org.springframework.boot.SpringApplication: No active profile set, falling back to 1 default profile: "default"
2025-04-09 19:29:30,063 WARN [main] org.springframework.boot.autoconfigure.orm.jpa.JpaBaseConfiguration$JpaWebConfiguration: spring.jpa.open-in-view is enabled by default. Therefore, database queries may be performed during view rendering. Explicitly configure spring.jpa.open-in-view to disable this warning
2025-04-09 19:29:30,105 WARN [main] org.springframework.boot.autoconfigure.security.servlet.UserDetailsServiceAutoConfiguration: 

Using generated security password: 23f653a9-6393-4326-82a2-aad22e103c79

This generated password is for development use only. Your security configuration must be updated before running your application in production.

2025-04-09 19:29:32,110 INFO [main] org.springframework.boot.StartupInfoLogger: Started MockMvcPerformanceTest in 12.422 seconds (process running for 15.085)
2025-04-09 19:29:33,120 INFO [main] es.proyecto.app.controller.SubcategoriesController: Successfully fetched all subcategories
2025-04-09 19:29:33,312 INFO [main] es.proyecto.app.controller.CategoriesController: Successfully retrieved categories
2025-04-09 19:29:33,337 INFO [main] es.proyecto.app.controller.RolesController: Successfully fetched all roles
2025-04-09 19:29:33,391 INFO [main] es.proyecto.app.controller.UsersController: Successfully fetched all users
2025-04-09 19:29:33,469 INFO [main] es.proyecto.app.controller.ProductsController: Successfully fetched all products
2025-04-09 19:29:33,531 INFO [main] es.proyecto.app.controller.OrdersController: Successfully fetched all orders
2025-04-09 19:33:14,481 INFO [main] org.springframework.boot.StartupInfoLogger: Starting UsersControllerTest using Java 17.0.13 with PID 19264 (started by Spekt in C:\Users\Spekt\Desktop\DAW\proyecto\app)
2025-04-09 19:33:14,486 INFO [main] org.springframework.boot.SpringApplication: No active profile set, falling back to 1 default profile: "default"
2025-04-09 19:33:21,412 WARN [main] org.springframework.boot.autoconfigure.orm.jpa.JpaBaseConfiguration$JpaWebConfiguration: spring.jpa.open-in-view is enabled by default. Therefore, database queries may be performed during view rendering. Explicitly configure spring.jpa.open-in-view to disable this warning
2025-04-09 19:33:21,447 WARN [main] org.springframework.boot.autoconfigure.security.servlet.UserDetailsServiceAutoConfiguration: 

Using generated security password: 495ea46f-222c-45c5-bbe0-913003a0deb7

This generated password is for development use only. Your security configuration must be updated before running your application in production.

2025-04-09 19:33:22,651 INFO [main] org.springframework.boot.StartupInfoLogger: Started UsersControllerTest in 8.568 seconds (process running for 10.522)
2025-04-09 19:33:23,617 ERROR [main] es.proyecto.app.controller.UsersController: Invalid user name when creating user
2025-04-09 19:33:23,742 INFO [main] es.proyecto.app.controller.UsersController: User created successfully: 1
2025-04-09 19:33:23,798 INFO [main] es.proyecto.app.controller.UsersController: User with id 1 updated successfully
2025-04-09 19:33:23,825 ERROR [main] es.proyecto.app.controller.UsersController: User with id 1 not found
2025-04-09 19:33:23,842 ERROR [main] es.proyecto.app.controller.UsersController: No user found with ID 1
2025-04-09 19:33:23,842 ERROR [main] es.proyecto.app.controller.UsersController: Error updating user with id 1. Message: No user found with the specified ID
2025-04-09 19:33:23,865 INFO [main] es.proyecto.app.controller.UsersController: User with id 1 not found
2025-04-09 19:33:23,885 INFO [main] es.proyecto.app.controller.UsersController: User with id 1 retrieved successfully
2025-04-09 19:33:23,898 INFO [main] es.proyecto.app.controller.UsersController: User with id 1 deleted successfully
