2025-03-05 22:29:31,390 INFO [restartedMain] org.springframework.boot.StartupInfoLogger: Starting AppApplication using Java 17.0.13 with PID 23676 (C:\Users\Spekt\Desktop\DAW\proyecto\app\target\classes started by Spekt in C:\Users\Spekt\Desktop\DAW\proyecto\app)
2025-03-05 22:29:31,406 INFO [restartedMain] org.springframework.boot.SpringApplication: No active profile set, falling back to 1 default profile: "default"
2025-03-05 22:29:44,118 WARN [restartedMain] org.springframework.boot.autoconfigure.orm.jpa.JpaBaseConfiguration$JpaWebConfiguration: spring.jpa.open-in-view is enabled by default. Therefore, database queries may be performed during view rendering. Explicitly configure spring.jpa.open-in-view to disable this warning
2025-03-05 22:29:44,158 WARN [restartedMain] org.springframework.boot.autoconfigure.security.servlet.UserDetailsServiceAutoConfiguration: 

Using generated security password: 8791a674-9a13-4d5d-8793-0fae276b83bb

This generated password is for development use only. Your security configuration must be updated before running your application in production.

2025-03-05 22:29:45,830 INFO [restartedMain] org.springframework.boot.StartupInfoLogger: Started AppApplication in 15.436 seconds (process running for 26.897)
2025-03-05 22:29:53,015 INFO [http-nio-8080-exec-6] es.proyecto.app.controller.ProductsController: Successfully fetched all products
2025-03-05 22:29:53,018 INFO [http-nio-8080-exec-10] es.proyecto.app.controller.CategoriesController: Successfully retrieved categories
2025-03-05 22:29:53,131 INFO [http-nio-8080-exec-2] es.proyecto.app.controller.ProductsController: Successfully fetched all products
2025-03-05 22:29:53,209 INFO [http-nio-8080-exec-5] es.proyecto.app.controller.ProductsController: Successfully fetched all products
2025-03-05 22:29:56,350 INFO [http-nio-8080-exec-10] es.proyecto.app.controller.CategoriesController: Successfully retrieved categories
2025-03-05 22:29:56,371 INFO [http-nio-8080-exec-2] es.proyecto.app.controller.ProductsController: Successfully fetched all products
2025-03-05 22:29:56,446 INFO [http-nio-8080-exec-7] es.proyecto.app.controller.ProductsController: Successfully fetched all products
2025-03-05 22:30:00,239 INFO [http-nio-8080-exec-2] es.proyecto.app.controller.CategoriesController: Successfully retrieved categories
2025-03-05 22:30:00,243 WARN [http-nio-8080-exec-6] org.springframework.web.servlet.handler.AbstractHandlerExceptionResolver: Resolved [org.springframework.web.method.annotation.MethodArgumentTypeMismatchException: Method parameter 'idProduct': Failed to convert value of type 'java.lang.String' to required type 'java.lang.Integer'; For input string: "undefined"]
2025-03-05 22:33:46,990 INFO [http-nio-8080-exec-10] es.proyecto.app.controller.CategoriesController: Successfully retrieved categories
2025-03-05 22:33:47,010 INFO [http-nio-8080-exec-4] es.proyecto.app.controller.ProductsController: Successfully fetched all products
2025-03-05 22:33:47,115 INFO [http-nio-8080-exec-10] es.proyecto.app.controller.ProductsController: Successfully fetched all products
2025-03-05 22:33:47,177 INFO [http-nio-8080-exec-8] es.proyecto.app.controller.ProductsController: Successfully fetched all products
2025-03-05 22:33:50,794 INFO [http-nio-8080-exec-10] es.proyecto.app.controller.CategoriesController: Successfully retrieved categories
2025-03-05 22:33:50,804 INFO [http-nio-8080-exec-6] es.proyecto.app.controller.ProductsController: Successfully fetched all products
2025-03-05 22:33:50,864 INFO [http-nio-8080-exec-3] es.proyecto.app.controller.ProductsController: Successfully fetched all products
2025-03-05 22:33:50,925 INFO [http-nio-8080-exec-1] es.proyecto.app.controller.ProductsController: Successfully fetched all products
2025-03-05 22:35:21,107 INFO [restartedMain] org.springframework.boot.StartupInfoLogger: Starting AppApplication using Java 17.0.13 with PID 19504 (C:\Users\Spekt\Desktop\DAW\proyecto\app\target\classes started by Spekt in C:\Users\Spekt\Desktop\DAW\proyecto\app)
2025-03-05 22:35:21,114 INFO [restartedMain] org.springframework.boot.SpringApplication: No active profile set, falling back to 1 default profile: "default"
2025-03-05 22:35:32,607 WARN [restartedMain] org.springframework.boot.autoconfigure.orm.jpa.JpaBaseConfiguration$JpaWebConfiguration: spring.jpa.open-in-view is enabled by default. Therefore, database queries may be performed during view rendering. Explicitly configure spring.jpa.open-in-view to disable this warning
2025-03-05 22:35:32,650 WARN [restartedMain] org.springframework.boot.autoconfigure.security.servlet.UserDetailsServiceAutoConfiguration: 

Using generated security password: 67477195-00f6-46c2-b3d1-fb302a556c93

This generated password is for development use only. Your security configuration must be updated before running your application in production.

2025-03-05 22:35:34,045 INFO [restartedMain] org.springframework.boot.StartupInfoLogger: Started AppApplication in 13.9 seconds (process running for 15.491)
2025-03-05 22:35:40,490 INFO [http-nio-8080-exec-9] es.proyecto.app.controller.ProductsController: Successfully fetched all products
2025-03-05 22:35:40,492 INFO [http-nio-8080-exec-5] es.proyecto.app.controller.CategoriesController: Successfully retrieved categories
2025-03-05 22:35:40,704 INFO [http-nio-8080-exec-4] es.proyecto.app.controller.ProductsController: Successfully fetched all products
2025-03-05 22:35:40,762 INFO [http-nio-8080-exec-2] es.proyecto.app.controller.ProductsController: Successfully fetched all products
2025-03-05 22:35:40,810 INFO [http-nio-8080-exec-2] es.proyecto.app.controller.ProductsController: Successfully fetched all products
2025-03-05 22:35:47,941 INFO [http-nio-8080-exec-3] es.proyecto.app.controller.CategoriesController: Successfully retrieved categories
2025-03-05 22:35:47,992 INFO [http-nio-8080-exec-7] es.proyecto.app.controller.ProductsController: Successfully fetched all products
2025-03-05 22:35:48,064 INFO [http-nio-8080-exec-1] es.proyecto.app.controller.ProductsController: Successfully fetched all products
2025-03-05 22:36:31,492 INFO [http-nio-8080-exec-4] es.proyecto.app.controller.CategoriesController: Successfully retrieved categories
2025-03-05 22:36:31,549 WARN [http-nio-8080-exec-10] org.springframework.web.servlet.handler.AbstractHandlerExceptionResolver: Resolved [org.springframework.web.method.annotation.MethodArgumentTypeMismatchException: Method parameter 'idProduct': Failed to convert value of type 'java.lang.String' to required type 'java.lang.Integer'; For input string: "undefined"]
2025-03-05 22:46:04,033 INFO [http-nio-8080-exec-10] es.proyecto.app.controller.CategoriesController: Successfully retrieved categories
2025-03-05 22:46:04,059 INFO [http-nio-8080-exec-3] es.proyecto.app.controller.ProductsController: Successfully fetched all products
2025-03-05 22:46:04,198 INFO [http-nio-8080-exec-2] es.proyecto.app.controller.ProductsController: Successfully fetched all products
2025-03-05 22:46:04,290 INFO [http-nio-8080-exec-6] es.proyecto.app.controller.ProductsController: Successfully fetched all products
2025-03-05 22:46:04,373 INFO [http-nio-8080-exec-8] es.proyecto.app.controller.ProductsController: Successfully fetched all products
2025-03-05 22:46:08,764 INFO [http-nio-8080-exec-4] es.proyecto.app.controller.ProductsController: Product with id 31 retrieved successfully
2025-03-05 22:46:08,774 INFO [http-nio-8080-exec-3] es.proyecto.app.controller.CategoriesController: Successfully retrieved categories
2025-03-05 22:46:09,033 INFO [http-nio-8080-exec-8] es.proyecto.app.controller.ProductsController: Successfully fetched all products
2025-03-05 22:51:22,068 INFO [http-nio-8080-exec-2] es.proyecto.app.controller.CategoriesController: Successfully retrieved categories
2025-03-05 22:51:22,076 INFO [http-nio-8080-exec-7] es.proyecto.app.controller.ProductsController: Successfully fetched all products
2025-03-05 22:51:22,138 INFO [http-nio-8080-exec-9] es.proyecto.app.controller.ProductsController: Successfully fetched all products
2025-03-05 22:53:08,519 INFO [restartedMain] org.springframework.boot.StartupInfoLogger: Starting AppApplication using Java 17.0.13 with PID 18304 (C:\Users\Spekt\Desktop\DAW\proyecto\app\target\classes started by Spekt in C:\Users\Spekt\Desktop\DAW\proyecto\app)
2025-03-05 22:53:08,531 INFO [restartedMain] org.springframework.boot.SpringApplication: No active profile set, falling back to 1 default profile: "default"
2025-03-05 22:53:22,166 WARN [restartedMain] org.springframework.boot.autoconfigure.orm.jpa.JpaBaseConfiguration$JpaWebConfiguration: spring.jpa.open-in-view is enabled by default. Therefore, database queries may be performed during view rendering. Explicitly configure spring.jpa.open-in-view to disable this warning
2025-03-05 22:53:22,209 WARN [restartedMain] org.springframework.boot.autoconfigure.security.servlet.UserDetailsServiceAutoConfiguration: 

Using generated security password: b87bd197-745d-4b9c-b220-5da60e2b90cb

This generated password is for development use only. Your security configuration must be updated before running your application in production.

2025-03-05 22:53:23,670 INFO [restartedMain] org.springframework.boot.StartupInfoLogger: Started AppApplication in 16.032 seconds (process running for 27.426)
2025-03-05 22:53:34,028 INFO [http-nio-8080-exec-3] es.proyecto.app.controller.ProductsController: Successfully fetched all products
2025-03-05 22:53:34,033 INFO [http-nio-8080-exec-9] es.proyecto.app.controller.CategoriesController: Successfully retrieved categories
2025-03-05 22:53:34,273 INFO [http-nio-8080-exec-10] es.proyecto.app.controller.ProductsController: Successfully fetched all products
2025-03-05 22:53:34,331 INFO [http-nio-8080-exec-6] es.proyecto.app.controller.ProductsController: Successfully fetched all products
2025-03-05 22:53:34,391 INFO [http-nio-8080-exec-7] es.proyecto.app.controller.ProductsController: Successfully fetched all products
2025-03-05 22:53:37,168 INFO [http-nio-8080-exec-9] es.proyecto.app.controller.CategoriesController: Successfully retrieved categories
2025-03-05 22:53:37,242 INFO [http-nio-8080-exec-4] es.proyecto.app.controller.ProductsController: Product with id 21 retrieved successfully
2025-03-05 22:56:45,354 INFO [restartedMain] org.springframework.boot.StartupInfoLogger: Starting AppApplication using Java 17.0.13 with PID 21488 (C:\Users\Spekt\Desktop\DAW\proyecto\app\target\classes started by Spekt in C:\Users\Spekt\Desktop\DAW\proyecto\app)
2025-03-05 22:56:45,363 INFO [restartedMain] org.springframework.boot.SpringApplication: No active profile set, falling back to 1 default profile: "default"
2025-03-05 22:56:56,812 WARN [restartedMain] org.springframework.boot.autoconfigure.orm.jpa.JpaBaseConfiguration$JpaWebConfiguration: spring.jpa.open-in-view is enabled by default. Therefore, database queries may be performed during view rendering. Explicitly configure spring.jpa.open-in-view to disable this warning
2025-03-05 22:56:56,853 WARN [restartedMain] org.springframework.boot.autoconfigure.security.servlet.UserDetailsServiceAutoConfiguration: 

Using generated security password: ccbcde7b-aac4-4c97-a213-e1ee53db4fcd

This generated password is for development use only. Your security configuration must be updated before running your application in production.

2025-03-05 22:56:58,486 INFO [restartedMain] org.springframework.boot.StartupInfoLogger: Started AppApplication in 14.093 seconds (process running for 15.67)
2025-03-05 22:57:05,684 INFO [http-nio-8080-exec-5] es.proyecto.app.controller.CategoriesController: Successfully retrieved categories
2025-03-05 22:57:05,684 INFO [http-nio-8080-exec-4] es.proyecto.app.controller.ProductsController: Successfully fetched all products
2025-03-05 22:57:05,948 INFO [http-nio-8080-exec-9] es.proyecto.app.controller.ProductsController: Successfully fetched all products
2025-03-05 22:57:06,022 INFO [http-nio-8080-exec-10] es.proyecto.app.controller.ProductsController: Successfully fetched all products
2025-03-05 22:57:06,087 INFO [http-nio-8080-exec-3] es.proyecto.app.controller.ProductsController: Successfully fetched all products
2025-03-05 22:57:09,173 INFO [http-nio-8080-exec-5] es.proyecto.app.controller.CategoriesController: Successfully retrieved categories
2025-03-05 22:57:09,226 INFO [http-nio-8080-exec-6] es.proyecto.app.controller.ProductsController: Product with id 6 retrieved successfully
2025-03-05 22:57:09,475 INFO [http-nio-8080-exec-9] es.proyecto.app.controller.ProductsController: Successfully fetched all products
2025-03-05 22:57:17,922 INFO [http-nio-8080-exec-8] es.proyecto.app.controller.CategoriesController: Successfully retrieved categories
2025-03-05 22:57:17,941 INFO [http-nio-8080-exec-4] es.proyecto.app.controller.ProductsController: Successfully fetched all products
2025-03-05 22:57:20,603 INFO [http-nio-8080-exec-7] es.proyecto.app.controller.ProductsController: Product with id 14 retrieved successfully
2025-03-05 22:57:20,753 INFO [http-nio-8080-exec-4] es.proyecto.app.controller.CategoriesController: Successfully retrieved categories
2025-03-05 22:57:20,824 INFO [http-nio-8080-exec-3] es.proyecto.app.controller.ProductsController: Successfully fetched all products
2025-03-05 22:57:24,619 INFO [http-nio-8080-exec-6] es.proyecto.app.controller.CategoriesController: Successfully retrieved categories
2025-03-05 22:57:24,637 INFO [http-nio-8080-exec-9] es.proyecto.app.controller.ProductsController: Successfully fetched all products
2025-03-05 22:57:49,527 INFO [http-nio-8080-exec-3] es.proyecto.app.controller.ProductsController: Successfully fetched all products
2025-03-05 22:57:49,514 INFO [http-nio-8080-exec-9] es.proyecto.app.controller.CategoriesController: Successfully retrieved categories
2025-03-05 22:57:49,862 INFO [http-nio-8080-exec-4] es.proyecto.app.controller.ProductsController: Successfully fetched all products
2025-03-05 22:57:52,199 WARN [http-nio-8080-exec-8] org.springframework.web.servlet.handler.AbstractHandlerExceptionResolver: Resolved [org.springframework.web.method.annotation.MethodArgumentTypeMismatchException: Method parameter 'idProduct': Failed to convert value of type 'java.lang.String' to required type 'java.lang.Integer'; For input string: "undefined"]
2025-03-05 22:57:52,406 INFO [http-nio-8080-exec-7] es.proyecto.app.controller.CategoriesController: Successfully retrieved categories
2025-03-05 22:58:00,092 INFO [http-nio-8080-exec-9] es.proyecto.app.controller.CategoriesController: Successfully retrieved categories
2025-03-05 22:58:00,111 INFO [http-nio-8080-exec-4] es.proyecto.app.controller.ProductsController: Successfully fetched all products
2025-03-05 22:58:00,264 INFO [http-nio-8080-exec-7] es.proyecto.app.controller.ProductsController: Successfully fetched all products
2025-03-05 22:58:12,254 INFO [http-nio-8080-exec-4] es.proyecto.app.controller.CategoriesController: Successfully retrieved categories
2025-03-05 22:58:12,307 INFO [http-nio-8080-exec-6] es.proyecto.app.controller.ProductsController: Successfully fetched all products
2025-03-05 22:58:13,764 INFO [http-nio-8080-exec-3] es.proyecto.app.controller.ProductsController: Product with id 6 retrieved successfully
2025-03-05 22:58:13,796 INFO [http-nio-8080-exec-7] es.proyecto.app.controller.CategoriesController: Successfully retrieved categories
2025-03-05 22:58:13,987 INFO [http-nio-8080-exec-3] es.proyecto.app.controller.ProductsController: Successfully fetched all products
2025-03-05 23:01:53,766 INFO [restartedMain] org.springframework.boot.StartupInfoLogger: Starting AppApplication using Java 17.0.13 with PID 4312 (C:\Users\Spekt\Desktop\DAW\proyecto\app\target\classes started by Spekt in C:\Users\Spekt\Desktop\DAW\proyecto\app)
2025-03-05 23:01:53,782 INFO [restartedMain] org.springframework.boot.SpringApplication: No active profile set, falling back to 1 default profile: "default"
2025-03-05 23:02:05,830 WARN [restartedMain] org.springframework.boot.autoconfigure.orm.jpa.JpaBaseConfiguration$JpaWebConfiguration: spring.jpa.open-in-view is enabled by default. Therefore, database queries may be performed during view rendering. Explicitly configure spring.jpa.open-in-view to disable this warning
2025-03-05 23:02:05,894 WARN [restartedMain] org.springframework.boot.autoconfigure.security.servlet.UserDetailsServiceAutoConfiguration: 

Using generated security password: f6e67515-9e46-46aa-8f11-91d2d880e4ea

This generated password is for development use only. Your security configuration must be updated before running your application in production.

2025-03-05 23:02:07,473 INFO [restartedMain] org.springframework.boot.StartupInfoLogger: Started AppApplication in 14.541 seconds (process running for 16.059)
2025-03-05 23:02:36,234 INFO [http-nio-8080-exec-9] es.proyecto.app.controller.CategoriesController: Successfully retrieved categories
2025-03-05 23:02:36,234 INFO [http-nio-8080-exec-4] es.proyecto.app.controller.ProductsController: Successfully fetched all products
2025-03-05 23:02:36,504 INFO [http-nio-8080-exec-3] es.proyecto.app.controller.ProductsController: Successfully fetched all products
2025-03-05 23:02:36,575 INFO [http-nio-8080-exec-2] es.proyecto.app.controller.ProductsController: Successfully fetched all products
2025-03-05 23:02:36,662 INFO [http-nio-8080-exec-2] es.proyecto.app.controller.ProductsController: Successfully fetched all products
2025-03-05 23:02:43,281 INFO [http-nio-8080-exec-10] es.proyecto.app.controller.CategoriesController: Successfully retrieved categories
2025-03-05 23:02:43,418 INFO [http-nio-8080-exec-6] es.proyecto.app.controller.ProductsController: Product with id 25 retrieved successfully
2025-03-05 23:02:43,790 INFO [http-nio-8080-exec-1] es.proyecto.app.controller.ProductsController: Successfully fetched all products
2025-03-05 23:02:50,030 INFO [http-nio-8080-exec-4] es.proyecto.app.controller.CategoriesController: Successfully retrieved categories
2025-03-05 23:02:50,186 INFO [http-nio-8080-exec-6] es.proyecto.app.controller.ProductsController: Successfully fetched all products
2025-03-05 23:02:52,111 INFO [http-nio-8080-exec-3] es.proyecto.app.controller.ProductsController: Product with id 14 retrieved successfully
2025-03-05 23:02:52,176 INFO [http-nio-8080-exec-2] es.proyecto.app.controller.CategoriesController: Successfully retrieved categories
2025-03-05 23:02:52,333 INFO [http-nio-8080-exec-6] es.proyecto.app.controller.ProductsController: Successfully fetched all products
2025-03-05 23:02:57,188 INFO [http-nio-8080-exec-4] es.proyecto.app.controller.ProductsController: Successfully fetched all products
2025-03-05 23:02:57,239 INFO [http-nio-8080-exec-6] es.proyecto.app.controller.CategoriesController: Successfully retrieved categories
2025-03-05 23:02:57,344 INFO [http-nio-8080-exec-10] es.proyecto.app.controller.ProductsController: Successfully fetched all products
2025-03-05 23:03:00,165 INFO [http-nio-8080-exec-8] es.proyecto.app.controller.CategoriesController: Successfully retrieved categories
2025-03-05 23:03:00,169 WARN [http-nio-8080-exec-9] org.springframework.web.servlet.handler.AbstractHandlerExceptionResolver: Resolved [org.springframework.web.method.annotation.MethodArgumentTypeMismatchException: Method parameter 'idProduct': Failed to convert value of type 'java.lang.String' to required type 'java.lang.Integer'; For input string: "undefined"]
2025-03-05 23:08:44,590 INFO [restartedMain] org.springframework.boot.StartupInfoLogger: Starting AppApplication using Java 17.0.13 with PID 5988 (C:\Users\Spekt\Desktop\DAW\proyecto\app\target\classes started by Spekt in C:\Users\Spekt\Desktop\DAW\proyecto\app)
2025-03-05 23:08:44,606 INFO [restartedMain] org.springframework.boot.SpringApplication: No active profile set, falling back to 1 default profile: "default"
2025-03-05 23:08:55,201 WARN [restartedMain] org.springframework.boot.autoconfigure.orm.jpa.JpaBaseConfiguration$JpaWebConfiguration: spring.jpa.open-in-view is enabled by default. Therefore, database queries may be performed during view rendering. Explicitly configure spring.jpa.open-in-view to disable this warning
2025-03-05 23:08:55,240 WARN [restartedMain] org.springframework.boot.autoconfigure.security.servlet.UserDetailsServiceAutoConfiguration: 

Using generated security password: ee36bfd6-f0fc-4f03-853b-9fbdaa95676d

This generated password is for development use only. Your security configuration must be updated before running your application in production.

2025-03-05 23:08:56,516 WARN [restartedMain] org.springframework.boot.devtools.autoconfigure.OptionalLiveReloadServer: Unable to start LiveReload server
2025-03-05 23:08:56,569 WARN [restartedMain] org.springframework.context.support.AbstractApplicationContext: Exception encountered during context initialization - cancelling refresh attempt: org.springframework.context.ApplicationContextException: Failed to start bean 'webServerStartStop'
2025-03-05 23:08:56,689 ERROR [restartedMain] org.springframework.boot.diagnostics.LoggingFailureAnalysisReporter: 

***************************
APPLICATION FAILED TO START
***************************

Description:

Web server failed to start. Port 8080 was already in use.

Action:

Identify and stop the process that's listening on port 8080 or configure this application to listen on another port.

2025-03-05 23:09:14,824 INFO [restartedMain] org.springframework.boot.StartupInfoLogger: Starting AppApplication using Java 17.0.13 with PID 25984 (C:\Users\Spekt\Desktop\DAW\proyecto\app\target\classes started by Spekt in C:\Users\Spekt\Desktop\DAW\proyecto\app)
2025-03-05 23:09:14,832 INFO [restartedMain] org.springframework.boot.SpringApplication: No active profile set, falling back to 1 default profile: "default"
2025-03-05 23:09:25,159 WARN [restartedMain] org.springframework.boot.autoconfigure.orm.jpa.JpaBaseConfiguration$JpaWebConfiguration: spring.jpa.open-in-view is enabled by default. Therefore, database queries may be performed during view rendering. Explicitly configure spring.jpa.open-in-view to disable this warning
2025-03-05 23:09:25,194 WARN [restartedMain] org.springframework.boot.autoconfigure.security.servlet.UserDetailsServiceAutoConfiguration: 

Using generated security password: 4f5257b9-f3ed-4de6-abda-3bc3e4615633

This generated password is for development use only. Your security configuration must be updated before running your application in production.

2025-03-05 23:09:26,860 INFO [restartedMain] org.springframework.boot.StartupInfoLogger: Started AppApplication in 12.834 seconds (process running for 14.499)
2025-03-05 23:09:33,096 INFO [http-nio-8080-exec-9] es.proyecto.app.controller.ProductsController: Successfully fetched all products
2025-03-05 23:09:33,096 INFO [http-nio-8080-exec-7] es.proyecto.app.controller.CategoriesController: Successfully retrieved categories
2025-03-05 23:09:33,276 INFO [http-nio-8080-exec-6] es.proyecto.app.controller.ProductsController: Successfully fetched all products
2025-03-05 23:09:33,321 INFO [http-nio-8080-exec-1] es.proyecto.app.controller.ProductsController: Successfully fetched all products
2025-03-05 23:09:33,366 INFO [http-nio-8080-exec-8] es.proyecto.app.controller.ProductsController: Successfully fetched all products
2025-03-05 23:09:36,641 INFO [http-nio-8080-exec-10] es.proyecto.app.controller.CategoriesController: Successfully retrieved categories
2025-03-05 23:09:36,658 INFO [http-nio-8080-exec-6] es.proyecto.app.controller.ProductsController: Product with id 8 retrieved successfully
2025-03-05 23:09:36,701 INFO [http-nio-8080-exec-4] es.proyecto.app.controller.ProductsController: Product with id 8 retrieved successfully
2025-03-05 23:09:36,848 INFO [http-nio-8080-exec-8] es.proyecto.app.controller.ProductsController: Successfully fetched all products
2025-03-05 23:09:36,948 INFO [http-nio-8080-exec-9] es.proyecto.app.controller.ProductsController: Successfully fetched all products
2025-03-05 23:09:42,828 INFO [http-nio-8080-exec-6] es.proyecto.app.controller.CategoriesController: Successfully retrieved categories
2025-03-05 23:09:42,901 INFO [http-nio-8080-exec-4] es.proyecto.app.controller.ProductsController: Successfully fetched all products
2025-03-05 23:09:45,237 INFO [http-nio-8080-exec-9] es.proyecto.app.controller.ProductsController: Product with id 14 retrieved successfully
2025-03-05 23:09:45,294 INFO [http-nio-8080-exec-3] es.proyecto.app.controller.CategoriesController: Successfully retrieved categories
2025-03-05 23:09:45,321 INFO [http-nio-8080-exec-6] es.proyecto.app.controller.ProductsController: Product with id 14 retrieved successfully
2025-03-05 23:09:45,480 INFO [http-nio-8080-exec-9] es.proyecto.app.controller.ProductsController: Successfully fetched all products
2025-03-05 23:09:45,776 INFO [http-nio-8080-exec-5] es.proyecto.app.controller.ProductsController: Successfully fetched all products
2025-03-05 23:09:51,555 INFO [http-nio-8080-exec-2] es.proyecto.app.controller.CategoriesController: Successfully retrieved categories
2025-03-05 23:09:51,618 INFO [http-nio-8080-exec-5] es.proyecto.app.controller.ProductsController: Successfully fetched all products
2025-03-05 23:09:51,691 INFO [http-nio-8080-exec-8] es.proyecto.app.controller.ProductsController: Successfully fetched all products
2025-03-05 23:09:55,327 WARN [http-nio-8080-exec-2] org.springframework.web.servlet.handler.AbstractHandlerExceptionResolver: Resolved [org.springframework.web.method.annotation.MethodArgumentTypeMismatchException: Method parameter 'idProduct': Failed to convert value of type 'java.lang.String' to required type 'java.lang.Integer'; For input string: "undefined"]
2025-03-05 23:09:55,352 INFO [http-nio-8080-exec-9] es.proyecto.app.controller.CategoriesController: Successfully retrieved categories
2025-03-05 23:09:55,494 WARN [http-nio-8080-exec-10] org.springframework.web.servlet.handler.AbstractHandlerExceptionResolver: Resolved [org.springframework.web.method.annotation.MethodArgumentTypeMismatchException: Method parameter 'idProduct': Failed to convert value of type 'java.lang.String' to required type 'java.lang.Integer'; For input string: "undefined"]
2025-03-05 23:11:05,320 INFO [restartedMain] org.springframework.boot.StartupInfoLogger: Starting AppApplication using Java 17.0.13 with PID 4340 (C:\Users\Spekt\Desktop\DAW\proyecto\app\target\classes started by Spekt in C:\Users\Spekt\Desktop\DAW\proyecto\app)
2025-03-05 23:11:05,320 INFO [restartedMain] org.springframework.boot.SpringApplication: No active profile set, falling back to 1 default profile: "default"
2025-03-05 23:11:15,587 WARN [restartedMain] org.springframework.boot.autoconfigure.orm.jpa.JpaBaseConfiguration$JpaWebConfiguration: spring.jpa.open-in-view is enabled by default. Therefore, database queries may be performed during view rendering. Explicitly configure spring.jpa.open-in-view to disable this warning
2025-03-05 23:11:15,626 WARN [restartedMain] org.springframework.boot.autoconfigure.security.servlet.UserDetailsServiceAutoConfiguration: 

Using generated security password: c3278d8e-d554-430c-8060-e2064b2c9074

This generated password is for development use only. Your security configuration must be updated before running your application in production.

2025-03-05 23:11:16,977 INFO [restartedMain] org.springframework.boot.StartupInfoLogger: Started AppApplication in 12.471 seconds (process running for 13.903)
2025-03-05 23:11:25,130 INFO [http-nio-8080-exec-4] es.proyecto.app.controller.ProductsController: Successfully fetched all products
2025-03-05 23:11:25,142 INFO [http-nio-8080-exec-1] es.proyecto.app.controller.CategoriesController: Successfully retrieved categories
2025-03-05 23:11:25,600 INFO [http-nio-8080-exec-3] es.proyecto.app.controller.ProductsController: Successfully fetched all products
2025-03-05 23:11:30,265 INFO [http-nio-8080-exec-8] es.proyecto.app.controller.CategoriesController: Successfully retrieved categories
2025-03-05 23:11:30,456 WARN [http-nio-8080-exec-4] org.springframework.web.servlet.handler.AbstractHandlerExceptionResolver: Resolved [org.springframework.web.method.annotation.MethodArgumentTypeMismatchException: Method parameter 'idProduct': Failed to convert value of type 'java.lang.String' to required type 'java.lang.Integer'; For input string: "undefined"]
2025-03-05 23:11:30,581 WARN [http-nio-8080-exec-9] org.springframework.web.servlet.handler.AbstractHandlerExceptionResolver: Resolved [org.springframework.web.method.annotation.MethodArgumentTypeMismatchException: Method parameter 'idProduct': Failed to convert value of type 'java.lang.String' to required type 'java.lang.Integer'; For input string: "undefined"]
2025-03-05 23:11:37,073 INFO [http-nio-8080-exec-4] es.proyecto.app.controller.CategoriesController: Successfully retrieved categories
2025-03-05 23:11:37,138 INFO [http-nio-8080-exec-8] es.proyecto.app.controller.ProductsController: Successfully fetched all products
2025-03-05 23:11:37,257 INFO [http-nio-8080-exec-2] es.proyecto.app.controller.ProductsController: Successfully fetched all products
2025-03-05 23:12:49,559 INFO [http-nio-8080-exec-1] es.proyecto.app.controller.CategoriesController: Successfully retrieved categories
2025-03-05 23:12:49,608 INFO [http-nio-8080-exec-3] es.proyecto.app.controller.ProductsController: Successfully fetched all products
2025-03-05 23:12:49,791 INFO [http-nio-8080-exec-7] es.proyecto.app.controller.ProductsController: Successfully fetched all products
2025-03-05 23:12:49,905 INFO [http-nio-8080-exec-2] es.proyecto.app.controller.ProductsController: Successfully fetched all products
2025-03-05 23:12:50,041 INFO [http-nio-8080-exec-9] es.proyecto.app.controller.ProductsController: Successfully fetched all products
2025-03-05 23:13:04,694 INFO [restartedMain] org.springframework.boot.StartupInfoLogger: Starting AppApplication using Java 17.0.13 with PID 1368 (C:\Users\Spekt\Desktop\DAW\proyecto\app\target\classes started by Spekt in C:\Users\Spekt\Desktop\DAW\proyecto\app)
2025-03-05 23:13:04,707 INFO [restartedMain] org.springframework.boot.SpringApplication: No active profile set, falling back to 1 default profile: "default"
2025-03-05 23:13:14,829 WARN [restartedMain] org.springframework.boot.autoconfigure.orm.jpa.JpaBaseConfiguration$JpaWebConfiguration: spring.jpa.open-in-view is enabled by default. Therefore, database queries may be performed during view rendering. Explicitly configure spring.jpa.open-in-view to disable this warning
2025-03-05 23:13:14,867 WARN [restartedMain] org.springframework.boot.autoconfigure.security.servlet.UserDetailsServiceAutoConfiguration: 

Using generated security password: 9bed89e5-0395-41b3-9c94-d61d63c08631

This generated password is for development use only. Your security configuration must be updated before running your application in production.

2025-03-05 23:13:16,153 INFO [restartedMain] org.springframework.boot.StartupInfoLogger: Started AppApplication in 12.253 seconds (process running for 13.855)
2025-03-05 23:13:54,047 INFO [restartedMain] org.springframework.boot.StartupInfoLogger: Starting AppApplication using Java 17.0.13 with PID 22404 (C:\Users\Spekt\Desktop\DAW\proyecto\app\target\classes started by Spekt in C:\Users\Spekt\Desktop\DAW\proyecto\app)
2025-03-05 23:13:54,047 INFO [restartedMain] org.springframework.boot.SpringApplication: No active profile set, falling back to 1 default profile: "default"
2025-03-05 23:14:04,388 WARN [restartedMain] org.springframework.boot.autoconfigure.orm.jpa.JpaBaseConfiguration$JpaWebConfiguration: spring.jpa.open-in-view is enabled by default. Therefore, database queries may be performed during view rendering. Explicitly configure spring.jpa.open-in-view to disable this warning
2025-03-05 23:14:04,429 WARN [restartedMain] org.springframework.boot.autoconfigure.security.servlet.UserDetailsServiceAutoConfiguration: 

Using generated security password: 39fbb427-bd5d-44ae-ba07-e4c35ac05c1c

This generated password is for development use only. Your security configuration must be updated before running your application in production.

2025-03-05 23:14:05,770 INFO [restartedMain] org.springframework.boot.StartupInfoLogger: Started AppApplication in 12.548 seconds (process running for 14.077)
2025-03-05 23:14:14,626 INFO [http-nio-8080-exec-8] es.proyecto.app.controller.ProductsController: Successfully fetched all products
2025-03-05 23:14:14,633 INFO [http-nio-8080-exec-4] es.proyecto.app.controller.CategoriesController: Successfully retrieved categories
2025-03-05 23:14:14,824 INFO [http-nio-8080-exec-5] es.proyecto.app.controller.ProductsController: Successfully fetched all products
2025-03-05 23:14:14,873 INFO [http-nio-8080-exec-6] es.proyecto.app.controller.ProductsController: Successfully fetched all products
2025-03-05 23:14:14,931 INFO [http-nio-8080-exec-3] es.proyecto.app.controller.ProductsController: Successfully fetched all products
2025-03-05 23:14:29,097 INFO [http-nio-8080-exec-5] es.proyecto.app.controller.AuthController: Attempting to log in with email: jorge@example.com
2025-03-05 23:14:29,347 INFO [http-nio-8080-exec-5] es.proyecto.app.controller.AuthController: User logged in successfully: jorge@example.com
2025-03-05 23:14:29,439 INFO [http-nio-8080-exec-9] es.proyecto.app.controller.UsersController: Successfully fetched all users
2025-03-05 23:14:30,068 INFO [http-nio-8080-exec-10] es.proyecto.app.controller.CategoriesController: Successfully retrieved categories
2025-03-05 23:14:30,085 INFO [http-nio-8080-exec-5] es.proyecto.app.controller.UsersController: Successfully fetched all users
2025-03-05 23:14:30,085 INFO [http-nio-8080-exec-2] es.proyecto.app.controller.ProductsController: Successfully fetched all products
2025-03-05 23:14:30,207 INFO [http-nio-8080-exec-7] es.proyecto.app.controller.ProductsController: Successfully fetched all products
2025-03-05 23:14:30,269 INFO [http-nio-8080-exec-6] es.proyecto.app.controller.ProductsController: Successfully fetched all products
2025-03-05 23:14:30,338 INFO [http-nio-8080-exec-1] es.proyecto.app.controller.ProductsController: Successfully fetched all products
2025-03-05 23:14:37,059 INFO [http-nio-8080-exec-2] es.proyecto.app.controller.CategoriesController: Successfully retrieved categories
2025-03-05 23:14:37,061 INFO [http-nio-8080-exec-9] es.proyecto.app.controller.UsersController: Successfully fetched all users
2025-03-05 23:16:37,230 INFO [http-nio-8080-exec-4] es.proyecto.app.controller.UsersController: Successfully fetched all users
2025-03-05 23:16:56,515 INFO [http-nio-8080-exec-1] es.proyecto.app.controller.UsersController: User with id 9 deleted successfully
2025-03-05 23:17:01,985 INFO [http-nio-8080-exec-10] es.proyecto.app.controller.UsersController: User with id 8 deleted successfully
2025-03-05 23:17:07,800 INFO [http-nio-8080-exec-5] es.proyecto.app.controller.UsersController: User with id 7 not found
2025-03-05 23:17:14,171 INFO [http-nio-8080-exec-6] es.proyecto.app.controller.UsersController: User with id 6 retrieved successfully
2025-03-05 23:17:21,957 INFO [http-nio-8080-exec-9] es.proyecto.app.controller.UsersController: User with id 6 deleted successfully
2025-03-05 23:17:27,133 INFO [http-nio-8080-exec-8] es.proyecto.app.controller.UsersController: User with id 5 not found
2025-03-05 23:17:30,107 INFO [http-nio-8080-exec-3] es.proyecto.app.controller.UsersController: User with id 4 retrieved successfully
2025-03-05 23:17:34,493 INFO [http-nio-8080-exec-2] es.proyecto.app.controller.UsersController: User with id 3 retrieved successfully
2025-03-05 23:17:50,119 INFO [http-nio-8080-exec-7] es.proyecto.app.controller.AuthController: Attempting to log in with email: jorge@example.com
2025-03-05 23:17:50,242 INFO [http-nio-8080-exec-7] es.proyecto.app.controller.AuthController: User logged in successfully: jorge@example.com
2025-03-05 23:18:30,016 INFO [http-nio-8080-exec-4] es.proyecto.app.controller.CartController: manageCart called with userId: 3 and action: add
2025-03-05 23:18:30,018 INFO [http-nio-8080-exec-4] es.proyecto.app.controller.CartController: Attempting to add product to cart: product_id=4, quantity=14
2025-03-05 23:18:30,024 INFO [http-nio-8080-exec-4] es.proyecto.app.service.CartService: addProductToCart called with userId: 3, productId: 4, quantity: 14
2025-03-05 23:18:30,049 INFO [http-nio-8080-exec-4] es.proyecto.app.service.CartService: Updated product quantity in cart for userId: 3, productId: 4, new quantity: 28
2025-03-05 23:18:30,049 INFO [http-nio-8080-exec-4] es.proyecto.app.service.CartService: Product added to cart for userId: 3, productId: 4
2025-03-05 23:18:30,090 INFO [http-nio-8080-exec-4] es.proyecto.app.controller.CartController: Product added successfully
2025-03-05 23:18:36,874 INFO [http-nio-8080-exec-1] es.proyecto.app.controller.CartController: manageCart called with userId: 3 and action: add
2025-03-05 23:18:36,874 INFO [http-nio-8080-exec-1] es.proyecto.app.controller.CartController: Attempting to add product to cart: product_id=2, quantity=14
2025-03-05 23:18:36,874 INFO [http-nio-8080-exec-1] es.proyecto.app.service.CartService: addProductToCart called with userId: 3, productId: 2, quantity: 14
2025-03-05 23:18:36,965 INFO [http-nio-8080-exec-1] es.proyecto.app.service.CartService: New cart item created for userId: 3, productId: 2, quantity: 14
2025-03-05 23:18:36,965 INFO [http-nio-8080-exec-1] es.proyecto.app.service.CartService: Product added to cart for userId: 3, productId: 2
2025-03-05 23:18:36,976 INFO [http-nio-8080-exec-1] es.proyecto.app.controller.CartController: Product added successfully
2025-03-05 23:18:50,244 INFO [http-nio-8080-exec-10] es.proyecto.app.controller.CartController: manageCart called with userId: 3 and action: add
2025-03-05 23:18:50,245 INFO [http-nio-8080-exec-10] es.proyecto.app.controller.CartController: Attempting to add product to cart: product_id=6, quantity=14
2025-03-05 23:18:50,247 INFO [http-nio-8080-exec-10] es.proyecto.app.service.CartService: addProductToCart called with userId: 3, productId: 6, quantity: 14
2025-03-05 23:18:50,264 INFO [http-nio-8080-exec-10] es.proyecto.app.service.CartService: New cart item created for userId: 3, productId: 6, quantity: 14
2025-03-05 23:18:50,266 INFO [http-nio-8080-exec-10] es.proyecto.app.service.CartService: Product added to cart for userId: 3, productId: 6
2025-03-05 23:18:50,270 INFO [http-nio-8080-exec-10] es.proyecto.app.controller.CartController: Product added successfully
2025-03-05 23:20:26,130 INFO [http-nio-8080-exec-3] es.proyecto.app.controller.UsersController: User with id 3 retrieved successfully
2025-03-05 23:22:38,911 ERROR [http-nio-8080-exec-4] es.proyecto.app.controller.CartController: Unauthorized access: no authenticated user found
2025-03-05 23:23:08,061 ERROR [http-nio-8080-exec-1] es.proyecto.app.controller.CartController: Unauthorized access: no authenticated user found
2025-03-05 23:23:20,848 INFO [http-nio-8080-exec-10] es.proyecto.app.controller.AuthController: Attempting to log in with email: jorge@example.com
2025-03-05 23:23:20,963 INFO [http-nio-8080-exec-10] es.proyecto.app.controller.AuthController: User logged in successfully: jorge@example.com
2025-03-05 23:23:36,211 ERROR [http-nio-8080-exec-5] es.proyecto.app.controller.CartController: Unauthorized access: no authenticated user found
2025-03-05 23:25:11,536 WARN [http-nio-8080-exec-3] es.proyecto.app.controller.AuthController: No se encontró token en la cabecera para logout.
2025-03-05 23:30:23,719 INFO [restartedMain] org.springframework.boot.StartupInfoLogger: Starting AppApplication using Java 17.0.13 with PID 15008 (C:\Users\Spekt\Desktop\DAW\proyecto\app\target\classes started by Spekt in C:\Users\Spekt\Desktop\DAW\proyecto\app)
2025-03-05 23:30:23,732 INFO [restartedMain] org.springframework.boot.SpringApplication: No active profile set, falling back to 1 default profile: "default"
2025-03-05 23:30:34,059 WARN [restartedMain] org.springframework.boot.autoconfigure.orm.jpa.JpaBaseConfiguration$JpaWebConfiguration: spring.jpa.open-in-view is enabled by default. Therefore, database queries may be performed during view rendering. Explicitly configure spring.jpa.open-in-view to disable this warning
2025-03-05 23:30:34,096 WARN [restartedMain] org.springframework.boot.autoconfigure.security.servlet.UserDetailsServiceAutoConfiguration: 

Using generated security password: 2ec211e3-19c4-4824-b1d2-46853bcc5999

This generated password is for development use only. Your security configuration must be updated before running your application in production.

2025-03-05 23:30:35,457 INFO [restartedMain] org.springframework.boot.StartupInfoLogger: Started AppApplication in 12.554 seconds (process running for 13.987)
2025-03-05 23:30:43,052 INFO [http-nio-8080-exec-10] es.proyecto.app.controller.UsersController: Successfully fetched all users
2025-03-05 23:30:43,052 INFO [http-nio-8080-exec-3] es.proyecto.app.controller.ProductsController: Successfully fetched all products
2025-03-05 23:30:43,060 INFO [http-nio-8080-exec-8] es.proyecto.app.controller.CategoriesController: Successfully retrieved categories
2025-03-05 23:30:43,199 INFO [http-nio-8080-exec-1] es.proyecto.app.controller.ProductsController: Successfully fetched all products
2025-03-05 23:30:43,265 INFO [http-nio-8080-exec-9] es.proyecto.app.controller.ProductsController: Successfully fetched all products
2025-03-05 23:30:43,323 INFO [http-nio-8080-exec-5] es.proyecto.app.controller.ProductsController: Successfully fetched all products
2025-03-05 23:30:45,834 INFO [http-nio-8080-exec-4] es.proyecto.app.controller.CategoriesController: Successfully retrieved categories
2025-03-05 23:30:45,844 INFO [http-nio-8080-exec-1] es.proyecto.app.controller.UsersController: Successfully fetched all users
2025-03-05 23:30:46,095 ERROR [http-nio-8080-exec-6] es.proyecto.app.controller.CartController: Unauthorized access: no authenticated user found
2025-03-05 23:30:57,814 INFO [http-nio-8080-exec-8] es.proyecto.app.controller.AuthController: Token invalidado: eyJhbGciOiJIUzUxMiJ9.eyJzdWIiOiJqb3JnZUBleGFtcGxlLmNvbSIsImlhdCI6MTc0MTIxMjg2OSwiZXhwIjoxNzQxMjE2NDY5fQ.n_NZMin79_lDO5xa9zK297CxrQN-ELuKpVkU_LQ54IbzqCbH0_lSiVz7uGUA8eWAroJazrDW3L8qoV4EwgFdew
2025-03-05 23:30:58,400 INFO [http-nio-8080-exec-2] es.proyecto.app.controller.CategoriesController: Successfully retrieved categories
2025-03-05 23:30:58,456 INFO [http-nio-8080-exec-7] es.proyecto.app.controller.ProductsController: Successfully fetched all products
2025-03-05 23:30:58,534 INFO [http-nio-8080-exec-4] es.proyecto.app.controller.ProductsController: Successfully fetched all products
2025-03-05 23:30:58,646 INFO [http-nio-8080-exec-8] es.proyecto.app.controller.ProductsController: Successfully fetched all products
2025-03-05 23:30:58,716 INFO [http-nio-8080-exec-1] es.proyecto.app.controller.ProductsController: Successfully fetched all products
2025-03-05 23:31:07,740 INFO [http-nio-8080-exec-3] es.proyecto.app.controller.AuthController: Attempting to log in with email: jorge@example.com
2025-03-05 23:31:07,905 INFO [http-nio-8080-exec-3] es.proyecto.app.controller.AuthController: User logged in successfully: jorge@example.com
2025-03-05 23:31:07,968 INFO [http-nio-8080-exec-3] es.proyecto.app.controller.UsersController: Successfully fetched all users
2025-03-05 23:31:08,452 INFO [http-nio-8080-exec-5] es.proyecto.app.controller.CategoriesController: Successfully retrieved categories
2025-03-05 23:31:08,497 INFO [http-nio-8080-exec-6] es.proyecto.app.controller.ProductsController: Successfully fetched all products
2025-03-05 23:31:08,611 INFO [http-nio-8080-exec-9] es.proyecto.app.controller.UsersController: Successfully fetched all users
2025-03-05 23:31:08,626 INFO [http-nio-8080-exec-7] es.proyecto.app.controller.ProductsController: Successfully fetched all products
2025-03-05 23:31:08,733 INFO [http-nio-8080-exec-10] es.proyecto.app.controller.ProductsController: Successfully fetched all products
2025-03-05 23:31:08,825 INFO [http-nio-8080-exec-4] es.proyecto.app.controller.ProductsController: Successfully fetched all products
2025-03-05 23:31:12,843 INFO [http-nio-8080-exec-1] es.proyecto.app.controller.UsersController: Successfully fetched all users
2025-03-05 23:31:12,847 INFO [http-nio-8080-exec-5] es.proyecto.app.controller.CategoriesController: Successfully retrieved categories
2025-03-05 23:32:56,354 INFO [http-nio-8080-exec-7] es.proyecto.app.controller.CategoriesController: Successfully retrieved categories
2025-03-05 23:32:56,359 INFO [http-nio-8080-exec-5] es.proyecto.app.controller.UsersController: Successfully fetched all users
2025-03-05 23:32:56,362 INFO [http-nio-8080-exec-9] es.proyecto.app.controller.ProductsController: Successfully fetched all products
2025-03-05 23:32:56,393 INFO [http-nio-8080-exec-3] es.proyecto.app.controller.ProductsController: Successfully fetched all products
2025-03-05 23:32:56,422 INFO [http-nio-8080-exec-4] es.proyecto.app.controller.ProductsController: Successfully fetched all products
2025-03-05 23:32:56,453 INFO [http-nio-8080-exec-10] es.proyecto.app.controller.ProductsController: Successfully fetched all products
2025-03-05 23:40:06,573 WARN [http-nio-8080-exec-1] es.proyecto.app.controller.AuthController: No se encontró token en la cabecera para logout.
2025-03-05 23:40:14,038 INFO [http-nio-8080-exec-2] es.proyecto.app.controller.AuthController: Attempting to log in with email: jorge@example.com
2025-03-05 23:40:14,161 INFO [http-nio-8080-exec-2] es.proyecto.app.controller.AuthController: User logged in successfully: jorge@example.com
2025-03-05 23:43:10,954 INFO [http-nio-8080-exec-6] es.proyecto.app.controller.UsersController: Successfully fetched all users
2025-03-05 23:43:11,103 INFO [http-nio-8080-exec-9] es.proyecto.app.controller.CategoriesController: Successfully retrieved categories
