2025-04-29 20:43:40,707 INFO [restartedMain] org.springframework.boot.StartupInfoLogger: Starting AppApplication using Java 17.0.13 with PID 22508 (C:\Users\Spekt\Desktop\DAW\proyecto\app\target\classes started by Spekt in C:\Users\Spekt\Desktop\DAW\proyecto\app)
2025-04-29 20:43:40,723 INFO [restartedMain] org.springframework.boot.SpringApplication: No active profile set, falling back to 1 default profile: "default"
2025-04-29 20:43:53,301 WARN [restartedMain] org.springframework.boot.autoconfigure.orm.jpa.JpaBaseConfiguration$JpaWebConfiguration: spring.jpa.open-in-view is enabled by default. Therefore, database queries may be performed during view rendering. Explicitly configure spring.jpa.open-in-view to disable this warning
2025-04-29 20:43:53,335 WARN [restartedMain] org.springframework.boot.autoconfigure.security.servlet.UserDetailsServiceAutoConfiguration: 

Using generated security password: 78bb11cf-0e80-4901-ba6f-606287c2514c

This generated password is for development use only. Your security configuration must be updated before running your application in production.

2025-04-29 20:43:54,886 INFO [restartedMain] org.springframework.boot.StartupInfoLogger: Started AppApplication in 15.038 seconds (process running for 25.415)
2025-04-29 20:44:16,599 INFO [http-nio-8080-exec-2] es.proyecto.app.controller.CategoriesController: Successfully retrieved categories
2025-04-29 20:44:16,599 INFO [http-nio-8080-exec-10] es.proyecto.app.controller.UsersController: Successfully fetched all users
2025-04-29 20:44:16,599 INFO [http-nio-8080-exec-6] es.proyecto.app.controller.ProductsController: Successfully fetched all products
2025-04-29 20:44:16,787 INFO [http-nio-8080-exec-7] es.proyecto.app.controller.ProductsController: Successfully fetched all products
2025-04-29 20:44:16,874 INFO [http-nio-8080-exec-1] es.proyecto.app.controller.ProductsController: Successfully fetched all products
2025-04-29 20:44:19,236 INFO [http-nio-8080-exec-3] es.proyecto.app.controller.CategoriesController: Successfully retrieved categories
2025-04-29 20:44:19,304 INFO [http-nio-8080-exec-4] es.proyecto.app.controller.ProductsController: Successfully fetched all products
2025-04-29 20:44:19,336 INFO [http-nio-8080-exec-6] es.proyecto.app.controller.CategoriesController: Successfully retrieved categories
2025-04-29 20:44:27,492 INFO [http-nio-8080-exec-7] es.proyecto.app.controller.CategoriesController: Successfully retrieved categories
2025-04-29 20:44:27,512 INFO [http-nio-8080-exec-3] es.proyecto.app.controller.ProductsController: Product with id 26 retrieved successfully
2025-04-29 20:44:27,576 INFO [http-nio-8080-exec-10] es.proyecto.app.controller.SubcategoriesController: Subcategory with id 5 retrieved successfully
2025-04-29 20:44:27,630 INFO [http-nio-8080-exec-5] es.proyecto.app.controller.CategoriesController: Category with id 3 retrieved successfully
2025-04-29 20:44:27,734 INFO [http-nio-8080-exec-6] es.proyecto.app.controller.ProductsController: Successfully fetched all products
2025-04-29 20:44:35,646 INFO [http-nio-8080-exec-1] es.proyecto.app.controller.CategoriesController: Successfully retrieved categories
2025-04-29 20:44:35,663 INFO [http-nio-8080-exec-2] es.proyecto.app.controller.ProductsController: Successfully fetched all products
2025-04-29 20:44:35,675 INFO [http-nio-8080-exec-9] es.proyecto.app.controller.UsersController: Successfully fetched all users
2025-04-29 20:44:35,810 INFO [http-nio-8080-exec-5] es.proyecto.app.controller.ProductsController: Successfully fetched all products
2025-04-29 20:44:35,886 INFO [http-nio-8080-exec-3] es.proyecto.app.controller.ProductsController: Successfully fetched all products
2025-04-29 20:44:39,179 INFO [http-nio-8080-exec-3] es.proyecto.app.controller.CategoriesController: Successfully retrieved categories
2025-04-29 20:44:39,179 INFO [http-nio-8080-exec-6] es.proyecto.app.controller.UsersController: Successfully fetched all users
2025-04-29 20:44:39,203 INFO [http-nio-8080-exec-8] es.proyecto.app.controller.ProductsController: Successfully fetched all products
2025-04-29 20:44:39,221 INFO [http-nio-8080-exec-6] es.proyecto.app.controller.CategoriesController: Successfully retrieved categories
2025-04-29 20:44:42,553 INFO [http-nio-8080-exec-10] es.proyecto.app.controller.CategoriesController: Successfully retrieved categories
2025-04-29 20:44:42,589 INFO [http-nio-8080-exec-9] es.proyecto.app.controller.UsersController: Successfully fetched all users
2025-04-29 20:44:48,522 INFO [http-nio-8080-exec-4] es.proyecto.app.controller.AuthController: Token invalidado: eyJhbGciOiJIUzUxMiJ9.eyJzdWIiOiJqb3JnZUBleGFtcGxlLmNvbSIsImlhdCI6MTc0NDMwNzI0NywiZXhwIjoxNzQ0MzEwODQ3fQ.gHtFviS8GpA3Own4eYcpDqb_5UWjLpvS0jM2ib7YTzZeK-LPOzGEbB40JTDUVOW6VOnYmKmvYhXJovcg3SrZZw
2025-04-29 20:44:48,924 INFO [http-nio-8080-exec-3] es.proyecto.app.controller.CategoriesController: Successfully retrieved categories
2025-04-29 20:44:48,946 INFO [http-nio-8080-exec-7] es.proyecto.app.controller.ProductsController: Successfully fetched all products
2025-04-29 20:44:49,027 INFO [http-nio-8080-exec-9] es.proyecto.app.controller.ProductsController: Successfully fetched all products
2025-04-29 20:44:49,095 INFO [http-nio-8080-exec-8] es.proyecto.app.controller.ProductsController: Successfully fetched all products
2025-04-29 20:46:17,239 INFO [http-nio-8080-exec-9] es.proyecto.app.controller.CategoriesController: Successfully retrieved categories
2025-04-29 20:46:17,263 INFO [http-nio-8080-exec-10] es.proyecto.app.controller.ProductsController: Successfully fetched all products
2025-04-29 20:46:17,329 INFO [http-nio-8080-exec-8] es.proyecto.app.controller.ProductsController: Successfully fetched all products
2025-04-29 20:46:17,379 INFO [http-nio-8080-exec-6] es.proyecto.app.controller.ProductsController: Successfully fetched all products
2025-04-29 20:46:21,069 INFO [http-nio-8080-exec-8] es.proyecto.app.controller.CategoriesController: Successfully retrieved categories
2025-04-29 20:46:21,092 INFO [http-nio-8080-exec-3] es.proyecto.app.controller.ProductsController: Successfully fetched all products
2025-04-29 20:46:21,144 INFO [http-nio-8080-exec-7] es.proyecto.app.controller.CategoriesController: Successfully retrieved categories
2025-04-29 20:46:28,027 INFO [http-nio-8080-exec-6] es.proyecto.app.controller.CategoriesController: Successfully retrieved categories
2025-04-29 20:46:28,064 INFO [http-nio-8080-exec-9] es.proyecto.app.controller.ProductsController: Successfully fetched all products
2025-04-29 20:46:28,072 INFO [http-nio-8080-exec-3] es.proyecto.app.controller.CategoriesController: Successfully retrieved categories
2025-04-29 20:46:34,213 INFO [http-nio-8080-exec-2] es.proyecto.app.controller.CategoriesController: Successfully retrieved categories
2025-04-29 20:46:34,230 INFO [http-nio-8080-exec-8] es.proyecto.app.controller.ProductsController: Successfully fetched all products
2025-04-29 20:46:34,256 INFO [http-nio-8080-exec-1] es.proyecto.app.controller.CategoriesController: Successfully retrieved categories
2025-04-29 20:46:41,031 INFO [http-nio-8080-exec-3] es.proyecto.app.controller.CategoriesController: Successfully retrieved categories
2025-04-29 20:46:41,055 INFO [http-nio-8080-exec-7] es.proyecto.app.controller.ProductsController: Successfully fetched all products
2025-04-29 20:46:41,100 INFO [http-nio-8080-exec-9] es.proyecto.app.controller.CategoriesController: Successfully retrieved categories
2025-04-29 20:47:28,721 INFO [restartedMain] org.springframework.boot.StartupInfoLogger: Starting AppApplication using Java 17.0.13 with PID 13592 (C:\Users\Spekt\Desktop\DAW\proyecto\app\target\classes started by Spekt in C:\Users\Spekt\Desktop\DAW\proyecto\app)
2025-04-29 20:47:28,729 INFO [restartedMain] org.springframework.boot.SpringApplication: No active profile set, falling back to 1 default profile: "default"
2025-04-29 20:47:39,391 WARN [restartedMain] org.springframework.boot.autoconfigure.orm.jpa.JpaBaseConfiguration$JpaWebConfiguration: spring.jpa.open-in-view is enabled by default. Therefore, database queries may be performed during view rendering. Explicitly configure spring.jpa.open-in-view to disable this warning
2025-04-29 20:47:39,426 WARN [restartedMain] org.springframework.boot.autoconfigure.security.servlet.UserDetailsServiceAutoConfiguration: 

Using generated security password: 75497d28-43ef-486d-9ed5-4bcad0a32f4e

This generated password is for development use only. Your security configuration must be updated before running your application in production.

2025-04-29 20:47:40,769 INFO [restartedMain] org.springframework.boot.StartupInfoLogger: Started AppApplication in 13.014 seconds (process running for 14.666)
2025-04-29 20:47:46,305 INFO [http-nio-8080-exec-8] es.proyecto.app.controller.CategoriesController: Successfully retrieved categories
2025-04-29 20:47:46,305 INFO [http-nio-8080-exec-9] es.proyecto.app.controller.ProductsController: Successfully fetched all products
2025-04-29 20:47:54,774 INFO [http-nio-8080-exec-2] es.proyecto.app.controller.CategoriesController: Successfully retrieved categories
2025-04-29 20:47:54,835 INFO [http-nio-8080-exec-9] es.proyecto.app.controller.ProductsController: Successfully fetched all products
2025-04-29 20:58:49,657 INFO [restartedMain] org.springframework.boot.StartupInfoLogger: Starting AppApplication using Java 17.0.13 with PID 10028 (C:\Users\Spekt\Desktop\DAW\proyecto\app\target\classes started by Spekt in C:\Users\Spekt\Desktop\DAW\proyecto\app)
2025-04-29 20:58:49,663 INFO [restartedMain] org.springframework.boot.SpringApplication: No active profile set, falling back to 1 default profile: "default"
2025-04-29 20:59:00,291 WARN [restartedMain] org.springframework.boot.autoconfigure.orm.jpa.JpaBaseConfiguration$JpaWebConfiguration: spring.jpa.open-in-view is enabled by default. Therefore, database queries may be performed during view rendering. Explicitly configure spring.jpa.open-in-view to disable this warning
2025-04-29 20:59:00,329 WARN [restartedMain] org.springframework.boot.autoconfigure.security.servlet.UserDetailsServiceAutoConfiguration: 

Using generated security password: 8721eaec-846b-44c7-919f-7bea9a82d577

This generated password is for development use only. Your security configuration must be updated before running your application in production.

2025-04-29 20:59:01,823 INFO [restartedMain] org.springframework.boot.StartupInfoLogger: Started AppApplication in 13.004 seconds (process running for 14.7)
2025-04-29 20:59:06,261 INFO [http-nio-8080-exec-9] es.proyecto.app.controller.ProductsController: Successfully fetched all products
2025-04-29 20:59:06,261 INFO [http-nio-8080-exec-10] es.proyecto.app.controller.CategoriesController: Successfully retrieved categories
2025-04-29 20:59:06,499 INFO [http-nio-8080-exec-7] es.proyecto.app.controller.CategoriesController: Successfully retrieved categories
2025-04-29 20:59:11,206 INFO [http-nio-8080-exec-6] es.proyecto.app.controller.ProductsController: Successfully fetched all products
2025-04-29 20:59:18,108 INFO [http-nio-8080-exec-1] es.proyecto.app.controller.ProductsController: Successfully fetched all products
2025-04-29 20:59:23,458 INFO [http-nio-8080-exec-3] es.proyecto.app.controller.ProductsController: Successfully fetched all products
2025-04-29 20:59:31,144 INFO [http-nio-8080-exec-7] es.proyecto.app.controller.CategoriesController: Category with id 4 retrieved successfully
2025-04-29 20:59:31,202 INFO [http-nio-8080-exec-2] es.proyecto.app.controller.ProductsController: Successfully fetched all products
