2025-03-15 19:54:58,864 INFO [restartedMain] org.springframework.boot.StartupInfoLogger: Starting AppApplication using Java 17.0.13 with PID 4332 (C:\Users\Spekt\Desktop\DAW\proyecto\app\target\classes started by Spekt in C:\Users\Spekt\Desktop\DAW\proyecto\app)
2025-03-15 19:54:58,886 INFO [restartedMain] org.springframework.boot.SpringApplication: No active profile set, falling back to 1 default profile: "default"
2025-03-15 19:55:16,665 WARN [restartedMain] org.springframework.boot.autoconfigure.orm.jpa.JpaBaseConfiguration$JpaWebConfiguration: spring.jpa.open-in-view is enabled by default. Therefore, database queries may be performed during view rendering. Explicitly configure spring.jpa.open-in-view to disable this warning
2025-03-15 19:55:16,735 WARN [restartedMain] org.springframework.boot.autoconfigure.security.servlet.UserDetailsServiceAutoConfiguration: 

Using generated security password: 18d78975-307f-4f3f-a1c4-f76a437a2403

This generated password is for development use only. Your security configuration must be updated before running your application in production.

2025-03-15 19:55:18,756 INFO [restartedMain] org.springframework.boot.StartupInfoLogger: Started AppApplication in 21.085 seconds (process running for 34.045)
2025-03-15 19:57:14,387 INFO [restartedMain] org.springframework.boot.StartupInfoLogger: Starting AppApplication using Java 17.0.13 with PID 4332 (C:\Users\Spekt\Desktop\DAW\proyecto\app\target\classes started by Spekt in C:\Users\Spekt\Desktop\DAW\proyecto\app)
2025-03-15 19:57:14,393 INFO [restartedMain] org.springframework.boot.SpringApplication: No active profile set, falling back to 1 default profile: "default"
2025-03-15 19:57:16,440 WARN [restartedMain] org.springframework.context.support.AbstractApplicationContext: Exception encountered during context initialization - cancelling refresh attempt: org.springframework.beans.factory.BeanCreationException: Error creating bean with name 'entityManagerFactory' defined in class path resource [org/springframework/boot/autoconfigure/orm/jpa/HibernateJpaConfiguration.class]: Failed to initialize dependency 'dataSourceScriptDatabaseInitializer' of LoadTimeWeaverAware bean 'entityManagerFactory': Error creating bean with name 'dataSourceScriptDatabaseInitializer' defined in class path resource [org/springframework/boot/autoconfigure/sql/init/DataSourceInitializationConfiguration.class]: Unsatisfied dependency expressed through method 'dataSourceScriptDatabaseInitializer' parameter 0: Error creating bean with name 'dataSource' defined in class path resource [org/springframework/boot/autoconfigure/jdbc/DataSourceConfiguration$Hikari.class]: Failed to instantiate [com.zaxxer.hikari.HikariDataSource]: Factory method 'dataSource' threw exception with message: Failed to determine a suitable driver class
2025-03-15 19:57:16,585 ERROR [restartedMain] org.springframework.boot.diagnostics.LoggingFailureAnalysisReporter: 

***************************
APPLICATION FAILED TO START
***************************

Description:

Failed to configure a DataSource: 'url' attribute is not specified and no embedded datasource could be configured.

Reason: Failed to determine a suitable driver class


Action:

Consider the following:
	If you want an embedded database (H2, HSQL or Derby), please put it on the classpath.
	If you have database settings to be loaded from a particular profile you may need to activate it (no profiles are currently active).

2025-03-15 19:57:18,228 INFO [restartedMain] org.springframework.boot.StartupInfoLogger: Starting AppApplication using Java 17.0.13 with PID 4332 (C:\Users\Spekt\Desktop\DAW\proyecto\app\target\classes started by Spekt in C:\Users\Spekt\Desktop\DAW\proyecto\app)
2025-03-15 19:57:18,229 INFO [restartedMain] org.springframework.boot.SpringApplication: No active profile set, falling back to 1 default profile: "default"
2025-03-15 19:57:19,963 WARN [restartedMain] org.springframework.boot.autoconfigure.orm.jpa.JpaBaseConfiguration$JpaWebConfiguration: spring.jpa.open-in-view is enabled by default. Therefore, database queries may be performed during view rendering. Explicitly configure spring.jpa.open-in-view to disable this warning
2025-03-15 19:57:20,398 WARN [restartedMain] org.springframework.boot.autoconfigure.security.servlet.UserDetailsServiceAutoConfiguration: 

Using generated security password: 2efe29d2-e954-4099-a3cf-b4dbb2ba97ef

This generated password is for development use only. Your security configuration must be updated before running your application in production.

2025-03-15 19:57:20,590 INFO [restartedMain] org.springframework.boot.StartupInfoLogger: Started AppApplication in 2.446 seconds (process running for 155.88)
2025-03-15 19:57:37,248 INFO [restartedMain] org.springframework.boot.StartupInfoLogger: Starting AppApplication using Java 17.0.13 with PID 4332 (C:\Users\Spekt\Desktop\DAW\proyecto\app\target\classes started by Spekt in C:\Users\Spekt\Desktop\DAW\proyecto\app)
2025-03-15 19:57:37,249 INFO [restartedMain] org.springframework.boot.SpringApplication: No active profile set, falling back to 1 default profile: "default"
2025-03-15 19:57:40,656 WARN [restartedMain] org.springframework.boot.autoconfigure.orm.jpa.JpaBaseConfiguration$JpaWebConfiguration: spring.jpa.open-in-view is enabled by default. Therefore, database queries may be performed during view rendering. Explicitly configure spring.jpa.open-in-view to disable this warning
2025-03-15 19:57:40,668 WARN [restartedMain] org.springframework.boot.autoconfigure.security.servlet.UserDetailsServiceAutoConfiguration: 

Using generated security password: 632f8880-1e02-432b-814a-ec8a60659ac3

This generated password is for development use only. Your security configuration must be updated before running your application in production.

2025-03-15 19:57:41,032 INFO [restartedMain] org.springframework.boot.StartupInfoLogger: Started AppApplication in 3.892 seconds (process running for 176.322)
2025-03-15 19:57:54,028 INFO [main] org.springframework.boot.StartupInfoLogger: Starting OrdersControllerTest using Java 17.0.13 with PID 11984 (started by Spekt in C:\Users\Spekt\Desktop\DAW\proyecto\app)
2025-03-15 19:57:54,035 INFO [main] org.springframework.boot.SpringApplication: No active profile set, falling back to 1 default profile: "default"
2025-03-15 19:58:06,737 WARN [main] org.springframework.boot.autoconfigure.orm.jpa.JpaBaseConfiguration$JpaWebConfiguration: spring.jpa.open-in-view is enabled by default. Therefore, database queries may be performed during view rendering. Explicitly configure spring.jpa.open-in-view to disable this warning
2025-03-15 19:58:06,796 WARN [main] org.springframework.boot.autoconfigure.security.servlet.UserDetailsServiceAutoConfiguration: 

Using generated security password: 23e018c9-26c6-47e9-8b0b-84dcf942a19f

This generated password is for development use only. Your security configuration must be updated before running your application in production.

2025-03-15 19:58:08,977 INFO [main] org.springframework.boot.StartupInfoLogger: Started OrdersControllerTest in 15.682 seconds (process running for 19.856)
2025-03-15 19:58:10,653 INFO [main] es.proyecto.app.controller.OrdersController: Order created successfully: 1
2025-03-15 19:58:10,764 INFO [main] es.proyecto.app.controller.OrdersController: Successfully fetched all orders
2025-03-15 19:58:10,790 ERROR [main] es.proyecto.app.controller.OrdersController: Invalid order status provided: null
2025-03-15 19:58:10,816 INFO [main] es.proyecto.app.controller.OrdersController: Order with id 1 deleted successfully
2025-03-15 19:58:10,849 INFO [main] es.proyecto.app.controller.OrdersController: Order with id 1 retrieved successfully
2025-03-15 19:58:10,880 ERROR [main] es.proyecto.app.controller.OrdersController: Null body provided
2025-03-15 19:58:10,906 INFO [main] es.proyecto.app.controller.OrdersController: Order with id 1 updated successfully
2025-03-15 20:06:03,545 INFO [main] org.springframework.boot.StartupInfoLogger: Starting CategoriesControllerTest using Java 17.0.13 with PID 20668 (started by Spekt in C:\Users\Spekt\Desktop\DAW\proyecto\app)
2025-03-15 20:06:03,562 INFO [main] org.springframework.boot.SpringApplication: No active profile set, falling back to 1 default profile: "default"
2025-03-15 20:06:16,155 WARN [main] org.springframework.boot.autoconfigure.orm.jpa.JpaBaseConfiguration$JpaWebConfiguration: spring.jpa.open-in-view is enabled by default. Therefore, database queries may be performed during view rendering. Explicitly configure spring.jpa.open-in-view to disable this warning
2025-03-15 20:06:16,226 WARN [main] org.springframework.boot.autoconfigure.security.servlet.UserDetailsServiceAutoConfiguration: 

Using generated security password: 67594243-e64e-42b8-81b2-d19a392bc294

This generated password is for development use only. Your security configuration must be updated before running your application in production.

2025-03-15 20:06:18,090 INFO [main] org.springframework.boot.StartupInfoLogger: Started CategoriesControllerTest in 15.307 seconds (process running for 18.937)
2025-03-15 20:06:19,556 ERROR [main] es.proyecto.app.controller.CategoriesController: Category with id 999 not found
2025-03-15 20:06:19,634 INFO [main] es.proyecto.app.controller.CategoriesController: Category with id 1 updated successfully
2025-03-15 20:06:19,663 INFO [main] es.proyecto.app.controller.CategoriesController: Category with id 1 deleted successfully
2025-03-15 20:06:19,688 ERROR [main] es.proyecto.app.controller.CategoriesController: Invalid category name
2025-03-15 20:06:19,711 ERROR [main] es.proyecto.app.controller.CategoriesController: Invalid category name
2025-03-15 20:06:19,739 ERROR [main] es.proyecto.app.controller.CategoriesController: No category found with ID 999
2025-03-15 20:06:19,740 ERROR [main] es.proyecto.app.controller.CategoriesController: Error updating category with id 999. Exception message: No category found with the specified ID
2025-03-15 20:06:19,766 INFO [main] es.proyecto.app.controller.CategoriesController: Category created successfully: 1
2025-03-15 20:10:09,711 INFO [http-nio-8080-exec-7] es.proyecto.app.controller.ProductsController: Successfully fetched all products
2025-03-15 20:10:09,713 INFO [http-nio-8080-exec-8] es.proyecto.app.controller.CategoriesController: Successfully retrieved categories
2025-03-15 20:10:09,790 INFO [http-nio-8080-exec-9] es.proyecto.app.controller.ProductsController: Successfully fetched all products
2025-03-15 20:10:09,867 INFO [http-nio-8080-exec-5] es.proyecto.app.controller.ProductsController: Successfully fetched all products
2025-03-15 20:12:08,575 INFO [http-nio-8080-exec-3] es.proyecto.app.controller.CategoriesController: Successfully retrieved categories
2025-03-15 20:12:08,602 INFO [http-nio-8080-exec-1] es.proyecto.app.controller.ProductsController: Successfully fetched all products
2025-03-15 20:12:08,670 INFO [http-nio-8080-exec-5] es.proyecto.app.controller.CategoriesController: Successfully retrieved categories
2025-03-15 20:12:27,635 INFO [http-nio-8080-exec-2] es.proyecto.app.controller.ProductsController: Product with id 13 retrieved successfully
2025-03-15 20:12:27,653 INFO [http-nio-8080-exec-8] es.proyecto.app.controller.CategoriesController: Successfully retrieved categories
2025-03-15 20:12:27,776 INFO [http-nio-8080-exec-7] es.proyecto.app.controller.ProductsController: Successfully fetched all products
2025-03-15 20:13:10,280 INFO [http-nio-8080-exec-5] es.proyecto.app.controller.AuthController: Attempting to log in with email: jorge@example.com
2025-03-15 20:13:10,555 INFO [http-nio-8080-exec-5] es.proyecto.app.controller.AuthController: User logged in successfully: jorge@example.com
2025-03-15 20:13:10,631 INFO [http-nio-8080-exec-6] es.proyecto.app.controller.UsersController: Successfully fetched all users
2025-03-15 20:13:10,908 INFO [http-nio-8080-exec-3] es.proyecto.app.controller.CategoriesController: Successfully retrieved categories
2025-03-15 20:13:10,930 INFO [http-nio-8080-exec-7] es.proyecto.app.controller.UsersController: Successfully fetched all users
2025-03-15 20:13:10,953 INFO [http-nio-8080-exec-1] es.proyecto.app.controller.ProductsController: Successfully fetched all products
2025-03-15 20:13:11,030 INFO [http-nio-8080-exec-6] es.proyecto.app.controller.ProductsController: Successfully fetched all products
2025-03-15 20:13:11,143 INFO [http-nio-8080-exec-7] es.proyecto.app.controller.ProductsController: Successfully fetched all products
2025-03-15 20:13:29,526 INFO [http-nio-8080-exec-9] es.proyecto.app.controller.UsersController: Successfully fetched all users
2025-03-15 20:13:29,554 INFO [http-nio-8080-exec-2] es.proyecto.app.controller.CategoriesController: Successfully retrieved categories
2025-03-15 20:13:29,821 INFO [http-nio-8080-exec-8] es.proyecto.app.controller.ProductsController: Product with id 4 retrieved successfully
2025-03-15 20:13:29,846 INFO [http-nio-8080-exec-7] es.proyecto.app.controller.ProductsController: Product with id 9 retrieved successfully
2025-03-15 20:13:37,643 INFO [http-nio-8080-exec-1] es.proyecto.app.controller.CartController: manageCart called with userId: 6 and action: modify
2025-03-15 20:13:37,646 INFO [http-nio-8080-exec-1] es.proyecto.app.controller.CartController: Attempting to modify product in cart: product_id=4, quantity=6
2025-03-15 20:13:37,744 INFO [http-nio-8080-exec-1] es.proyecto.app.controller.CartController: Product modified successfully
2025-03-15 20:13:37,808 INFO [http-nio-8080-exec-10] es.proyecto.app.controller.ProductsController: Product with id 4 retrieved successfully
2025-03-15 20:13:37,831 INFO [http-nio-8080-exec-6] es.proyecto.app.controller.ProductsController: Product with id 9 retrieved successfully
2025-03-15 20:13:50,858 INFO [http-nio-8080-exec-8] es.proyecto.app.controller.CartController: manageCart called with userId: 6 and action: modify
2025-03-15 20:13:50,859 INFO [http-nio-8080-exec-8] es.proyecto.app.controller.CartController: Attempting to modify product in cart: product_id=9, quantity=100
2025-03-15 20:13:50,888 INFO [http-nio-8080-exec-8] es.proyecto.app.controller.CartController: Product modified successfully
2025-03-15 20:13:50,952 INFO [http-nio-8080-exec-4] es.proyecto.app.controller.ProductsController: Product with id 4 retrieved successfully
2025-03-15 20:13:50,976 INFO [http-nio-8080-exec-1] es.proyecto.app.controller.ProductsController: Product with id 9 retrieved successfully
2025-03-15 20:14:11,636 INFO [http-nio-8080-exec-10] es.proyecto.app.controller.CartController: manageCart called with userId: 6 and action: remove
2025-03-15 20:14:11,637 INFO [http-nio-8080-exec-10] es.proyecto.app.controller.CartController: Attempting to remove product from cart: product_id=4, quantity=6
2025-03-15 20:14:11,672 INFO [http-nio-8080-exec-10] es.proyecto.app.controller.CartController: Product removed successfully
2025-03-15 20:14:11,767 INFO [http-nio-8080-exec-6] es.proyecto.app.controller.ProductsController: Product with id 9 retrieved successfully
2025-03-15 20:14:17,226 INFO [http-nio-8080-exec-3] es.proyecto.app.controller.CategoriesController: Successfully retrieved categories
2025-03-15 20:14:17,272 INFO [http-nio-8080-exec-8] es.proyecto.app.controller.ProductsController: Successfully fetched all products
2025-03-15 20:14:17,316 INFO [http-nio-8080-exec-7] es.proyecto.app.controller.CategoriesController: Successfully retrieved categories
2025-03-15 20:14:23,455 INFO [http-nio-8080-exec-8] es.proyecto.app.controller.CategoriesController: Successfully retrieved categories
2025-03-15 20:14:23,464 INFO [http-nio-8080-exec-10] es.proyecto.app.controller.ProductsController: Successfully fetched all products
2025-03-15 20:14:23,486 INFO [http-nio-8080-exec-2] es.proyecto.app.controller.CategoriesController: Successfully retrieved categories
2025-03-15 20:14:29,457 INFO [http-nio-8080-exec-3] es.proyecto.app.controller.UsersController: Successfully fetched all users
2025-03-15 20:14:29,469 INFO [http-nio-8080-exec-5] es.proyecto.app.controller.CategoriesController: Successfully retrieved categories
2025-03-15 20:14:29,488 INFO [http-nio-8080-exec-6] es.proyecto.app.controller.ProductsController: Successfully fetched all products
2025-03-15 20:14:29,533 INFO [http-nio-8080-exec-10] es.proyecto.app.controller.ProductsController: Successfully fetched all products
2025-03-15 20:14:29,632 INFO [http-nio-8080-exec-7] es.proyecto.app.controller.ProductsController: Successfully fetched all products
2025-03-15 20:14:36,124 INFO [http-nio-8080-exec-8] es.proyecto.app.controller.ProductsController: Product with id 9 retrieved successfully
2025-03-15 20:14:36,146 INFO [http-nio-8080-exec-2] es.proyecto.app.controller.CategoriesController: Successfully retrieved categories
2025-03-15 20:14:36,189 INFO [http-nio-8080-exec-4] es.proyecto.app.controller.ProductsController: Successfully fetched all products
2025-03-15 20:14:47,394 INFO [http-nio-8080-exec-7] es.proyecto.app.controller.UsersController: Successfully fetched all users
2025-03-15 20:14:47,399 INFO [http-nio-8080-exec-5] es.proyecto.app.controller.CategoriesController: Successfully retrieved categories
2025-03-15 20:14:47,429 INFO [http-nio-8080-exec-9] es.proyecto.app.controller.ProductsController: Successfully fetched all products
2025-03-15 20:14:47,481 INFO [http-nio-8080-exec-6] es.proyecto.app.controller.ProductsController: Successfully fetched all products
2025-03-15 20:14:47,523 INFO [http-nio-8080-exec-7] es.proyecto.app.controller.ProductsController: Successfully fetched all products
2025-03-15 20:15:32,377 INFO [http-nio-8080-exec-6] es.proyecto.app.controller.CategoriesController: Successfully retrieved categories
2025-03-15 20:15:32,380 INFO [http-nio-8080-exec-5] es.proyecto.app.controller.UsersController: Successfully fetched all users
2025-03-15 20:15:32,408 INFO [http-nio-8080-exec-8] es.proyecto.app.controller.ProductsController: Successfully fetched all products
2025-03-15 20:15:32,483 INFO [http-nio-8080-exec-3] es.proyecto.app.controller.ProductsController: Successfully fetched all products
2025-03-15 20:15:32,520 INFO [http-nio-8080-exec-6] es.proyecto.app.controller.ProductsController: Successfully fetched all products
2025-03-15 20:15:41,737 INFO [http-nio-8080-exec-7] es.proyecto.app.controller.AuthController: Token invalidado: eyJhbGciOiJIUzUxMiJ9.eyJzdWIiOiJqb3JnZUBleGFtcGxlLmNvbSIsImlhdCI6MTc0MjA2NTk5MCwiZXhwIjoxNzQyMDY5NTkwfQ.qXIetmIg4hI7wcnPipjP9-jd37c4zLtfB0ITLyO-hQURiXihEhFgH2jMDpFVGDyoohRykpQwQVtxKzARmgDkrg
2025-03-15 20:15:42,102 INFO [http-nio-8080-exec-6] es.proyecto.app.controller.CategoriesController: Successfully retrieved categories
2025-03-15 20:15:42,102 INFO [http-nio-8080-exec-4] es.proyecto.app.controller.ProductsController: Successfully fetched all products
2025-03-15 20:15:42,239 INFO [http-nio-8080-exec-4] es.proyecto.app.controller.ProductsController: Successfully fetched all products
2025-03-15 20:15:42,274 INFO [http-nio-8080-exec-1] es.proyecto.app.controller.ProductsController: Successfully fetched all products
2025-03-15 20:16:10,860 INFO [http-nio-8080-exec-7] es.proyecto.app.controller.AuthController: Attempting to register user with email: maria@example.es
2025-03-15 20:16:11,100 INFO [http-nio-8080-exec-7] es.proyecto.app.controller.AuthController: User registered successfully with email: maria@example.es
2025-03-15 20:16:11,572 INFO [http-nio-8080-exec-6] es.proyecto.app.controller.ProductsController: Successfully fetched all products
2025-03-15 20:16:11,673 INFO [http-nio-8080-exec-5] es.proyecto.app.controller.CategoriesController: Successfully retrieved categories
2025-03-15 20:16:11,718 INFO [http-nio-8080-exec-9] es.proyecto.app.controller.ProductsController: Successfully fetched all products
2025-03-15 20:16:11,809 INFO [http-nio-8080-exec-7] es.proyecto.app.controller.ProductsController: Successfully fetched all products
2025-03-15 20:16:57,203 INFO [http-nio-8080-exec-1] es.proyecto.app.controller.AuthController: Attempting to log in with email: maria@example.es
2025-03-15 20:16:57,352 INFO [http-nio-8080-exec-1] es.proyecto.app.controller.AuthController: User logged in successfully: maria@example.es
2025-03-15 20:16:57,379 INFO [http-nio-8080-exec-3] es.proyecto.app.controller.UsersController: Successfully fetched all users
2025-03-15 20:16:57,766 INFO [http-nio-8080-exec-6] es.proyecto.app.controller.ProductsController: Successfully fetched all products
2025-03-15 20:16:57,850 INFO [http-nio-8080-exec-4] es.proyecto.app.controller.CategoriesController: Successfully retrieved categories
2025-03-15 20:16:57,893 INFO [http-nio-8080-exec-10] es.proyecto.app.controller.UsersController: Successfully fetched all users
2025-03-15 20:16:57,971 INFO [http-nio-8080-exec-6] es.proyecto.app.controller.ProductsController: Successfully fetched all products
2025-03-15 20:16:58,023 INFO [http-nio-8080-exec-2] es.proyecto.app.controller.ProductsController: Successfully fetched all products
2025-03-15 20:17:05,224 INFO [http-nio-8080-exec-1] es.proyecto.app.controller.CategoriesController: Successfully retrieved categories
2025-03-15 20:17:05,271 INFO [http-nio-8080-exec-5] es.proyecto.app.controller.UsersController: Successfully fetched all users
2025-03-15 20:17:18,408 INFO [http-nio-8080-exec-2] es.proyecto.app.controller.AuthController: Token invalidado: eyJhbGciOiJIUzUxMiJ9.eyJzdWIiOiJtYXJpYUBleGFtcGxlLmVzIiwiaWF0IjoxNzQyMDY2MjE3LCJleHAiOjE3NDIwNjk4MTd9.WQZZoFklvK2X0HC8emY4594sGClXGxTGCqpRn_5X7e3tv8j9xcJBDq2LzzB-FgCG9XC8NrqzXDHeqvwTcUnqSA
2025-03-15 20:17:18,778 INFO [http-nio-8080-exec-6] es.proyecto.app.controller.CategoriesController: Successfully retrieved categories
2025-03-15 20:17:18,866 INFO [http-nio-8080-exec-5] es.proyecto.app.controller.ProductsController: Successfully fetched all products
2025-03-15 20:17:18,906 INFO [http-nio-8080-exec-1] es.proyecto.app.controller.ProductsController: Successfully fetched all products
2025-03-15 20:17:18,952 INFO [http-nio-8080-exec-4] es.proyecto.app.controller.ProductsController: Successfully fetched all products
2025-03-15 21:48:19,547 WARN [HikariPool-3 housekeeper] com.zaxxer.hikari.pool.HikariPool$HouseKeeper: HikariPool-3 - Thread starvation or clock leap detected (housekeeper delta=4m38s269ms528µs401ns).
