2025-03-31 04:34:55,812 INFO [restartedMain] org.springframework.boot.StartupInfoLogger: Starting AppApplication using Java 17.0.13 with PID 14536 (C:\Users\Spekt\Desktop\DAW\proyecto\app\target\classes started by Spekt in C:\Users\Spekt\Desktop\DAW\proyecto\app)
2025-03-31 04:34:55,828 INFO [restartedMain] org.springframework.boot.SpringApplication: No active profile set, falling back to 1 default profile: "default"
2025-03-31 04:35:07,449 WARN [restartedMain] org.springframework.boot.autoconfigure.orm.jpa.JpaBaseConfiguration$JpaWebConfiguration: spring.jpa.open-in-view is enabled by default. Therefore, database queries may be performed during view rendering. Explicitly configure spring.jpa.open-in-view to disable this warning
2025-03-31 04:35:07,492 WARN [restartedMain] org.springframework.boot.autoconfigure.security.servlet.UserDetailsServiceAutoConfiguration: 

Using generated security password: 3fb218a5-5e94-4b35-8971-b0dd33d9635f

This generated password is for development use only. Your security configuration must be updated before running your application in production.

2025-03-31 04:35:08,980 INFO [restartedMain] org.springframework.boot.StartupInfoLogger: Started AppApplication in 13.964 seconds (process running for 16.713)
2025-03-31 04:35:22,793 INFO [http-nio-8080-exec-7] es.proyecto.app.controller.CategoriesController: Successfully retrieved categories
2025-03-31 04:35:22,793 INFO [http-nio-8080-exec-10] es.proyecto.app.controller.ProductsController: Successfully fetched all products
2025-03-31 04:35:23,112 INFO [http-nio-8080-exec-2] es.proyecto.app.controller.ProductsController: Successfully fetched all products
2025-03-31 04:35:23,212 INFO [http-nio-8080-exec-6] es.proyecto.app.controller.ProductsController: Successfully fetched all products
2025-03-31 04:39:25,721 INFO [restartedMain] org.springframework.boot.StartupInfoLogger: Starting AppApplication using Java 17.0.13 with PID 16092 (C:\Users\Spekt\Desktop\DAW\proyecto\app\target\classes started by Spekt in C:\Users\Spekt\Desktop\DAW\proyecto\app)
2025-03-31 04:39:25,721 INFO [restartedMain] org.springframework.boot.SpringApplication: No active profile set, falling back to 1 default profile: "default"
2025-03-31 04:39:36,166 WARN [restartedMain] org.springframework.boot.autoconfigure.orm.jpa.JpaBaseConfiguration$JpaWebConfiguration: spring.jpa.open-in-view is enabled by default. Therefore, database queries may be performed during view rendering. Explicitly configure spring.jpa.open-in-view to disable this warning
2025-03-31 04:39:36,198 WARN [restartedMain] org.springframework.boot.autoconfigure.security.servlet.UserDetailsServiceAutoConfiguration: 

Using generated security password: a363703d-a159-4a8d-80b5-7f2e8d8e1c53

This generated password is for development use only. Your security configuration must be updated before running your application in production.

2025-03-31 04:39:37,501 INFO [restartedMain] org.springframework.boot.StartupInfoLogger: Started AppApplication in 12.648 seconds (process running for 14.142)
2025-03-31 04:39:42,579 INFO [http-nio-8080-exec-6] es.proyecto.app.controller.ProductsController: Successfully fetched all products
2025-03-31 04:39:42,579 INFO [http-nio-8080-exec-4] es.proyecto.app.controller.CategoriesController: Successfully retrieved categories
2025-03-31 04:39:42,772 INFO [http-nio-8080-exec-10] es.proyecto.app.controller.ProductsController: Successfully fetched all products
2025-03-31 04:39:42,842 INFO [http-nio-8080-exec-10] es.proyecto.app.controller.ProductsController: Successfully fetched all products
2025-03-31 19:17:53,595 INFO [restartedMain] org.springframework.boot.StartupInfoLogger: Starting AppApplication using Java 17.0.13 with PID 17064 (C:\Users\Spekt\Desktop\DAW\proyecto\app\target\classes started by Spekt in C:\Users\Spekt\Desktop\DAW\proyecto\app)
2025-03-31 19:17:53,605 INFO [restartedMain] org.springframework.boot.SpringApplication: No active profile set, falling back to 1 default profile: "default"
2025-03-31 19:18:08,674 WARN [restartedMain] org.springframework.boot.autoconfigure.orm.jpa.JpaBaseConfiguration$JpaWebConfiguration: spring.jpa.open-in-view is enabled by default. Therefore, database queries may be performed during view rendering. Explicitly configure spring.jpa.open-in-view to disable this warning
2025-03-31 19:18:08,721 WARN [restartedMain] org.springframework.boot.autoconfigure.security.servlet.UserDetailsServiceAutoConfiguration: 

Using generated security password: 921f9ce4-7e8c-4b06-8944-cc6b11189b9c

This generated password is for development use only. Your security configuration must be updated before running your application in production.

2025-03-31 19:18:10,637 INFO [restartedMain] org.springframework.boot.StartupInfoLogger: Started AppApplication in 18.126 seconds (process running for 30.296)
2025-03-31 19:18:46,862 INFO [http-nio-8080-exec-5] es.proyecto.app.controller.ProductsController: Product with id 2 retrieved successfully
2025-03-31 19:24:16,155 INFO [main] org.springframework.boot.StartupInfoLogger: Starting UsersControllerTest using Java 17.0.13 with PID 17176 (started by Spekt in C:\Users\Spekt\Desktop\DAW\proyecto\app)
2025-03-31 19:24:16,176 INFO [main] org.springframework.boot.SpringApplication: No active profile set, falling back to 1 default profile: "default"
2025-03-31 19:24:26,854 WARN [main] org.springframework.boot.autoconfigure.orm.jpa.JpaBaseConfiguration$JpaWebConfiguration: spring.jpa.open-in-view is enabled by default. Therefore, database queries may be performed during view rendering. Explicitly configure spring.jpa.open-in-view to disable this warning
2025-03-31 19:24:26,904 WARN [main] org.springframework.boot.autoconfigure.security.servlet.UserDetailsServiceAutoConfiguration: 

Using generated security password: 044334af-496e-4481-8396-e6c2d463745b

This generated password is for development use only. Your security configuration must be updated before running your application in production.

2025-03-31 19:24:28,701 INFO [main] org.springframework.boot.StartupInfoLogger: Started UsersControllerTest in 13.589 seconds (process running for 19.698)
2025-03-31 19:24:30,243 INFO [main] es.proyecto.app.controller.UsersController: User created successfully: 1
2025-03-31 19:28:15,750 INFO [http-nio-8080-exec-6] es.proyecto.app.controller.ProductsController: Successfully fetched all products
2025-03-31 19:28:15,786 INFO [http-nio-8080-exec-1] es.proyecto.app.controller.CategoriesController: Successfully retrieved categories
2025-03-31 19:28:15,837 INFO [http-nio-8080-exec-4] es.proyecto.app.controller.ProductsController: Successfully fetched all products
2025-03-31 19:28:15,910 INFO [http-nio-8080-exec-10] es.proyecto.app.controller.ProductsController: Successfully fetched all products
2025-03-31 19:28:33,272 INFO [http-nio-8080-exec-5] es.proyecto.app.controller.CategoriesController: Successfully retrieved categories
2025-03-31 19:28:33,309 INFO [http-nio-8080-exec-4] es.proyecto.app.controller.ProductsController: Successfully fetched all products
2025-03-31 19:28:33,379 INFO [http-nio-8080-exec-9] es.proyecto.app.controller.ProductsController: Successfully fetched all products
2025-03-31 19:28:33,469 INFO [http-nio-8080-exec-2] es.proyecto.app.controller.ProductsController: Successfully fetched all products
2025-03-31 19:30:29,749 INFO [http-nio-8080-exec-5] es.proyecto.app.controller.CategoriesController: Successfully retrieved categories
2025-03-31 19:30:29,819 INFO [http-nio-8080-exec-2] es.proyecto.app.controller.ProductsController: Successfully fetched all products
2025-03-31 19:30:29,826 INFO [http-nio-8080-exec-3] es.proyecto.app.controller.CategoriesController: Successfully retrieved categories
2025-03-31 19:31:04,357 INFO [http-nio-8080-exec-5] es.proyecto.app.controller.ProductsController: Product with id 12 retrieved successfully
2025-03-31 19:31:04,434 INFO [http-nio-8080-exec-8] es.proyecto.app.controller.CategoriesController: Successfully retrieved categories
2025-03-31 19:31:04,506 INFO [http-nio-8080-exec-9] es.proyecto.app.controller.ProductsController: Successfully fetched all products
2025-03-31 19:33:11,820 INFO [http-nio-8080-exec-2] es.proyecto.app.controller.AuthController: Attempting to register user with email: francisco@example.com
2025-03-31 19:33:12,139 INFO [http-nio-8080-exec-2] es.proyecto.app.controller.AuthController: User registered successfully with email: francisco@example.com
2025-03-31 19:33:12,549 INFO [http-nio-8080-exec-6] es.proyecto.app.controller.CategoriesController: Successfully retrieved categories
2025-03-31 19:33:12,617 INFO [http-nio-8080-exec-2] es.proyecto.app.controller.ProductsController: Successfully fetched all products
2025-03-31 19:33:12,686 INFO [http-nio-8080-exec-10] es.proyecto.app.controller.ProductsController: Successfully fetched all products
2025-03-31 19:33:12,746 INFO [http-nio-8080-exec-9] es.proyecto.app.controller.ProductsController: Successfully fetched all products
2025-03-31 19:33:40,608 INFO [http-nio-8080-exec-3] es.proyecto.app.controller.AuthController: Attempting to log in with email: francisco@example.com
2025-03-31 19:33:40,784 INFO [http-nio-8080-exec-3] es.proyecto.app.controller.AuthController: User logged in successfully: francisco@example.com
2025-03-31 19:33:40,848 INFO [http-nio-8080-exec-5] es.proyecto.app.controller.UsersController: Successfully fetched all users
2025-03-31 19:33:41,223 INFO [http-nio-8080-exec-2] es.proyecto.app.controller.ProductsController: Successfully fetched all products
2025-03-31 19:33:41,223 INFO [http-nio-8080-exec-6] es.proyecto.app.controller.CategoriesController: Successfully retrieved categories
2025-03-31 19:33:41,286 INFO [http-nio-8080-exec-3] es.proyecto.app.controller.UsersController: Successfully fetched all users
2025-03-31 19:33:41,343 INFO [http-nio-8080-exec-6] es.proyecto.app.controller.ProductsController: Successfully fetched all products
2025-03-31 19:33:41,388 INFO [http-nio-8080-exec-4] es.proyecto.app.controller.ProductsController: Successfully fetched all products
2025-03-31 19:33:45,815 INFO [http-nio-8080-exec-2] es.proyecto.app.controller.UsersController: Successfully fetched all users
2025-03-31 19:33:45,815 INFO [http-nio-8080-exec-7] es.proyecto.app.controller.CategoriesController: Successfully retrieved categories
2025-03-31 19:33:50,721 INFO [http-nio-8080-exec-10] es.proyecto.app.controller.CategoriesController: Successfully retrieved categories
2025-03-31 19:33:50,781 INFO [http-nio-8080-exec-7] es.proyecto.app.controller.ProductsController: Successfully fetched all products
2025-03-31 19:33:50,798 INFO [http-nio-8080-exec-8] es.proyecto.app.controller.CategoriesController: Successfully retrieved categories
2025-03-31 19:33:55,078 INFO [http-nio-8080-exec-7] es.proyecto.app.controller.ProductsController: Product with id 4 retrieved successfully
2025-03-31 19:33:55,122 INFO [http-nio-8080-exec-5] es.proyecto.app.controller.CategoriesController: Successfully retrieved categories
2025-03-31 19:33:55,215 INFO [http-nio-8080-exec-1] es.proyecto.app.controller.ProductsController: Successfully fetched all products
2025-03-31 19:33:59,169 INFO [http-nio-8080-exec-7] es.proyecto.app.controller.OrdersController: Order created successfully: null
2025-03-31 19:34:12,506 INFO [http-nio-8080-exec-9] es.proyecto.app.controller.CartController: manageCart called with userId: 4 and action: add
2025-03-31 19:34:12,508 INFO [http-nio-8080-exec-9] es.proyecto.app.controller.CartController: Attempting to add product to cart: product_id=4, quantity=7
2025-03-31 19:34:12,511 INFO [http-nio-8080-exec-9] es.proyecto.app.service.CartService: addProductToCart called with userId: 4, productId: 4, quantity: 7
2025-03-31 19:34:12,545 INFO [http-nio-8080-exec-9] es.proyecto.app.service.CartService: New cart item created for userId: 4, productId: 4, quantity: 7
2025-03-31 19:34:12,548 INFO [http-nio-8080-exec-9] es.proyecto.app.service.CartService: Product added to cart for userId: 4, productId: 4
2025-03-31 19:34:12,553 INFO [http-nio-8080-exec-9] es.proyecto.app.controller.CartController: Product added successfully
2025-03-31 19:34:16,474 INFO [http-nio-8080-exec-9] es.proyecto.app.controller.CategoriesController: Successfully retrieved categories
2025-03-31 19:34:16,508 INFO [http-nio-8080-exec-7] es.proyecto.app.controller.UsersController: Successfully fetched all users
2025-03-31 19:34:16,575 INFO [http-nio-8080-exec-6] es.proyecto.app.controller.ProductsController: Product with id 4 retrieved successfully
2025-03-31 19:34:24,219 INFO [http-nio-8080-exec-5] es.proyecto.app.controller.CartController: manageCart called with userId: 4 and action: modify
2025-03-31 19:34:24,220 INFO [http-nio-8080-exec-5] es.proyecto.app.controller.CartController: Attempting to modify product in cart: product_id=4, quantity=2
2025-03-31 19:34:24,266 INFO [http-nio-8080-exec-5] es.proyecto.app.controller.CartController: Product modified successfully
2025-03-31 19:34:24,320 INFO [http-nio-8080-exec-10] es.proyecto.app.controller.ProductsController: Product with id 4 retrieved successfully
2025-03-31 19:34:32,793 INFO [http-nio-8080-exec-1] es.proyecto.app.controller.CartController: manageCart called with userId: 4 and action: remove
2025-03-31 19:34:32,794 INFO [http-nio-8080-exec-1] es.proyecto.app.controller.CartController: Attempting to remove product from cart: product_id=4, quantity=2
2025-03-31 19:34:32,821 INFO [http-nio-8080-exec-1] es.proyecto.app.controller.CartController: Product removed successfully
2025-03-31 19:34:36,846 INFO [http-nio-8080-exec-5] es.proyecto.app.controller.CategoriesController: Successfully retrieved categories
2025-03-31 19:34:36,894 INFO [http-nio-8080-exec-1] es.proyecto.app.controller.ProductsController: Successfully fetched all products
2025-03-31 19:34:36,939 INFO [http-nio-8080-exec-5] es.proyecto.app.controller.CategoriesController: Successfully retrieved categories
2025-03-31 19:34:38,492 INFO [http-nio-8080-exec-4] es.proyecto.app.controller.ProductsController: Product with id 12 retrieved successfully
2025-03-31 19:34:38,506 INFO [http-nio-8080-exec-1] es.proyecto.app.controller.CategoriesController: Successfully retrieved categories
2025-03-31 19:34:38,520 INFO [http-nio-8080-exec-5] es.proyecto.app.controller.UsersController: Successfully fetched all users
2025-03-31 19:34:38,623 INFO [http-nio-8080-exec-7] es.proyecto.app.controller.ProductsController: Successfully fetched all products
2025-03-31 19:34:43,255 INFO [http-nio-8080-exec-9] es.proyecto.app.controller.CartController: manageCart called with userId: 4 and action: add
2025-03-31 19:34:43,255 INFO [http-nio-8080-exec-9] es.proyecto.app.controller.CartController: Attempting to add product to cart: product_id=12, quantity=6
2025-03-31 19:34:43,257 INFO [http-nio-8080-exec-9] es.proyecto.app.service.CartService: addProductToCart called with userId: 4, productId: 12, quantity: 6
2025-03-31 19:34:43,270 INFO [http-nio-8080-exec-9] es.proyecto.app.service.CartService: New cart item created for userId: 4, productId: 12, quantity: 6
2025-03-31 19:34:43,271 INFO [http-nio-8080-exec-9] es.proyecto.app.service.CartService: Product added to cart for userId: 4, productId: 12
2025-03-31 19:34:43,291 INFO [http-nio-8080-exec-9] es.proyecto.app.controller.CartController: Product added successfully
2025-03-31 19:34:47,150 INFO [http-nio-8080-exec-5] es.proyecto.app.controller.CategoriesController: Successfully retrieved categories
2025-03-31 19:34:47,160 INFO [http-nio-8080-exec-10] es.proyecto.app.controller.ProductsController: Successfully fetched all products
2025-03-31 19:34:47,187 INFO [http-nio-8080-exec-7] es.proyecto.app.controller.CategoriesController: Successfully retrieved categories
2025-03-31 19:34:48,458 INFO [http-nio-8080-exec-10] es.proyecto.app.controller.ProductsController: Product with id 30 retrieved successfully
2025-03-31 19:34:48,497 INFO [http-nio-8080-exec-4] es.proyecto.app.controller.CategoriesController: Successfully retrieved categories
2025-03-31 19:34:48,571 INFO [http-nio-8080-exec-10] es.proyecto.app.controller.ProductsController: Successfully fetched all products
2025-03-31 19:34:50,503 INFO [http-nio-8080-exec-9] es.proyecto.app.controller.CartController: manageCart called with userId: 4 and action: add
2025-03-31 19:34:50,504 INFO [http-nio-8080-exec-9] es.proyecto.app.controller.CartController: Attempting to add product to cart: product_id=30, quantity=1
2025-03-31 19:34:50,505 INFO [http-nio-8080-exec-9] es.proyecto.app.service.CartService: addProductToCart called with userId: 4, productId: 30, quantity: 1
2025-03-31 19:34:50,517 INFO [http-nio-8080-exec-9] es.proyecto.app.service.CartService: New cart item created for userId: 4, productId: 30, quantity: 1
2025-03-31 19:34:50,519 INFO [http-nio-8080-exec-9] es.proyecto.app.service.CartService: Product added to cart for userId: 4, productId: 30
2025-03-31 19:34:50,525 INFO [http-nio-8080-exec-9] es.proyecto.app.controller.CartController: Product added successfully
2025-03-31 19:34:54,408 INFO [http-nio-8080-exec-1] es.proyecto.app.controller.CategoriesController: Successfully retrieved categories
2025-03-31 19:34:54,459 INFO [http-nio-8080-exec-9] es.proyecto.app.controller.UsersController: Successfully fetched all users
2025-03-31 19:34:54,570 INFO [http-nio-8080-exec-7] es.proyecto.app.controller.ProductsController: Product with id 12 retrieved successfully
2025-03-31 19:34:54,667 INFO [http-nio-8080-exec-6] es.proyecto.app.controller.ProductsController: Product with id 30 retrieved successfully
2025-03-31 19:34:57,630 INFO [http-nio-8080-exec-1] es.proyecto.app.controller.CategoriesController: Successfully retrieved categories
2025-03-31 19:34:57,647 INFO [http-nio-8080-exec-4] es.proyecto.app.controller.ProductsController: Successfully fetched all products
2025-03-31 19:34:57,680 INFO [http-nio-8080-exec-5] es.proyecto.app.controller.CategoriesController: Successfully retrieved categories
2025-03-31 19:35:01,721 INFO [http-nio-8080-exec-1] es.proyecto.app.controller.ProductsController: Product with id 2 retrieved successfully
2025-03-31 19:35:01,747 INFO [http-nio-8080-exec-5] es.proyecto.app.controller.CategoriesController: Successfully retrieved categories
2025-03-31 19:35:01,847 INFO [http-nio-8080-exec-6] es.proyecto.app.controller.ProductsController: Successfully fetched all products
2025-03-31 19:35:05,366 INFO [http-nio-8080-exec-2] es.proyecto.app.controller.CartController: manageCart called with userId: 4 and action: add
2025-03-31 19:35:05,367 INFO [http-nio-8080-exec-2] es.proyecto.app.controller.CartController: Attempting to add product to cart: product_id=2, quantity=6
2025-03-31 19:35:05,371 INFO [http-nio-8080-exec-2] es.proyecto.app.service.CartService: addProductToCart called with userId: 4, productId: 2, quantity: 6
2025-03-31 19:35:05,381 INFO [http-nio-8080-exec-2] es.proyecto.app.service.CartService: New cart item created for userId: 4, productId: 2, quantity: 6
2025-03-31 19:35:05,382 INFO [http-nio-8080-exec-2] es.proyecto.app.service.CartService: Product added to cart for userId: 4, productId: 2
2025-03-31 19:35:05,390 INFO [http-nio-8080-exec-2] es.proyecto.app.controller.CartController: Product added successfully
2025-03-31 19:35:26,351 INFO [http-nio-8080-exec-8] es.proyecto.app.controller.CategoriesController: Successfully retrieved categories
2025-03-31 19:35:26,367 INFO [http-nio-8080-exec-2] es.proyecto.app.controller.UsersController: Successfully fetched all users
2025-03-31 19:35:26,430 INFO [http-nio-8080-exec-1] es.proyecto.app.controller.ProductsController: Product with id 12 retrieved successfully
2025-03-31 19:35:26,461 INFO [http-nio-8080-exec-10] es.proyecto.app.controller.ProductsController: Product with id 30 retrieved successfully
2025-03-31 19:35:26,550 INFO [http-nio-8080-exec-9] es.proyecto.app.controller.ProductsController: Product with id 2 retrieved successfully
2025-03-31 19:35:47,549 INFO [http-nio-8080-exec-7] es.proyecto.app.controller.OrdersController: Order created successfully: null
2025-03-31 19:35:49,896 INFO [http-nio-8080-exec-3] es.proyecto.app.controller.CartController: manageCart called with userId: 4 and action: remove
2025-03-31 19:35:49,896 INFO [http-nio-8080-exec-3] es.proyecto.app.controller.CartController: Attempting to remove product from cart: product_id=12, quantity=6
2025-03-31 19:35:49,922 INFO [http-nio-8080-exec-3] es.proyecto.app.controller.CartController: Product removed successfully
2025-03-31 19:35:49,950 INFO [http-nio-8080-exec-10] es.proyecto.app.controller.CartController: manageCart called with userId: 4 and action: remove
2025-03-31 19:35:49,950 INFO [http-nio-8080-exec-10] es.proyecto.app.controller.CartController: Attempting to remove product from cart: product_id=30, quantity=1
2025-03-31 19:35:49,966 INFO [http-nio-8080-exec-10] es.proyecto.app.controller.CartController: Product removed successfully
2025-03-31 19:35:49,988 INFO [http-nio-8080-exec-8] es.proyecto.app.controller.CartController: manageCart called with userId: 4 and action: remove
2025-03-31 19:35:49,989 INFO [http-nio-8080-exec-8] es.proyecto.app.controller.CartController: Attempting to remove product from cart: product_id=2, quantity=6
2025-03-31 19:35:50,005 INFO [http-nio-8080-exec-8] es.proyecto.app.controller.CartController: Product removed successfully
2025-03-31 19:36:24,742 INFO [http-nio-8080-exec-5] es.proyecto.app.controller.OrdersController: Order with id 4 retrieved successfully
2025-03-31 19:37:57,519 INFO [http-nio-8080-exec-4] es.proyecto.app.controller.CategoriesController: Successfully retrieved categories
2025-03-31 19:37:57,547 INFO [http-nio-8080-exec-7] es.proyecto.app.controller.ProductsController: Successfully fetched all products
2025-03-31 19:37:57,556 INFO [http-nio-8080-exec-5] es.proyecto.app.controller.CategoriesController: Successfully retrieved categories
2025-03-31 19:37:59,041 INFO [http-nio-8080-exec-4] es.proyecto.app.controller.ProductsController: Product with id 30 retrieved successfully
2025-03-31 19:37:59,054 INFO [http-nio-8080-exec-8] es.proyecto.app.controller.CategoriesController: Successfully retrieved categories
2025-03-31 19:37:59,151 INFO [http-nio-8080-exec-7] es.proyecto.app.controller.ProductsController: Successfully fetched all products
2025-03-31 19:38:03,407 INFO [http-nio-8080-exec-4] es.proyecto.app.controller.CartController: manageCart called with userId: 4 and action: add
2025-03-31 19:38:03,409 INFO [http-nio-8080-exec-4] es.proyecto.app.controller.CartController: Attempting to add product to cart: product_id=30, quantity=6
2025-03-31 19:38:03,410 INFO [http-nio-8080-exec-4] es.proyecto.app.service.CartService: addProductToCart called with userId: 4, productId: 30, quantity: 6
2025-03-31 19:38:03,420 INFO [http-nio-8080-exec-4] es.proyecto.app.service.CartService: New cart item created for userId: 4, productId: 30, quantity: 6
2025-03-31 19:38:03,421 INFO [http-nio-8080-exec-4] es.proyecto.app.service.CartService: Product added to cart for userId: 4, productId: 30
2025-03-31 19:38:03,427 INFO [http-nio-8080-exec-4] es.proyecto.app.controller.CartController: Product added successfully
2025-03-31 19:38:07,443 INFO [http-nio-8080-exec-4] es.proyecto.app.controller.UsersController: Successfully fetched all users
2025-03-31 19:38:07,444 INFO [http-nio-8080-exec-10] es.proyecto.app.controller.CategoriesController: Successfully retrieved categories
2025-03-31 19:38:07,535 INFO [http-nio-8080-exec-6] es.proyecto.app.controller.ProductsController: Product with id 30 retrieved successfully
2025-03-31 19:38:11,365 INFO [http-nio-8080-exec-4] es.proyecto.app.controller.OrdersController: Order created successfully: null
2025-03-31 19:38:13,188 INFO [http-nio-8080-exec-2] es.proyecto.app.controller.CartController: manageCart called with userId: 4 and action: remove
2025-03-31 19:38:13,188 INFO [http-nio-8080-exec-2] es.proyecto.app.controller.CartController: Attempting to remove product from cart: product_id=30, quantity=6
2025-03-31 19:38:13,227 INFO [http-nio-8080-exec-2] es.proyecto.app.controller.CartController: Product removed successfully
2025-03-31 20:17:09,090 INFO [restartedMain] org.springframework.boot.StartupInfoLogger: Starting AppApplication using Java 17.0.13 with PID 1920 (C:\Users\Spekt\Desktop\DAW\proyecto\app\target\classes started by Spekt in C:\Users\Spekt\Desktop\DAW\proyecto\app)
2025-03-31 20:17:09,096 INFO [restartedMain] org.springframework.boot.SpringApplication: No active profile set, falling back to 1 default profile: "default"
2025-03-31 20:17:22,242 WARN [restartedMain] org.springframework.boot.autoconfigure.orm.jpa.JpaBaseConfiguration$JpaWebConfiguration: spring.jpa.open-in-view is enabled by default. Therefore, database queries may be performed during view rendering. Explicitly configure spring.jpa.open-in-view to disable this warning
2025-03-31 20:17:22,317 WARN [restartedMain] org.springframework.boot.autoconfigure.security.servlet.UserDetailsServiceAutoConfiguration: 

Using generated security password: e4f3a1f9-4ebd-4e82-b981-e33a1056d328

This generated password is for development use only. Your security configuration must be updated before running your application in production.

2025-03-31 20:17:24,061 INFO [restartedMain] org.springframework.boot.StartupInfoLogger: Started AppApplication in 15.822 seconds (process running for 27.156)
2025-03-31 20:30:03,144 INFO [http-nio-8080-exec-3] es.proyecto.app.controller.UsersController: User with id 2 retrieved successfully
2025-03-31 20:30:28,444 INFO [http-nio-8080-exec-3] es.proyecto.app.controller.UsersController: User with id 2 retrieved successfully
2025-03-31 20:34:54,949 INFO [main] org.springframework.boot.StartupInfoLogger: Starting UsersControllerTest using Java 17.0.13 with PID 13632 (started by Spekt in C:\Users\Spekt\Desktop\DAW\proyecto\app)
2025-03-31 20:34:54,962 INFO [main] org.springframework.boot.SpringApplication: No active profile set, falling back to 1 default profile: "default"
2025-03-31 20:35:06,965 WARN [main] org.springframework.boot.autoconfigure.orm.jpa.JpaBaseConfiguration$JpaWebConfiguration: spring.jpa.open-in-view is enabled by default. Therefore, database queries may be performed during view rendering. Explicitly configure spring.jpa.open-in-view to disable this warning
2025-03-31 20:35:07,017 WARN [main] org.springframework.boot.autoconfigure.security.servlet.UserDetailsServiceAutoConfiguration: 

Using generated security password: d7406542-25ad-45eb-ad43-c138f6945f9f

This generated password is for development use only. Your security configuration must be updated before running your application in production.

2025-03-31 20:35:09,104 INFO [main] org.springframework.boot.StartupInfoLogger: Started UsersControllerTest in 14.878 seconds (process running for 21.565)
2025-03-31 20:35:10,623 ERROR [main] es.proyecto.app.controller.UsersController: Invalid user name when creating user
2025-03-31 20:35:10,803 INFO [main] es.proyecto.app.controller.UsersController: User created successfully: 1
2025-03-31 20:35:10,856 INFO [main] es.proyecto.app.controller.UsersController: User with id 1 updated successfully
2025-03-31 20:35:10,966 ERROR [main] es.proyecto.app.controller.UsersController: User with id 1 not found
2025-03-31 20:35:11,000 ERROR [main] es.proyecto.app.controller.UsersController: No user found with ID 1
2025-03-31 20:35:11,000 ERROR [main] es.proyecto.app.controller.UsersController: Error updating user with id 1. Message: No user found with the specified ID
2025-03-31 20:35:11,033 INFO [main] es.proyecto.app.controller.UsersController: User with id 1 not found
2025-03-31 20:35:11,058 INFO [main] es.proyecto.app.controller.UsersController: User with id 1 retrieved successfully
2025-03-31 20:35:11,086 INFO [main] es.proyecto.app.controller.UsersController: User with id 1 deleted successfully
2025-03-31 20:37:54,032 INFO [http-nio-8080-exec-4] es.proyecto.app.controller.UsersController: Successfully fetched all users
2025-03-31 20:37:54,095 INFO [http-nio-8080-exec-6] es.proyecto.app.controller.ProductsController: Successfully fetched all products
2025-03-31 20:37:54,108 INFO [http-nio-8080-exec-3] es.proyecto.app.controller.CategoriesController: Successfully retrieved categories
2025-03-31 20:37:54,179 INFO [http-nio-8080-exec-5] es.proyecto.app.controller.ProductsController: Successfully fetched all products
2025-03-31 20:37:54,251 INFO [http-nio-8080-exec-9] es.proyecto.app.controller.ProductsController: Successfully fetched all products
2025-03-31 20:38:21,371 INFO [http-nio-8080-exec-3] es.proyecto.app.controller.AuthController: Token invalidado: eyJhbGciOiJIUzUxMiJ9.eyJzdWIiOiJmcmFuY2lzY29AZXhhbXBsZS5jb20iLCJpYXQiOjE3NDM0NDI0MjAsImV4cCI6MTc0MzQ0NjAyMH0.56hQ366ZfqLN2LVGlL_-IwKuifRWaoH5ZMNP5KGok9qG-B43A7f7rgOeps_GPdECcliwWdrbHgTXANRRYXodLw
2025-03-31 20:38:21,788 INFO [http-nio-8080-exec-6] es.proyecto.app.controller.CategoriesController: Successfully retrieved categories
2025-03-31 20:38:21,848 INFO [http-nio-8080-exec-8] es.proyecto.app.controller.ProductsController: Successfully fetched all products
2025-03-31 20:38:21,910 INFO [http-nio-8080-exec-2] es.proyecto.app.controller.ProductsController: Successfully fetched all products
2025-03-31 20:38:21,986 INFO [http-nio-8080-exec-5] es.proyecto.app.controller.ProductsController: Successfully fetched all products
2025-03-31 20:39:04,490 INFO [http-nio-8080-exec-1] es.proyecto.app.controller.AuthController: Attempting to log in with email: jorge@example.com
2025-03-31 20:39:04,658 ERROR [http-nio-8080-exec-1] es.proyecto.app.controller.AuthController: Invalid login attempt for email: jorge@example.com
2025-03-31 20:40:15,086 INFO [http-nio-8080-exec-9] es.proyecto.app.controller.AuthController: Attempting to register user with email: laura@example.com
2025-03-31 20:40:15,336 INFO [http-nio-8080-exec-9] es.proyecto.app.controller.AuthController: User registered successfully with email: laura@example.com
2025-03-31 20:40:15,780 INFO [http-nio-8080-exec-1] es.proyecto.app.controller.CategoriesController: Successfully retrieved categories
2025-03-31 20:40:15,817 INFO [http-nio-8080-exec-10] es.proyecto.app.controller.ProductsController: Successfully fetched all products
2025-03-31 20:40:15,913 INFO [http-nio-8080-exec-10] es.proyecto.app.controller.ProductsController: Successfully fetched all products
2025-03-31 20:40:15,979 INFO [http-nio-8080-exec-8] es.proyecto.app.controller.ProductsController: Successfully fetched all products
2025-03-31 20:40:34,101 INFO [http-nio-8080-exec-4] es.proyecto.app.controller.AuthController: Attempting to log in with email: laura@example.com
2025-03-31 20:40:34,233 INFO [http-nio-8080-exec-4] es.proyecto.app.controller.AuthController: User logged in successfully: laura@example.com
2025-03-31 20:40:34,268 INFO [http-nio-8080-exec-3] es.proyecto.app.controller.UsersController: Successfully fetched all users
2025-03-31 20:40:34,555 INFO [http-nio-8080-exec-2] es.proyecto.app.controller.CategoriesController: Successfully retrieved categories
2025-03-31 20:40:34,582 INFO [http-nio-8080-exec-3] es.proyecto.app.controller.ProductsController: Successfully fetched all products
2025-03-31 20:40:34,634 INFO [http-nio-8080-exec-6] es.proyecto.app.controller.UsersController: Successfully fetched all users
2025-03-31 20:40:34,693 INFO [http-nio-8080-exec-5] es.proyecto.app.controller.ProductsController: Successfully fetched all products
2025-03-31 20:40:34,740 INFO [http-nio-8080-exec-2] es.proyecto.app.controller.ProductsController: Successfully fetched all products
2025-03-31 20:40:44,349 INFO [http-nio-8080-exec-10] es.proyecto.app.controller.CategoriesController: Successfully retrieved categories
2025-03-31 20:40:44,390 INFO [http-nio-8080-exec-1] es.proyecto.app.controller.UsersController: Successfully fetched all users
2025-03-31 20:40:49,039 INFO [http-nio-8080-exec-4] es.proyecto.app.controller.CategoriesController: Successfully retrieved categories
2025-03-31 20:40:49,061 INFO [http-nio-8080-exec-3] es.proyecto.app.controller.UsersController: Successfully fetched all users
2025-03-31 20:40:49,206 INFO [http-nio-8080-exec-5] es.proyecto.app.controller.ProductsController: Successfully fetched all products
2025-03-31 20:40:49,268 INFO [http-nio-8080-exec-4] es.proyecto.app.controller.ProductsController: Successfully fetched all products
2025-03-31 20:40:49,354 INFO [http-nio-8080-exec-8] es.proyecto.app.controller.ProductsController: Successfully fetched all products
2025-03-31 20:41:04,622 INFO [http-nio-8080-exec-7] es.proyecto.app.controller.CategoriesController: Successfully retrieved categories
2025-03-31 20:41:04,665 INFO [http-nio-8080-exec-10] es.proyecto.app.controller.ProductsController: Successfully fetched all products
2025-03-31 20:41:04,685 INFO [http-nio-8080-exec-9] es.proyecto.app.controller.CategoriesController: Successfully retrieved categories
2025-03-31 20:41:12,901 INFO [http-nio-8080-exec-9] es.proyecto.app.controller.ProductsController: Product with id 5 retrieved successfully
2025-03-31 20:41:12,929 INFO [http-nio-8080-exec-2] es.proyecto.app.controller.CategoriesController: Successfully retrieved categories
2025-03-31 20:41:12,993 INFO [http-nio-8080-exec-6] es.proyecto.app.controller.ProductsController: Successfully fetched all products
2025-03-31 20:41:58,547 INFO [http-nio-8080-exec-1] es.proyecto.app.controller.CartController: manageCart called with userId: 5 and action: add
2025-03-31 20:41:58,550 INFO [http-nio-8080-exec-1] es.proyecto.app.controller.CartController: Attempting to add product to cart: product_id=5, quantity=6
2025-03-31 20:41:58,552 INFO [http-nio-8080-exec-1] es.proyecto.app.service.CartService: addProductToCart called with userId: 5, productId: 5, quantity: 6
2025-03-31 20:41:58,575 INFO [http-nio-8080-exec-1] es.proyecto.app.service.CartService: New cart item created for userId: 5, productId: 5, quantity: 6
2025-03-31 20:41:58,579 INFO [http-nio-8080-exec-1] es.proyecto.app.service.CartService: Product added to cart for userId: 5, productId: 5
2025-03-31 20:41:58,586 INFO [http-nio-8080-exec-1] es.proyecto.app.controller.CartController: Product added successfully
2025-03-31 20:42:06,801 INFO [http-nio-8080-exec-7] es.proyecto.app.controller.CategoriesController: Successfully retrieved categories
2025-03-31 20:42:06,866 INFO [http-nio-8080-exec-1] es.proyecto.app.controller.UsersController: Successfully fetched all users
2025-03-31 20:42:06,924 INFO [http-nio-8080-exec-7] es.proyecto.app.controller.ProductsController: Product with id 5 retrieved successfully
2025-03-31 20:42:14,613 INFO [http-nio-8080-exec-4] es.proyecto.app.controller.CartController: manageCart called with userId: 5 and action: modify
2025-03-31 20:42:14,614 INFO [http-nio-8080-exec-4] es.proyecto.app.controller.CartController: Attempting to modify product in cart: product_id=5, quantity=4
2025-03-31 20:42:14,656 INFO [http-nio-8080-exec-4] es.proyecto.app.controller.CartController: Product modified successfully
2025-03-31 20:42:14,716 INFO [http-nio-8080-exec-5] es.proyecto.app.controller.ProductsController: Product with id 5 retrieved successfully
2025-03-31 20:42:33,103 INFO [http-nio-8080-exec-4] es.proyecto.app.controller.CategoriesController: Successfully retrieved categories
2025-03-31 20:42:33,168 INFO [http-nio-8080-exec-2] es.proyecto.app.controller.ProductsController: Successfully fetched all products
2025-03-31 20:42:33,183 INFO [http-nio-8080-exec-1] es.proyecto.app.controller.CategoriesController: Successfully retrieved categories
2025-03-31 20:42:43,088 INFO [http-nio-8080-exec-8] es.proyecto.app.controller.CategoriesController: Successfully retrieved categories
2025-03-31 20:42:43,134 INFO [http-nio-8080-exec-2] es.proyecto.app.controller.ProductsController: Successfully fetched all products
2025-03-31 20:42:43,163 INFO [http-nio-8080-exec-6] es.proyecto.app.controller.UsersController: Successfully fetched all users
2025-03-31 20:42:43,196 INFO [http-nio-8080-exec-7] es.proyecto.app.controller.ProductsController: Successfully fetched all products
2025-03-31 20:42:43,271 INFO [http-nio-8080-exec-1] es.proyecto.app.controller.ProductsController: Successfully fetched all products
2025-03-31 20:44:07,031 INFO [http-nio-8080-exec-9] es.proyecto.app.controller.ProductsController: Product with id 35 retrieved successfully
2025-03-31 20:44:07,053 INFO [http-nio-8080-exec-10] es.proyecto.app.controller.CategoriesController: Successfully retrieved categories
2025-03-31 20:44:07,112 INFO [http-nio-8080-exec-5] es.proyecto.app.controller.ProductsController: Successfully fetched all products
2025-03-31 20:44:12,091 INFO [http-nio-8080-exec-4] es.proyecto.app.controller.CartController: manageCart called with userId: 5 and action: add
2025-03-31 20:44:12,091 INFO [http-nio-8080-exec-4] es.proyecto.app.controller.CartController: Attempting to add product to cart: product_id=35, quantity=5
2025-03-31 20:44:12,093 INFO [http-nio-8080-exec-4] es.proyecto.app.service.CartService: addProductToCart called with userId: 5, productId: 35, quantity: 5
2025-03-31 20:44:12,106 INFO [http-nio-8080-exec-4] es.proyecto.app.service.CartService: New cart item created for userId: 5, productId: 35, quantity: 5
2025-03-31 20:44:12,107 INFO [http-nio-8080-exec-4] es.proyecto.app.service.CartService: Product added to cart for userId: 5, productId: 35
2025-03-31 20:44:12,113 INFO [http-nio-8080-exec-4] es.proyecto.app.controller.CartController: Product added successfully
2025-03-31 20:44:20,416 INFO [http-nio-8080-exec-8] es.proyecto.app.controller.CategoriesController: Successfully retrieved categories
2025-03-31 20:44:20,472 INFO [http-nio-8080-exec-7] es.proyecto.app.controller.ProductsController: Successfully fetched all products
2025-03-31 20:44:20,496 INFO [http-nio-8080-exec-9] es.proyecto.app.controller.CategoriesController: Successfully retrieved categories
2025-03-31 20:44:24,426 INFO [http-nio-8080-exec-3] es.proyecto.app.controller.ProductsController: Product with id 19 retrieved successfully
2025-03-31 20:44:24,443 INFO [http-nio-8080-exec-5] es.proyecto.app.controller.CategoriesController: Successfully retrieved categories
2025-03-31 20:44:24,476 INFO [http-nio-8080-exec-6] es.proyecto.app.controller.ProductsController: Successfully fetched all products
2025-03-31 20:44:31,090 INFO [http-nio-8080-exec-1] es.proyecto.app.controller.OrdersController: Order created successfully: null
2025-03-31 20:45:24,738 INFO [http-nio-8080-exec-2] es.proyecto.app.controller.CategoriesController: Successfully retrieved categories
2025-03-31 20:45:24,752 INFO [http-nio-8080-exec-1] es.proyecto.app.controller.ProductsController: Successfully fetched all products
2025-03-31 20:45:24,788 INFO [http-nio-8080-exec-8] es.proyecto.app.controller.CategoriesController: Successfully retrieved categories
2025-03-31 20:45:27,379 INFO [http-nio-8080-exec-2] es.proyecto.app.controller.ProductsController: Product with id 13 retrieved successfully
2025-03-31 20:45:27,401 INFO [http-nio-8080-exec-6] es.proyecto.app.controller.CategoriesController: Successfully retrieved categories
2025-03-31 20:45:27,483 INFO [http-nio-8080-exec-9] es.proyecto.app.controller.ProductsController: Successfully fetched all products
2025-03-31 20:45:33,672 INFO [http-nio-8080-exec-8] es.proyecto.app.controller.CartController: manageCart called with userId: 5 and action: add
2025-03-31 20:45:33,675 INFO [http-nio-8080-exec-8] es.proyecto.app.controller.CartController: Attempting to add product to cart: product_id=13, quantity=10
2025-03-31 20:45:33,675 INFO [http-nio-8080-exec-8] es.proyecto.app.service.CartService: addProductToCart called with userId: 5, productId: 13, quantity: 10
2025-03-31 20:45:33,689 INFO [http-nio-8080-exec-8] es.proyecto.app.service.CartService: New cart item created for userId: 5, productId: 13, quantity: 10
2025-03-31 20:45:33,690 INFO [http-nio-8080-exec-8] es.proyecto.app.service.CartService: Product added to cart for userId: 5, productId: 13
2025-03-31 20:45:33,698 INFO [http-nio-8080-exec-8] es.proyecto.app.controller.CartController: Product added successfully
2025-03-31 20:45:37,484 INFO [http-nio-8080-exec-3] es.proyecto.app.controller.CategoriesController: Successfully retrieved categories
2025-03-31 20:45:37,529 INFO [http-nio-8080-exec-8] es.proyecto.app.controller.UsersController: Successfully fetched all users
2025-03-31 20:45:37,594 INFO [http-nio-8080-exec-9] es.proyecto.app.controller.ProductsController: Product with id 5 retrieved successfully
2025-03-31 20:45:37,704 INFO [http-nio-8080-exec-6] es.proyecto.app.controller.ProductsController: Product with id 35 retrieved successfully
2025-03-31 20:45:37,730 INFO [http-nio-8080-exec-7] es.proyecto.app.controller.ProductsController: Product with id 13 retrieved successfully
2025-03-31 20:45:45,467 INFO [http-nio-8080-exec-4] es.proyecto.app.controller.OrdersController: Order created successfully: null
2025-03-31 20:45:48,058 INFO [http-nio-8080-exec-2] es.proyecto.app.controller.CartController: manageCart called with userId: 5 and action: remove
2025-03-31 20:45:48,059 INFO [http-nio-8080-exec-2] es.proyecto.app.controller.CartController: Attempting to remove product from cart: product_id=5, quantity=4
2025-03-31 20:45:48,084 INFO [http-nio-8080-exec-2] es.proyecto.app.controller.CartController: Product removed successfully
2025-03-31 20:45:48,106 INFO [http-nio-8080-exec-10] es.proyecto.app.controller.CartController: manageCart called with userId: 5 and action: remove
2025-03-31 20:45:48,107 INFO [http-nio-8080-exec-10] es.proyecto.app.controller.CartController: Attempting to remove product from cart: product_id=35, quantity=5
2025-03-31 20:45:48,122 INFO [http-nio-8080-exec-10] es.proyecto.app.controller.CartController: Product removed successfully
2025-03-31 20:45:48,145 INFO [http-nio-8080-exec-9] es.proyecto.app.controller.CartController: manageCart called with userId: 5 and action: remove
2025-03-31 20:45:48,145 INFO [http-nio-8080-exec-9] es.proyecto.app.controller.CartController: Attempting to remove product from cart: product_id=13, quantity=10
2025-03-31 20:45:48,161 INFO [http-nio-8080-exec-9] es.proyecto.app.controller.CartController: Product removed successfully
2025-03-31 20:46:36,859 INFO [http-nio-8080-exec-3] es.proyecto.app.controller.UsersController: User with id 5 retrieved successfully
2025-03-31 23:28:15,051 INFO [restartedMain] org.springframework.boot.StartupInfoLogger: Starting AppApplication using Java 17.0.13 with PID 4300 (C:\Users\Spekt\Desktop\DAW\proyecto\app\target\classes started by Spekt in C:\Users\Spekt\Desktop\DAW\proyecto\app)
2025-03-31 23:28:15,054 INFO [restartedMain] org.springframework.boot.SpringApplication: No active profile set, falling back to 1 default profile: "default"
2025-03-31 23:28:24,360 WARN [restartedMain] org.springframework.boot.autoconfigure.orm.jpa.JpaBaseConfiguration$JpaWebConfiguration: spring.jpa.open-in-view is enabled by default. Therefore, database queries may be performed during view rendering. Explicitly configure spring.jpa.open-in-view to disable this warning
2025-03-31 23:28:24,404 WARN [restartedMain] org.springframework.boot.autoconfigure.security.servlet.UserDetailsServiceAutoConfiguration: 

Using generated security password: 12afa5b4-4805-4725-8832-c6583b97362e

This generated password is for development use only. Your security configuration must be updated before running your application in production.

2025-03-31 23:28:26,055 INFO [restartedMain] org.springframework.boot.StartupInfoLogger: Started AppApplication in 11.645 seconds (process running for 12.92)
2025-03-31 23:28:49,672 INFO [http-nio-8080-exec-3] es.proyecto.app.controller.UsersController: Successfully fetched all users
2025-03-31 23:28:49,681 INFO [http-nio-8080-exec-5] es.proyecto.app.controller.ProductsController: Successfully fetched all products
2025-03-31 23:28:49,688 INFO [http-nio-8080-exec-4] es.proyecto.app.controller.CategoriesController: Successfully retrieved categories
2025-03-31 23:28:49,883 INFO [http-nio-8080-exec-7] es.proyecto.app.controller.ProductsController: Successfully fetched all products
2025-03-31 23:28:49,954 INFO [http-nio-8080-exec-2] es.proyecto.app.controller.ProductsController: Successfully fetched all products
2025-03-31 23:29:00,915 INFO [http-nio-8080-exec-7] es.proyecto.app.controller.UsersController: Successfully fetched all users
2025-03-31 23:33:21,824 INFO [restartedMain] org.springframework.boot.StartupInfoLogger: Starting AppApplication using Java 17.0.13 with PID 10140 (C:\Users\Spekt\Desktop\DAW\proyecto\app\target\classes started by Spekt in C:\Users\Spekt\Desktop\DAW\proyecto\app)
2025-03-31 23:33:21,829 INFO [restartedMain] org.springframework.boot.SpringApplication: No active profile set, falling back to 1 default profile: "default"
2025-03-31 23:33:30,129 WARN [restartedMain] org.springframework.boot.autoconfigure.orm.jpa.JpaBaseConfiguration$JpaWebConfiguration: spring.jpa.open-in-view is enabled by default. Therefore, database queries may be performed during view rendering. Explicitly configure spring.jpa.open-in-view to disable this warning
2025-03-31 23:33:30,169 WARN [restartedMain] org.springframework.boot.autoconfigure.security.servlet.UserDetailsServiceAutoConfiguration: 

Using generated security password: bcc0328c-ddd9-4bfb-b1dc-e1f514d28d38

This generated password is for development use only. Your security configuration must be updated before running your application in production.

2025-03-31 23:33:31,347 INFO [restartedMain] org.springframework.boot.StartupInfoLogger: Started AppApplication in 10.252 seconds (process running for 12.341)
2025-03-31 23:33:37,098 INFO [http-nio-8080-exec-1] es.proyecto.app.controller.UsersController: Successfully fetched all users
2025-03-31 23:33:46,685 INFO [http-nio-8080-exec-2] es.proyecto.app.controller.UsersController: Successfully fetched all users
