2025-04-30 23:34:23,737 INFO [restartedMain] org.springframework.boot.StartupInfoLogger: Starting AppApplication using Java 17.0.13 with PID 16540 (C:\Users\Spekt\Desktop\DAW\proyecto\app\target\classes started by Spekt in C:\Users\Spekt\Desktop\DAW\proyecto\app)
2025-04-30 23:34:23,746 INFO [restartedMain] org.springframework.boot.SpringApplication: No active profile set, falling back to 1 default profile: "default"
2025-04-30 23:34:33,421 WARN [restartedMain] org.springframework.boot.autoconfigure.orm.jpa.JpaBaseConfiguration$JpaWebConfiguration: spring.jpa.open-in-view is enabled by default. Therefore, database queries may be performed during view rendering. Explicitly configure spring.jpa.open-in-view to disable this warning
2025-04-30 23:34:33,472 WARN [restartedMain] org.springframework.boot.autoconfigure.security.servlet.UserDetailsServiceAutoConfiguration: 

Using generated security password: 24352eb4-16e8-4ef8-8c0c-0d95a0e03e29

This generated password is for development use only. Your security configuration must be updated before running your application in production.

2025-04-30 23:34:34,811 INFO [restartedMain] org.springframework.boot.StartupInfoLogger: Started AppApplication in 11.726 seconds (process running for 22.604)
2025-04-30 23:34:45,471 INFO [http-nio-8080-exec-7] es.proyecto.app.controller.ProductsController: Successfully fetched all products
2025-04-30 23:34:45,471 INFO [http-nio-8080-exec-3] es.proyecto.app.controller.CategoriesController: Successfully retrieved categories
2025-04-30 23:34:45,714 INFO [http-nio-8080-exec-1] es.proyecto.app.controller.ProductsController: Successfully fetched all products
2025-04-30 23:34:45,782 INFO [http-nio-8080-exec-9] es.proyecto.app.controller.ProductsController: Successfully fetched all products
2025-04-30 23:37:48,946 INFO [http-nio-8080-exec-1] es.proyecto.app.controller.CategoriesController: Successfully retrieved categories
2025-04-30 23:37:48,958 INFO [http-nio-8080-exec-6] es.proyecto.app.controller.ProductsController: Successfully fetched all products
2025-04-30 23:37:49,037 INFO [http-nio-8080-exec-10] es.proyecto.app.controller.ProductsController: Successfully fetched all products
2025-04-30 23:37:49,117 INFO [http-nio-8080-exec-7] es.proyecto.app.controller.ProductsController: Successfully fetched all products
2025-04-30 23:40:50,341 INFO [http-nio-8080-exec-8] es.proyecto.app.controller.UsersController: User with id 3 retrieved successfully
2025-04-30 23:46:15,982 INFO [http-nio-8080-exec-9] es.proyecto.app.controller.CategoriesController: Successfully retrieved categories
2025-04-30 23:46:16,029 INFO [http-nio-8080-exec-4] es.proyecto.app.controller.ProductsController: Successfully fetched all products
2025-04-30 23:46:16,088 INFO [http-nio-8080-exec-2] es.proyecto.app.controller.ProductsController: Successfully fetched all products
2025-04-30 23:46:16,133 INFO [http-nio-8080-exec-10] es.proyecto.app.controller.ProductsController: Successfully fetched all products
2025-04-30 23:47:09,539 INFO [http-nio-8080-exec-1] es.proyecto.app.controller.AuthController: Attempting to register user with email: laura15@example.com
2025-04-30 23:47:09,858 INFO [http-nio-8080-exec-1] es.proyecto.app.controller.AuthController: User registered successfully with email: laura15@example.com
2025-04-30 23:47:10,227 INFO [http-nio-8080-exec-3] es.proyecto.app.controller.CategoriesController: Successfully retrieved categories
2025-04-30 23:47:10,276 INFO [http-nio-8080-exec-2] es.proyecto.app.controller.ProductsController: Successfully fetched all products
2025-04-30 23:47:10,335 INFO [http-nio-8080-exec-9] es.proyecto.app.controller.ProductsController: Successfully fetched all products
2025-04-30 23:47:10,380 INFO [http-nio-8080-exec-7] es.proyecto.app.controller.ProductsController: Successfully fetched all products
2025-04-30 23:47:25,023 INFO [http-nio-8080-exec-8] es.proyecto.app.controller.AuthController: Attempting to log in with email: laura15@example.com
2025-04-30 23:47:25,181 INFO [http-nio-8080-exec-8] es.proyecto.app.controller.AuthController: User logged in successfully: laura15@example.com
2025-04-30 23:47:25,243 INFO [http-nio-8080-exec-9] es.proyecto.app.controller.UsersController: Successfully fetched all users
2025-04-30 23:47:25,481 INFO [http-nio-8080-exec-3] es.proyecto.app.controller.CategoriesController: Successfully retrieved categories
2025-04-30 23:47:25,525 INFO [http-nio-8080-exec-7] es.proyecto.app.controller.UsersController: Successfully fetched all users
2025-04-30 23:47:25,599 INFO [http-nio-8080-exec-2] es.proyecto.app.controller.ProductsController: Successfully fetched all products
2025-04-30 23:47:25,664 INFO [http-nio-8080-exec-10] es.proyecto.app.controller.ProductsController: Successfully fetched all products
2025-04-30 23:47:25,715 INFO [http-nio-8080-exec-8] es.proyecto.app.controller.ProductsController: Successfully fetched all products
2025-04-30 23:48:04,479 INFO [http-nio-8080-exec-2] es.proyecto.app.controller.CategoriesController: Successfully retrieved categories
2025-04-30 23:48:04,504 INFO [http-nio-8080-exec-3] es.proyecto.app.controller.UsersController: Successfully fetched all users
2025-04-30 23:48:15,489 INFO [http-nio-8080-exec-5] es.proyecto.app.controller.CategoriesController: Successfully retrieved categories
2025-04-30 23:48:15,527 INFO [http-nio-8080-exec-6] es.proyecto.app.controller.ProductsController: Successfully fetched all products
2025-04-30 23:48:15,582 INFO [http-nio-8080-exec-1] es.proyecto.app.controller.CategoriesController: Successfully retrieved categories
2025-04-30 23:48:20,271 INFO [http-nio-8080-exec-8] es.proyecto.app.controller.ProductsController: Product with id 4 retrieved successfully
2025-04-30 23:48:20,289 INFO [http-nio-8080-exec-1] es.proyecto.app.controller.CategoriesController: Successfully retrieved categories
2025-04-30 23:48:20,315 INFO [http-nio-8080-exec-7] es.proyecto.app.controller.SubcategoriesController: Subcategory with id 1 retrieved successfully
2025-04-30 23:48:20,372 INFO [http-nio-8080-exec-5] es.proyecto.app.controller.CategoriesController: Category with id 1 retrieved successfully
2025-04-30 23:48:20,407 INFO [http-nio-8080-exec-10] es.proyecto.app.controller.ProductsController: Successfully fetched all products
2025-04-30 23:49:04,172 INFO [http-nio-8080-exec-8] es.proyecto.app.controller.CartController: manageCart called with userId: 9 and action: add
2025-04-30 23:49:04,175 INFO [http-nio-8080-exec-8] es.proyecto.app.controller.CartController: Attempting to add product to cart: product_id=4, quantity=6
2025-04-30 23:49:04,177 INFO [http-nio-8080-exec-8] es.proyecto.app.service.CartService: addProductToCart called with userId: 9, productId: 4, quantity: 6
2025-04-30 23:49:04,200 INFO [http-nio-8080-exec-8] es.proyecto.app.service.CartService: New cart item created for userId: 9, productId: 4, quantity: 6
2025-04-30 23:49:04,204 INFO [http-nio-8080-exec-8] es.proyecto.app.service.CartService: Product added to cart for userId: 9, productId: 4
2025-04-30 23:49:04,210 INFO [http-nio-8080-exec-8] es.proyecto.app.controller.CartController: Product added successfully
2025-04-30 23:49:21,682 INFO [http-nio-8080-exec-7] es.proyecto.app.controller.ProductsController: Product with id 37 retrieved successfully
2025-04-30 23:49:21,706 INFO [http-nio-8080-exec-5] es.proyecto.app.controller.CategoriesController: Successfully retrieved categories
2025-04-30 23:49:21,709 INFO [http-nio-8080-exec-8] es.proyecto.app.controller.SubcategoriesController: Subcategory with id 8 retrieved successfully
2025-04-30 23:49:21,722 INFO [http-nio-8080-exec-3] es.proyecto.app.controller.CategoriesController: Category with id 4 retrieved successfully
2025-04-30 23:49:21,761 INFO [http-nio-8080-exec-4] es.proyecto.app.controller.ProductsController: Successfully fetched all products
2025-04-30 23:49:26,052 INFO [http-nio-8080-exec-7] es.proyecto.app.controller.OrdersController: Order created successfully: null
2025-04-30 23:49:37,723 INFO [http-nio-8080-exec-5] es.proyecto.app.controller.CartController: manageCart called with userId: 9 and action: add
2025-04-30 23:49:37,724 INFO [http-nio-8080-exec-5] es.proyecto.app.controller.CartController: Attempting to add product to cart: product_id=37, quantity=7
2025-04-30 23:49:37,726 INFO [http-nio-8080-exec-5] es.proyecto.app.service.CartService: addProductToCart called with userId: 9, productId: 37, quantity: 7
2025-04-30 23:49:37,737 INFO [http-nio-8080-exec-5] es.proyecto.app.service.CartService: New cart item created for userId: 9, productId: 37, quantity: 7
2025-04-30 23:49:37,739 INFO [http-nio-8080-exec-5] es.proyecto.app.service.CartService: Product added to cart for userId: 9, productId: 37
2025-04-30 23:49:37,745 INFO [http-nio-8080-exec-5] es.proyecto.app.controller.CartController: Product added successfully
2025-04-30 23:49:40,833 INFO [http-nio-8080-exec-7] es.proyecto.app.controller.UsersController: Successfully fetched all users
2025-04-30 23:49:40,836 INFO [http-nio-8080-exec-10] es.proyecto.app.controller.CategoriesController: Successfully retrieved categories
2025-04-30 23:49:40,885 INFO [http-nio-8080-exec-5] es.proyecto.app.controller.ProductsController: Product with id 4 retrieved successfully
2025-04-30 23:49:40,940 INFO [http-nio-8080-exec-8] es.proyecto.app.controller.ProductsController: Product with id 37 retrieved successfully
2025-04-30 23:50:55,408 INFO [http-nio-8080-exec-5] es.proyecto.app.controller.UsersController: User with id 10 not found
2025-04-30 23:51:03,690 INFO [http-nio-8080-exec-3] es.proyecto.app.controller.UsersController: User with id 8 retrieved successfully
2025-04-30 23:51:12,641 INFO [http-nio-8080-exec-8] es.proyecto.app.controller.UsersController: User with id 9 retrieved successfully
2025-04-30 23:51:48,818 INFO [http-nio-8080-exec-4] es.proyecto.app.controller.CartController: manageCart called with userId: 9 and action: modify
2025-04-30 23:51:48,818 INFO [http-nio-8080-exec-4] es.proyecto.app.controller.CartController: Attempting to modify product in cart: product_id=4, quantity=60
2025-04-30 23:51:48,845 INFO [http-nio-8080-exec-4] es.proyecto.app.controller.CartController: Product modified successfully
2025-04-30 23:51:48,905 INFO [http-nio-8080-exec-10] es.proyecto.app.controller.ProductsController: Product with id 4 retrieved successfully
2025-04-30 23:51:48,934 INFO [http-nio-8080-exec-2] es.proyecto.app.controller.ProductsController: Product with id 37 retrieved successfully
2025-04-30 23:51:58,353 INFO [http-nio-8080-exec-6] es.proyecto.app.controller.CartController: manageCart called with userId: 9 and action: remove
2025-04-30 23:51:58,354 INFO [http-nio-8080-exec-6] es.proyecto.app.controller.CartController: Attempting to remove product from cart: product_id=37, quantity=7
2025-04-30 23:51:58,390 INFO [http-nio-8080-exec-6] es.proyecto.app.controller.CartController: Product removed successfully
2025-04-30 23:51:58,466 INFO [http-nio-8080-exec-3] es.proyecto.app.controller.ProductsController: Product with id 4 retrieved successfully
2025-04-30 23:52:05,624 INFO [http-nio-8080-exec-3] es.proyecto.app.controller.CategoriesController: Successfully retrieved categories
2025-04-30 23:52:05,655 INFO [http-nio-8080-exec-8] es.proyecto.app.controller.ProductsController: Successfully fetched all products
2025-04-30 23:52:05,712 INFO [http-nio-8080-exec-6] es.proyecto.app.controller.CategoriesController: Successfully retrieved categories
2025-04-30 23:52:12,832 INFO [http-nio-8080-exec-8] es.proyecto.app.controller.ProductsController: Successfully fetched all products
2025-04-30 23:52:19,681 INFO [http-nio-8080-exec-4] es.proyecto.app.controller.ProductsController: Successfully fetched all products
2025-04-30 23:52:26,710 INFO [http-nio-8080-exec-7] es.proyecto.app.controller.ProductsController: Successfully fetched all products
2025-04-30 23:52:31,106 INFO [http-nio-8080-exec-9] es.proyecto.app.controller.ProductsController: Product with id 12 retrieved successfully
2025-04-30 23:52:31,124 INFO [http-nio-8080-exec-1] es.proyecto.app.controller.CategoriesController: Successfully retrieved categories
2025-04-30 23:52:31,175 INFO [http-nio-8080-exec-2] es.proyecto.app.controller.SubcategoriesController: Subcategory with id 3 retrieved successfully
2025-04-30 23:52:31,193 INFO [http-nio-8080-exec-6] es.proyecto.app.controller.CategoriesController: Category with id 2 retrieved successfully
2025-04-30 23:52:31,272 INFO [http-nio-8080-exec-3] es.proyecto.app.controller.ProductsController: Successfully fetched all products
2025-04-30 23:52:32,970 INFO [http-nio-8080-exec-1] es.proyecto.app.controller.CartController: manageCart called with userId: 9 and action: add
2025-04-30 23:52:32,972 INFO [http-nio-8080-exec-1] es.proyecto.app.controller.CartController: Attempting to add product to cart: product_id=12, quantity=1
2025-04-30 23:52:32,973 INFO [http-nio-8080-exec-1] es.proyecto.app.service.CartService: addProductToCart called with userId: 9, productId: 12, quantity: 1
2025-04-30 23:52:32,982 INFO [http-nio-8080-exec-1] es.proyecto.app.service.CartService: New cart item created for userId: 9, productId: 12, quantity: 1
2025-04-30 23:52:32,984 INFO [http-nio-8080-exec-1] es.proyecto.app.service.CartService: Product added to cart for userId: 9, productId: 12
2025-04-30 23:52:32,988 INFO [http-nio-8080-exec-1] es.proyecto.app.controller.CartController: Product added successfully
2025-04-30 23:52:40,177 INFO [http-nio-8080-exec-7] es.proyecto.app.controller.CategoriesController: Successfully retrieved categories
2025-04-30 23:52:40,211 INFO [http-nio-8080-exec-1] es.proyecto.app.controller.UsersController: Successfully fetched all users
2025-04-30 23:52:40,304 INFO [http-nio-8080-exec-3] es.proyecto.app.controller.ProductsController: Product with id 4 retrieved successfully
2025-04-30 23:52:40,353 INFO [http-nio-8080-exec-7] es.proyecto.app.controller.ProductsController: Product with id 12 retrieved successfully
2025-04-30 23:52:45,856 INFO [http-nio-8080-exec-4] es.proyecto.app.controller.OrdersController: Order created successfully: null
2025-04-30 23:52:49,341 INFO [http-nio-8080-exec-5] es.proyecto.app.controller.CartController: manageCart called with userId: 9 and action: remove
2025-04-30 23:52:49,343 INFO [http-nio-8080-exec-5] es.proyecto.app.controller.CartController: Attempting to remove product from cart: product_id=4, quantity=60
2025-04-30 23:52:49,361 INFO [http-nio-8080-exec-5] es.proyecto.app.controller.CartController: Product removed successfully
2025-04-30 23:52:49,382 INFO [http-nio-8080-exec-1] es.proyecto.app.controller.CartController: manageCart called with userId: 9 and action: remove
2025-04-30 23:52:49,383 INFO [http-nio-8080-exec-1] es.proyecto.app.controller.CartController: Attempting to remove product from cart: product_id=12, quantity=1
2025-04-30 23:52:49,397 INFO [http-nio-8080-exec-1] es.proyecto.app.controller.CartController: Product removed successfully
2025-04-30 23:53:35,407 INFO [http-nio-8080-exec-7] es.proyecto.app.controller.AuthController: Token invalidado: eyJhbGciOiJIUzUxMiJ9.eyJzdWIiOiJsYXVyYTE1QGV4YW1wbGUuY29tIiwiaWF0IjoxNzQ2MDQ5NjQ1LCJleHAiOjE3NDYwNTMyNDV9.W9y4yZ1MMwkQ4DkZ988ID95daZH2EHKzIs_PscUQWty8MP2B3dpG7997Zn4l4Aj1gwcpfntGHEyEwoBMmPAsiw
2025-04-30 23:53:35,681 INFO [http-nio-8080-exec-7] es.proyecto.app.controller.ProductsController: Successfully fetched all products
2025-04-30 23:53:35,765 INFO [http-nio-8080-exec-8] es.proyecto.app.controller.ProductsController: Successfully fetched all products
2025-04-30 23:53:35,774 INFO [http-nio-8080-exec-6] es.proyecto.app.controller.CategoriesController: Successfully retrieved categories
2025-04-30 23:53:35,815 INFO [http-nio-8080-exec-1] es.proyecto.app.controller.ProductsController: Successfully fetched all products
2025-04-30 23:53:58,560 INFO [http-nio-8080-exec-6] es.proyecto.app.controller.AuthController: Attempting to log in with email: jorge@example.com
2025-04-30 23:53:58,681 INFO [http-nio-8080-exec-6] es.proyecto.app.controller.AuthController: User logged in successfully: jorge@example.com
2025-04-30 23:53:58,705 INFO [http-nio-8080-exec-9] es.proyecto.app.controller.UsersController: Successfully fetched all users
2025-04-30 23:53:58,867 INFO [http-nio-8080-exec-5] es.proyecto.app.controller.CategoriesController: Successfully retrieved categories
2025-04-30 23:53:58,890 INFO [http-nio-8080-exec-6] es.proyecto.app.controller.ProductsController: Successfully fetched all products
2025-04-30 23:53:58,891 INFO [http-nio-8080-exec-1] es.proyecto.app.controller.UsersController: Successfully fetched all users
2025-04-30 23:53:58,931 INFO [http-nio-8080-exec-7] es.proyecto.app.controller.ProductsController: Successfully fetched all products
2025-04-30 23:53:58,959 INFO [http-nio-8080-exec-2] es.proyecto.app.controller.ProductsController: Successfully fetched all products
2025-04-30 23:54:01,407 INFO [http-nio-8080-exec-8] es.proyecto.app.controller.CategoriesController: Successfully retrieved categories
2025-04-30 23:54:01,455 INFO [http-nio-8080-exec-6] es.proyecto.app.controller.UsersController: Successfully fetched all users
2025-04-30 23:54:05,254 INFO [http-nio-8080-exec-9] es.proyecto.app.controller.CategoriesController: Successfully retrieved categories
2025-04-30 23:54:05,269 INFO [http-nio-8080-exec-8] es.proyecto.app.controller.ProductsController: Successfully fetched all products
2025-04-30 23:54:05,321 INFO [http-nio-8080-exec-2] es.proyecto.app.controller.CategoriesController: Successfully retrieved categories
2025-04-30 23:54:08,009 INFO [http-nio-8080-exec-5] es.proyecto.app.controller.ProductsController: Product with id 12 retrieved successfully
2025-04-30 23:54:08,021 INFO [http-nio-8080-exec-8] es.proyecto.app.controller.CategoriesController: Successfully retrieved categories
2025-04-30 23:54:08,071 INFO [http-nio-8080-exec-4] es.proyecto.app.controller.SubcategoriesController: Subcategory with id 3 retrieved successfully
2025-04-30 23:54:08,087 INFO [http-nio-8080-exec-8] es.proyecto.app.controller.CategoriesController: Category with id 2 retrieved successfully
2025-04-30 23:54:08,123 INFO [http-nio-8080-exec-2] es.proyecto.app.controller.ProductsController: Successfully fetched all products
2025-04-30 23:54:10,896 INFO [http-nio-8080-exec-5] es.proyecto.app.controller.CartController: manageCart called with userId: 3 and action: add
2025-04-30 23:54:10,897 INFO [http-nio-8080-exec-5] es.proyecto.app.controller.CartController: Attempting to add product to cart: product_id=12, quantity=1
2025-04-30 23:54:10,898 INFO [http-nio-8080-exec-5] es.proyecto.app.service.CartService: addProductToCart called with userId: 3, productId: 12, quantity: 1
2025-04-30 23:54:10,908 INFO [http-nio-8080-exec-5] es.proyecto.app.service.CartService: New cart item created for userId: 3, productId: 12, quantity: 1
2025-04-30 23:54:10,909 INFO [http-nio-8080-exec-5] es.proyecto.app.service.CartService: Product added to cart for userId: 3, productId: 12
2025-04-30 23:54:10,916 INFO [http-nio-8080-exec-5] es.proyecto.app.controller.CartController: Product added successfully
2025-04-30 23:54:16,408 INFO [http-nio-8080-exec-3] es.proyecto.app.controller.OrdersController: Order created successfully: null
2025-04-30 23:55:01,029 INFO [http-nio-8080-exec-7] es.proyecto.app.controller.CategoriesController: Successfully retrieved categories
2025-04-30 23:55:01,049 INFO [http-nio-8080-exec-4] es.proyecto.app.controller.ProductsController: Successfully fetched all products
2025-04-30 23:55:01,057 INFO [http-nio-8080-exec-10] es.proyecto.app.controller.UsersController: Successfully fetched all users
2025-04-30 23:55:01,107 INFO [http-nio-8080-exec-2] es.proyecto.app.controller.ProductsController: Successfully fetched all products
2025-04-30 23:55:01,146 INFO [http-nio-8080-exec-7] es.proyecto.app.controller.ProductsController: Successfully fetched all products
2025-04-30 23:55:24,342 INFO [http-nio-8080-exec-9] es.proyecto.app.controller.UsersController: Successfully fetched all users
