2025-03-22 02:51:00,577 INFO [restartedMain] org.springframework.boot.StartupInfoLogger: Starting AppApplication using Java 17.0.13 with PID 9916 (C:\Users\Spekt\Desktop\DAW\proyecto\app\target\classes started by Spekt in C:\Users\Spekt\Desktop\DAW\proyecto\app)
2025-03-22 02:51:00,583 INFO [restartedMain] org.springframework.boot.SpringApplication: No active profile set, falling back to 1 default profile: "default"
2025-03-22 02:51:07,921 WARN [restartedMain] org.springframework.boot.autoconfigure.orm.jpa.JpaBaseConfiguration$JpaWebConfiguration: spring.jpa.open-in-view is enabled by default. Therefore, database queries may be performed during view rendering. Explicitly configure spring.jpa.open-in-view to disable this warning
2025-03-22 02:51:07,957 WARN [restartedMain] org.springframework.boot.autoconfigure.security.servlet.UserDetailsServiceAutoConfiguration: 

Using generated security password: f569415f-8bb6-408c-bf5a-58e22818da65

This generated password is for development use only. Your security configuration must be updated before running your application in production.

2025-03-22 02:51:08,961 INFO [restartedMain] org.springframework.boot.StartupInfoLogger: Started AppApplication in 8.998 seconds (process running for 10.133)
2025-03-22 02:51:17,186 INFO [http-nio-8080-exec-8] es.proyecto.app.controller.UsersController: Successfully fetched all users
2025-03-22 02:51:17,190 INFO [http-nio-8080-exec-9] es.proyecto.app.controller.ProductsController: Successfully fetched all products
2025-03-22 02:51:17,196 INFO [http-nio-8080-exec-5] es.proyecto.app.controller.CategoriesController: Successfully retrieved categories
2025-03-22 02:51:17,326 INFO [http-nio-8080-exec-6] es.proyecto.app.controller.ProductsController: Successfully fetched all products
2025-03-22 02:51:17,381 INFO [http-nio-8080-exec-1] es.proyecto.app.controller.ProductsController: Successfully fetched all products
2025-03-22 03:33:53,033 INFO [restartedMain] org.springframework.boot.StartupInfoLogger: Starting AppApplication using Java 17.0.13 with PID 23492 (C:\Users\Spekt\Desktop\DAW\proyecto\app\target\classes started by Spekt in C:\Users\Spekt\Desktop\DAW\proyecto\app)
2025-03-22 03:33:53,039 INFO [restartedMain] org.springframework.boot.SpringApplication: No active profile set, falling back to 1 default profile: "default"
2025-03-22 03:33:59,020 WARN [restartedMain] org.springframework.context.support.AbstractApplicationContext: Exception encountered during context initialization - cancelling refresh attempt: org.springframework.beans.factory.UnsatisfiedDependencyException: Error creating bean with name 'authController': Unsatisfied dependency expressed through field 'usersService': Error creating bean with name 'usersService': Unsatisfied dependency expressed through field 'passwordEncoder': No qualifying bean of type 'org.springframework.security.crypto.password.PasswordEncoder' available: expected at least 1 bean which qualifies as autowire candidate. Dependency annotations: {@org.springframework.beans.factory.annotation.Autowired(required=true)}
2025-03-22 03:33:59,090 ERROR [restartedMain] org.springframework.boot.diagnostics.LoggingFailureAnalysisReporter: 

***************************
APPLICATION FAILED TO START
***************************

Description:

Field passwordEncoder in es.proyecto.app.service.UsersService required a bean of type 'org.springframework.security.crypto.password.PasswordEncoder' that could not be found.

The injection point has the following annotations:
	- @org.springframework.beans.factory.annotation.Autowired(required=true)


Action:

Consider defining a bean of type 'org.springframework.security.crypto.password.PasswordEncoder' in your configuration.

2025-03-22 03:34:24,409 INFO [restartedMain] org.springframework.boot.StartupInfoLogger: Starting AppApplication using Java 17.0.13 with PID 6508 (C:\Users\Spekt\Desktop\DAW\proyecto\app\target\classes started by Spekt in C:\Users\Spekt\Desktop\DAW\proyecto\app)
2025-03-22 03:34:24,409 INFO [restartedMain] org.springframework.boot.SpringApplication: No active profile set, falling back to 1 default profile: "default"
2025-03-22 03:34:30,473 WARN [restartedMain] org.springframework.context.support.AbstractApplicationContext: Exception encountered during context initialization - cancelling refresh attempt: org.springframework.beans.factory.UnsatisfiedDependencyException: Error creating bean with name 'authController': Unsatisfied dependency expressed through field 'usersService': Error creating bean with name 'usersService': Unsatisfied dependency expressed through field 'passwordEncoder': No qualifying bean of type 'org.springframework.security.crypto.password.PasswordEncoder' available: expected at least 1 bean which qualifies as autowire candidate. Dependency annotations: {@org.springframework.beans.factory.annotation.Autowired(required=true)}
2025-03-22 03:34:30,551 ERROR [restartedMain] org.springframework.boot.diagnostics.LoggingFailureAnalysisReporter: 

***************************
APPLICATION FAILED TO START
***************************

Description:

Field passwordEncoder in es.proyecto.app.service.UsersService required a bean of type 'org.springframework.security.crypto.password.PasswordEncoder' that could not be found.

The injection point has the following annotations:
	- @org.springframework.beans.factory.annotation.Autowired(required=true)


Action:

Consider defining a bean of type 'org.springframework.security.crypto.password.PasswordEncoder' in your configuration.

2025-03-22 03:35:19,331 INFO [restartedMain] org.springframework.boot.StartupInfoLogger: Starting AppApplication using Java 17.0.13 with PID 6368 (C:\Users\Spekt\Desktop\DAW\proyecto\app\target\classes started by Spekt in C:\Users\Spekt\Desktop\DAW\proyecto\app)
2025-03-22 03:35:19,331 INFO [restartedMain] org.springframework.boot.SpringApplication: No active profile set, falling back to 1 default profile: "default"
2025-03-22 03:35:27,670 WARN [restartedMain] org.springframework.boot.autoconfigure.orm.jpa.JpaBaseConfiguration$JpaWebConfiguration: spring.jpa.open-in-view is enabled by default. Therefore, database queries may be performed during view rendering. Explicitly configure spring.jpa.open-in-view to disable this warning
2025-03-22 03:35:27,694 WARN [restartedMain] org.springframework.boot.autoconfigure.security.servlet.UserDetailsServiceAutoConfiguration: 

Using generated security password: c28f15aa-7c66-4092-8f02-a711a7e1877c

This generated password is for development use only. Your security configuration must be updated before running your application in production.

2025-03-22 03:35:28,775 INFO [restartedMain] org.springframework.boot.StartupInfoLogger: Started AppApplication in 10.069 seconds (process running for 11.231)
2025-03-22 04:07:20,206 INFO [restartedMain] org.springframework.boot.StartupInfoLogger: Starting AppApplication using Java 17.0.13 with PID 20692 (C:\Users\Spekt\Desktop\DAW\proyecto\app\target\classes started by Spekt in C:\Users\Spekt\Desktop\DAW\proyecto\app)
2025-03-22 04:07:20,209 INFO [restartedMain] org.springframework.boot.SpringApplication: No active profile set, falling back to 1 default profile: "default"
2025-03-22 04:07:27,674 WARN [restartedMain] org.springframework.boot.autoconfigure.orm.jpa.JpaBaseConfiguration$JpaWebConfiguration: spring.jpa.open-in-view is enabled by default. Therefore, database queries may be performed during view rendering. Explicitly configure spring.jpa.open-in-view to disable this warning
2025-03-22 04:07:27,706 WARN [restartedMain] org.springframework.boot.autoconfigure.security.servlet.UserDetailsServiceAutoConfiguration: 

Using generated security password: bdcca744-87e5-430e-b89e-6aa3e0faffaf

This generated password is for development use only. Your security configuration must be updated before running your application in production.

2025-03-22 04:07:28,809 INFO [restartedMain] org.springframework.boot.StartupInfoLogger: Started AppApplication in 9.177 seconds (process running for 10.287)
2025-03-22 04:07:34,728 INFO [http-nio-8080-exec-9] es.proyecto.app.controller.UsersController: Successfully fetched all users
2025-03-22 04:07:34,730 INFO [http-nio-8080-exec-6] es.proyecto.app.controller.ProductsController: Successfully fetched all products
2025-03-22 04:07:34,738 INFO [http-nio-8080-exec-10] es.proyecto.app.controller.CategoriesController: Successfully retrieved categories
2025-03-22 04:07:34,835 INFO [http-nio-8080-exec-4] es.proyecto.app.controller.ProductsController: Successfully fetched all products
2025-03-22 04:07:34,898 INFO [http-nio-8080-exec-2] es.proyecto.app.controller.ProductsController: Successfully fetched all products
2025-03-22 04:07:37,326 INFO [http-nio-8080-exec-8] es.proyecto.app.controller.CategoriesController: Successfully retrieved categories
2025-03-22 04:07:37,326 INFO [http-nio-8080-exec-5] es.proyecto.app.controller.ProductsController: Successfully fetched all products
2025-03-22 04:07:37,360 INFO [http-nio-8080-exec-9] es.proyecto.app.controller.CategoriesController: Successfully retrieved categories
2025-03-22 04:07:39,363 INFO [http-nio-8080-exec-7] es.proyecto.app.controller.CategoriesController: Successfully retrieved categories
2025-03-22 04:07:39,367 INFO [http-nio-8080-exec-5] es.proyecto.app.controller.ProductsController: Product with id 5 retrieved successfully
2025-03-22 04:07:39,432 INFO [http-nio-8080-exec-6] es.proyecto.app.controller.ProductsController: Successfully fetched all products
2025-03-22 04:08:24,177 ERROR [http-nio-8080-exec-7] org.apache.juli.logging.DirectJDKLog: Servlet.service() for servlet [dispatcherServlet] in context with path [] threw exception [Request processing failed: java.lang.RuntimeException: Usuario no encontrado] with root cause
java.lang.RuntimeException: Usuario no encontrado
	at es.proyecto.app.service.OrdersService.lambda$createOrder$0(OrdersService.java:47)
	at java.base/java.util.Optional.orElseThrow(Optional.java:403)
	at es.proyecto.app.service.OrdersService.createOrder(OrdersService.java:47)
	at java.base/jdk.internal.reflect.NativeMethodAccessorImpl.invoke0(Native Method)
	at java.base/jdk.internal.reflect.NativeMethodAccessorImpl.invoke(NativeMethodAccessorImpl.java:77)
	at java.base/jdk.internal.reflect.DelegatingMethodAccessorImpl.invoke(DelegatingMethodAccessorImpl.java:43)
	at java.base/java.lang.reflect.Method.invoke(Method.java:569)
	at org.springframework.aop.support.AopUtils.invokeJoinpointUsingReflection(AopUtils.java:355)
	at org.springframework.aop.framework.ReflectiveMethodInvocation.invokeJoinpoint(ReflectiveMethodInvocation.java:196)
	at org.springframework.aop.framework.ReflectiveMethodInvocation.proceed(ReflectiveMethodInvocation.java:163)
	at org.springframework.aop.framework.CglibAopProxy$CglibMethodInvocation.proceed(CglibAopProxy.java:768)
	at org.springframework.validation.beanvalidation.MethodValidationInterceptor.invoke(MethodValidationInterceptor.java:174)
	at org.springframework.aop.framework.ReflectiveMethodInvocation.proceed(ReflectiveMethodInvocation.java:184)
	at org.springframework.aop.framework.CglibAopProxy$CglibMethodInvocation.proceed(CglibAopProxy.java:768)
	at org.springframework.transaction.interceptor.TransactionAspectSupport.invokeWithinTransaction(TransactionAspectSupport.java:379)
	at org.springframework.transaction.interceptor.TransactionInterceptor.invoke(TransactionInterceptor.java:119)
	at org.springframework.aop.framework.ReflectiveMethodInvocation.proceed(ReflectiveMethodInvocation.java:184)
	at org.springframework.aop.framework.CglibAopProxy$CglibMethodInvocation.proceed(CglibAopProxy.java:768)
	at org.springframework.aop.framework.CglibAopProxy$DynamicAdvisedInterceptor.intercept(CglibAopProxy.java:720)
	at es.proyecto.app.service.OrdersService$$SpringCGLIB$$0.createOrder(<generated>)
	at es.proyecto.app.controller.OrdersController.createOrder(OrdersController.java:52)
	at java.base/jdk.internal.reflect.NativeMethodAccessorImpl.invoke0(Native Method)
	at java.base/jdk.internal.reflect.NativeMethodAccessorImpl.invoke(NativeMethodAccessorImpl.java:77)
	at java.base/jdk.internal.reflect.DelegatingMethodAccessorImpl.invoke(DelegatingMethodAccessorImpl.java:43)
	at java.base/java.lang.reflect.Method.invoke(Method.java:569)
	at org.springframework.aop.support.AopUtils.invokeJoinpointUsingReflection(AopUtils.java:355)
	at org.springframework.aop.framework.ReflectiveMethodInvocation.invokeJoinpoint(ReflectiveMethodInvocation.java:196)
	at org.springframework.aop.framework.ReflectiveMethodInvocation.proceed(ReflectiveMethodInvocation.java:163)
	at org.springframework.aop.framework.CglibAopProxy$CglibMethodInvocation.proceed(CglibAopProxy.java:768)
	at org.springframework.validation.beanvalidation.MethodValidationInterceptor.invoke(MethodValidationInterceptor.java:174)
	at org.springframework.aop.framework.ReflectiveMethodInvocation.proceed(ReflectiveMethodInvocation.java:184)
	at org.springframework.aop.framework.CglibAopProxy$CglibMethodInvocation.proceed(CglibAopProxy.java:768)
	at org.springframework.aop.framework.CglibAopProxy$DynamicAdvisedInterceptor.intercept(CglibAopProxy.java:720)
	at es.proyecto.app.controller.OrdersController$$SpringCGLIB$$0.createOrder(<generated>)
	at java.base/jdk.internal.reflect.NativeMethodAccessorImpl.invoke0(Native Method)
	at java.base/jdk.internal.reflect.NativeMethodAccessorImpl.invoke(NativeMethodAccessorImpl.java:77)
	at java.base/jdk.internal.reflect.DelegatingMethodAccessorImpl.invoke(DelegatingMethodAccessorImpl.java:43)
	at java.base/java.lang.reflect.Method.invoke(Method.java:569)
	at org.springframework.web.method.support.InvocableHandlerMethod.doInvoke(InvocableHandlerMethod.java:255)
	at org.springframework.web.method.support.InvocableHandlerMethod.invokeForRequest(InvocableHandlerMethod.java:188)
	at org.springframework.web.servlet.mvc.method.annotation.ServletInvocableHandlerMethod.invokeAndHandle(ServletInvocableHandlerMethod.java:118)
	at org.springframework.web.servlet.mvc.method.annotation.RequestMappingHandlerAdapter.invokeHandlerMethod(RequestMappingHandlerAdapter.java:926)
	at org.springframework.web.servlet.mvc.method.annotation.RequestMappingHandlerAdapter.handleInternal(RequestMappingHandlerAdapter.java:831)
	at org.springframework.web.servlet.mvc.method.AbstractHandlerMethodAdapter.handle(AbstractHandlerMethodAdapter.java:87)
	at org.springframework.web.servlet.DispatcherServlet.doDispatch(DispatcherServlet.java:1089)
	at org.springframework.web.servlet.DispatcherServlet.doService(DispatcherServlet.java:979)
	at org.springframework.web.servlet.FrameworkServlet.processRequest(FrameworkServlet.java:1014)
	at org.springframework.web.servlet.FrameworkServlet.doPost(FrameworkServlet.java:914)
	at jakarta.servlet.http.HttpServlet.service(HttpServlet.java:590)
	at org.springframework.web.servlet.FrameworkServlet.service(FrameworkServlet.java:885)
	at jakarta.servlet.http.HttpServlet.service(HttpServlet.java:658)
	at org.apache.catalina.core.ApplicationFilterChain.internalDoFilter(ApplicationFilterChain.java:195)
	at org.apache.catalina.core.ApplicationFilterChain.doFilter(ApplicationFilterChain.java:140)
	at org.apache.tomcat.websocket.server.WsFilter.doFilter(WsFilter.java:51)
	at org.apache.catalina.core.ApplicationFilterChain.internalDoFilter(ApplicationFilterChain.java:164)
	at org.apache.catalina.core.ApplicationFilterChain.doFilter(ApplicationFilterChain.java:140)
	at org.springframework.web.filter.OncePerRequestFilter.doFilter(OncePerRequestFilter.java:110)
	at org.apache.catalina.core.ApplicationFilterChain.internalDoFilter(ApplicationFilterChain.java:164)
	at org.apache.catalina.core.ApplicationFilterChain.doFilter(ApplicationFilterChain.java:140)
	at org.springframework.web.filter.CompositeFilter$VirtualFilterChain.doFilter(CompositeFilter.java:108)
	at org.springframework.security.web.FilterChainProxy.lambda$doFilterInternal$3(FilterChainProxy.java:231)
	at org.springframework.security.web.FilterChainProxy$VirtualFilterChain.doFilter(FilterChainProxy.java:365)
	at org.springframework.security.web.access.intercept.AuthorizationFilter.doFilter(AuthorizationFilter.java:100)
	at org.springframework.security.web.FilterChainProxy$VirtualFilterChain.doFilter(FilterChainProxy.java:374)
	at org.springframework.security.web.access.ExceptionTranslationFilter.doFilter(ExceptionTranslationFilter.java:126)
	at org.springframework.security.web.access.ExceptionTranslationFilter.doFilter(ExceptionTranslationFilter.java:120)
	at org.springframework.security.web.FilterChainProxy$VirtualFilterChain.doFilter(FilterChainProxy.java:374)
	at org.springframework.security.web.authentication.AnonymousAuthenticationFilter.doFilter(AnonymousAuthenticationFilter.java:100)
	at org.springframework.security.web.FilterChainProxy$VirtualFilterChain.doFilter(FilterChainProxy.java:374)
	at org.springframework.security.web.servletapi.SecurityContextHolderAwareRequestFilter.doFilter(SecurityContextHolderAwareRequestFilter.java:179)
	at org.springframework.security.web.FilterChainProxy$VirtualFilterChain.doFilter(FilterChainProxy.java:374)
	at org.springframework.security.web.savedrequest.RequestCacheAwareFilter.doFilter(RequestCacheAwareFilter.java:63)
	at org.springframework.security.web.FilterChainProxy$VirtualFilterChain.doFilter(FilterChainProxy.java:374)
	at es.proyecto.app.security.JwtAuthenticationFilter.doFilterInternal(JwtAuthenticationFilter.java:50)
	at org.springframework.web.filter.OncePerRequestFilter.doFilter(OncePerRequestFilter.java:116)
	at org.springframework.security.web.FilterChainProxy$VirtualFilterChain.doFilter(FilterChainProxy.java:374)
	at org.springframework.security.web.authentication.logout.LogoutFilter.doFilter(LogoutFilter.java:107)
	at org.springframework.security.web.authentication.logout.LogoutFilter.doFilter(LogoutFilter.java:93)
	at org.springframework.security.web.FilterChainProxy$VirtualFilterChain.doFilter(FilterChainProxy.java:374)
	at org.springframework.security.web.header.HeaderWriterFilter.doHeadersAfter(HeaderWriterFilter.java:90)
	at org.springframework.security.web.header.HeaderWriterFilter.doFilterInternal(HeaderWriterFilter.java:75)
	at org.springframework.web.filter.OncePerRequestFilter.doFilter(OncePerRequestFilter.java:116)
	at org.springframework.security.web.FilterChainProxy$VirtualFilterChain.doFilter(FilterChainProxy.java:374)
	at org.springframework.security.web.context.SecurityContextHolderFilter.doFilter(SecurityContextHolderFilter.java:82)
	at org.springframework.security.web.context.SecurityContextHolderFilter.doFilter(SecurityContextHolderFilter.java:69)
	at org.springframework.security.web.FilterChainProxy$VirtualFilterChain.doFilter(FilterChainProxy.java:374)
	at org.springframework.security.web.context.request.async.WebAsyncManagerIntegrationFilter.doFilterInternal(WebAsyncManagerIntegrationFilter.java:62)
	at org.springframework.web.filter.OncePerRequestFilter.doFilter(OncePerRequestFilter.java:116)
	at org.springframework.security.web.FilterChainProxy$VirtualFilterChain.doFilter(FilterChainProxy.java:374)
	at org.springframework.security.web.session.DisableEncodeUrlFilter.doFilterInternal(DisableEncodeUrlFilter.java:42)
	at org.springframework.web.filter.OncePerRequestFilter.doFilter(OncePerRequestFilter.java:116)
	at org.springframework.security.web.FilterChainProxy$VirtualFilterChain.doFilter(FilterChainProxy.java:374)
	at org.springframework.security.web.FilterChainProxy.doFilterInternal(FilterChainProxy.java:233)
	at org.springframework.security.web.FilterChainProxy.doFilter(FilterChainProxy.java:191)
	at org.springframework.web.filter.CompositeFilter$VirtualFilterChain.doFilter(CompositeFilter.java:113)
	at org.springframework.web.servlet.handler.HandlerMappingIntrospector.lambda$createCacheFilter$3(HandlerMappingIntrospector.java:195)
	at org.springframework.web.filter.CompositeFilter$VirtualFilterChain.doFilter(CompositeFilter.java:113)
	at org.springframework.web.filter.CompositeFilter.doFilter(CompositeFilter.java:74)
	at org.springframework.security.config.annotation.web.configuration.WebMvcSecurityConfiguration$CompositeFilterChainProxy.doFilter(WebMvcSecurityConfiguration.java:230)
	at org.springframework.web.filter.DelegatingFilterProxy.invokeDelegate(DelegatingFilterProxy.java:362)
	at org.springframework.web.filter.DelegatingFilterProxy.doFilter(DelegatingFilterProxy.java:278)
	at org.apache.catalina.core.ApplicationFilterChain.internalDoFilter(ApplicationFilterChain.java:164)
	at org.apache.catalina.core.ApplicationFilterChain.doFilter(ApplicationFilterChain.java:140)
	at org.springframework.web.filter.RequestContextFilter.doFilterInternal(RequestContextFilter.java:100)
	at org.springframework.web.filter.OncePerRequestFilter.doFilter(OncePerRequestFilter.java:116)
	at org.apache.catalina.core.ApplicationFilterChain.internalDoFilter(ApplicationFilterChain.java:164)
	at org.apache.catalina.core.ApplicationFilterChain.doFilter(ApplicationFilterChain.java:140)
	at org.springframework.web.filter.FormContentFilter.doFilterInternal(FormContentFilter.java:93)
	at org.springframework.web.filter.OncePerRequestFilter.doFilter(OncePerRequestFilter.java:116)
	at org.apache.catalina.core.ApplicationFilterChain.internalDoFilter(ApplicationFilterChain.java:164)
	at org.apache.catalina.core.ApplicationFilterChain.doFilter(ApplicationFilterChain.java:140)
	at org.springframework.web.filter.CharacterEncodingFilter.doFilterInternal(CharacterEncodingFilter.java:201)
	at org.springframework.web.filter.OncePerRequestFilter.doFilter(OncePerRequestFilter.java:116)
	at org.apache.catalina.core.ApplicationFilterChain.internalDoFilter(ApplicationFilterChain.java:164)
	at org.apache.catalina.core.ApplicationFilterChain.doFilter(ApplicationFilterChain.java:140)
	at org.apache.catalina.core.StandardWrapperValve.invoke(StandardWrapperValve.java:167)
	at org.apache.catalina.core.StandardContextValve.invoke(StandardContextValve.java:90)
	at org.apache.catalina.authenticator.AuthenticatorBase.invoke(AuthenticatorBase.java:483)
	at org.apache.catalina.core.StandardHostValve.invoke(StandardHostValve.java:115)
	at org.apache.catalina.valves.ErrorReportValve.invoke(ErrorReportValve.java:93)
	at org.apache.catalina.core.StandardEngineValve.invoke(StandardEngineValve.java:74)
	at org.apache.catalina.connector.CoyoteAdapter.service(CoyoteAdapter.java:344)
	at org.apache.coyote.http11.Http11Processor.service(Http11Processor.java:384)
	at org.apache.coyote.AbstractProcessorLight.process(AbstractProcessorLight.java:63)
	at org.apache.coyote.AbstractProtocol$ConnectionHandler.process(AbstractProtocol.java:905)
	at org.apache.tomcat.util.net.NioEndpoint$SocketProcessor.doRun(NioEndpoint.java:1741)
	at org.apache.tomcat.util.net.SocketProcessorBase.run(SocketProcessorBase.java:52)
	at org.apache.tomcat.util.threads.ThreadPoolExecutor.runWorker(ThreadPoolExecutor.java:1190)
	at org.apache.tomcat.util.threads.ThreadPoolExecutor$Worker.run(ThreadPoolExecutor.java:659)
	at org.apache.tomcat.util.threads.TaskThread$WrappingRunnable.run(TaskThread.java:63)
	at java.base/java.lang.Thread.run(Thread.java:840)
2025-03-22 04:08:29,645 INFO [http-nio-8080-exec-9] es.proyecto.app.controller.CategoriesController: Successfully retrieved categories
2025-03-22 04:08:29,655 INFO [http-nio-8080-exec-5] es.proyecto.app.controller.ProductsController: Successfully fetched all products
2025-03-22 04:08:29,696 INFO [http-nio-8080-exec-8] es.proyecto.app.controller.UsersController: Successfully fetched all users
2025-03-22 04:08:29,754 INFO [http-nio-8080-exec-10] es.proyecto.app.controller.ProductsController: Successfully fetched all products
2025-03-22 04:08:29,817 INFO [http-nio-8080-exec-9] es.proyecto.app.controller.ProductsController: Successfully fetched all products
2025-03-22 04:08:38,140 INFO [http-nio-8080-exec-8] es.proyecto.app.controller.UsersController: Successfully fetched all users
2025-03-22 04:09:05,886 INFO [http-nio-8080-exec-10] es.proyecto.app.controller.AuthController: Attempting to register user with email: jorge@example.com
2025-03-22 04:09:06,158 INFO [http-nio-8080-exec-10] es.proyecto.app.controller.AuthController: User registered successfully with email: jorge@example.com
2025-03-22 04:09:06,460 INFO [http-nio-8080-exec-2] es.proyecto.app.controller.CategoriesController: Successfully retrieved categories
2025-03-22 04:09:06,496 INFO [http-nio-8080-exec-9] es.proyecto.app.controller.ProductsController: Successfully fetched all products
2025-03-22 04:09:06,511 INFO [http-nio-8080-exec-3] es.proyecto.app.controller.UsersController: Successfully fetched all users
2025-03-22 04:09:06,560 INFO [http-nio-8080-exec-1] es.proyecto.app.controller.ProductsController: Successfully fetched all products
2025-03-22 04:09:06,601 INFO [http-nio-8080-exec-6] es.proyecto.app.controller.ProductsController: Successfully fetched all products
2025-03-22 04:09:29,897 INFO [http-nio-8080-exec-1] es.proyecto.app.controller.UsersController: Successfully fetched all users
2025-03-22 04:09:29,903 INFO [http-nio-8080-exec-5] es.proyecto.app.controller.CategoriesController: Successfully retrieved categories
2025-03-22 04:15:50,737 INFO [http-nio-8080-exec-2] es.proyecto.app.controller.AuthController: Token invalidado: eyJhbGciOiJIUzUxMiJ9.eyJzdWIiOiJqb3JnZUBleGFtcGxlLmNvbSIsImlhdCI6MTc0MjYwNDE1OSwiZXhwIjoxNzQyNjA3NzU5fQ.2WYBQizc2IXC925OVeabW_QkxKsnOcJaIPmJ-SMGcMsLC6xqMTL7DhV3tU0sOydkwiDyTqFRYjYBF5VlnX71ww
2025-03-22 04:15:50,937 INFO [http-nio-8080-exec-6] es.proyecto.app.controller.CategoriesController: Successfully retrieved categories
2025-03-22 04:15:50,949 INFO [http-nio-8080-exec-10] es.proyecto.app.controller.ProductsController: Successfully fetched all products
2025-03-22 04:15:51,014 INFO [http-nio-8080-exec-4] es.proyecto.app.controller.ProductsController: Successfully fetched all products
2025-03-22 04:15:51,074 INFO [http-nio-8080-exec-8] es.proyecto.app.controller.ProductsController: Successfully fetched all products
2025-03-22 04:16:06,338 INFO [http-nio-8080-exec-6] es.proyecto.app.controller.AuthController: Attempting to log in with email: jorge@example.com
2025-03-22 04:16:06,491 INFO [http-nio-8080-exec-6] es.proyecto.app.controller.AuthController: User logged in successfully: jorge@example.com
2025-03-22 04:16:06,537 INFO [http-nio-8080-exec-4] es.proyecto.app.controller.UsersController: Successfully fetched all users
2025-03-22 04:16:06,827 INFO [http-nio-8080-exec-6] es.proyecto.app.controller.CategoriesController: Successfully retrieved categories
2025-03-22 04:16:06,834 INFO [http-nio-8080-exec-1] es.proyecto.app.controller.UsersController: Successfully fetched all users
2025-03-22 04:16:06,838 INFO [http-nio-8080-exec-9] es.proyecto.app.controller.ProductsController: Successfully fetched all products
2025-03-22 04:16:06,869 INFO [http-nio-8080-exec-7] es.proyecto.app.controller.UsersController: Successfully fetched all users
2025-03-22 04:16:06,873 INFO [http-nio-8080-exec-10] es.proyecto.app.controller.ProductsController: Successfully fetched all products
2025-03-22 04:16:06,913 INFO [http-nio-8080-exec-2] es.proyecto.app.controller.ProductsController: Successfully fetched all products
2025-03-22 04:16:09,042 INFO [http-nio-8080-exec-9] es.proyecto.app.controller.CategoriesController: Successfully retrieved categories
2025-03-22 04:16:09,046 INFO [http-nio-8080-exec-10] es.proyecto.app.controller.UsersController: Successfully fetched all users
2025-03-22 04:16:13,137 INFO [http-nio-8080-exec-5] es.proyecto.app.controller.ProductsController: Successfully fetched all products
2025-03-22 04:16:13,191 INFO [http-nio-8080-exec-7] es.proyecto.app.controller.UsersController: Successfully fetched all users
2025-03-22 04:16:13,193 INFO [http-nio-8080-exec-8] es.proyecto.app.controller.CategoriesController: Successfully retrieved categories
2025-03-22 04:16:13,217 INFO [http-nio-8080-exec-9] es.proyecto.app.controller.ProductsController: Successfully fetched all products
2025-03-22 04:16:13,282 INFO [http-nio-8080-exec-2] es.proyecto.app.controller.ProductsController: Successfully fetched all products
2025-03-22 04:16:17,320 INFO [http-nio-8080-exec-1] es.proyecto.app.controller.ProductsController: Product with id 2 retrieved successfully
2025-03-22 04:16:17,331 INFO [http-nio-8080-exec-10] es.proyecto.app.controller.CategoriesController: Successfully retrieved categories
2025-03-22 04:16:17,434 INFO [http-nio-8080-exec-5] es.proyecto.app.controller.ProductsController: Successfully fetched all products
2025-03-22 04:16:21,617 INFO [http-nio-8080-exec-1] es.proyecto.app.controller.CartController: manageCart called with userId: 3 and action: add
2025-03-22 04:16:21,619 INFO [http-nio-8080-exec-1] es.proyecto.app.controller.CartController: Attempting to add product to cart: product_id=2, quantity=1
2025-03-22 04:16:21,621 INFO [http-nio-8080-exec-1] es.proyecto.app.service.CartService: addProductToCart called with userId: 3, productId: 2, quantity: 1
2025-03-22 04:16:21,640 INFO [http-nio-8080-exec-1] es.proyecto.app.service.CartService: New cart item created for userId: 3, productId: 2, quantity: 1
2025-03-22 04:16:21,641 INFO [http-nio-8080-exec-1] es.proyecto.app.service.CartService: Product added to cart for userId: 3, productId: 2
2025-03-22 04:16:21,641 INFO [http-nio-8080-exec-1] es.proyecto.app.controller.CartController: Product added successfully
2025-03-22 04:16:27,914 INFO [http-nio-8080-exec-1] es.proyecto.app.controller.UsersController: Successfully fetched all users
2025-03-22 04:16:27,935 INFO [http-nio-8080-exec-4] es.proyecto.app.controller.CategoriesController: Successfully retrieved categories
2025-03-22 04:16:27,984 INFO [http-nio-8080-exec-5] es.proyecto.app.controller.ProductsController: Product with id 2 retrieved successfully
